{"G:\\jasonproject\\react_GSD\\src\\components\\Button.js": {"path":"G:\\jasonproject\\react_GSD\\src\\components\\Button.js","statementMap":{"0":{"start":{"line":1,"column":42},"end":{"line":1,"column":97}},"1":{"start":{"line":1,"column":98},"end":{"line":1,"column":160}},"2":{"start":{"line":1,"column":160},"end":{"line":1,"column":188}},"3":{"start":{"line":1,"column":201},"end":{"line":1,"column":241}},"4":{"start":{"line":2,"column":33},"end":{"line":2,"column":96}},"5":{"start":{"line":3,"column":19},"end":{"line":3,"column":42}},"6":{"start":{"line":12,"column":14},"end":{"line":12,"column":34}},"7":{"start":{"line":12,"column":54},"end":{"line":12,"column":111}},"8":{"start":{"line":14,"column":19},"end":{"line":14,"column":21}},"9":{"start":{"line":17,"column":16},"end":{"line":17,"column":29}},"10":{"start":{"line":19,"column":2},"end":{"line":27,"column":3}},"11":{"start":{"line":20,"column":4},"end":{"line":24,"column":135}},"12":{"start":{"line":31,"column":2},"end":{"line":135,"column":3}},"13":{"start":{"line":32,"column":24},"end":{"line":45,"column":36}},"14":{"start":{"line":47,"column":20},"end":{"line":62,"column":31}},"15":{"start":{"line":66,"column":4},"end":{"line":73,"column":38}},"16":{"start":{"line":77,"column":20},"end":{"line":77,"column":71}},"17":{"start":{"line":79,"column":4},"end":{"line":81,"column":13}},"18":{"start":{"line":83,"column":4},"end":{"line":87,"column":5}},"19":{"start":{"line":84,"column":6},"end":{"line":86,"column":83}},"20":{"start":{"line":89,"column":4},"end":{"line":91,"column":5}},"21":{"start":{"line":90,"column":6},"end":{"line":90,"column":53}},"22":{"start":{"line":93,"column":4},"end":{"line":132,"column":56}},"23":{"start":{"line":137,"column":2},"end":{"line":149,"column":14}},"24":{"start":{"line":154,"column":13},"end":{"line":154,"column":15}},"25":{"start":{"line":155,"column":19},"end":{"line":155,"column":21}},"26":{"start":{"line":156,"column":19},"end":{"line":156,"column":21}},"27":{"start":{"line":158,"column":13},"end":{"line":220,"column":33}}},"fnMap":{"0":{"name":"RNSButton","decl":{"start":{"line":16,"column":9},"end":{"line":16,"column":18}},"loc":{"start":{"line":16,"column":26},"end":{"line":152,"column":1}},"line":16}},"branchMap":{"0":{"loc":{"start":{"line":19,"column":2},"end":{"line":27,"column":3}},"type":"if","locations":[{"start":{"line":19,"column":2},"end":{"line":27,"column":3}},{"start":{"line":19,"column":2},"end":{"line":27,"column":3}}],"line":19},"1":{"loc":{"start":{"line":24,"column":27},"end":{"line":24,"column":76}},"type":"binary-expr","locations":[{"start":{"line":24,"column":27},"end":{"line":24,"column":42}},{"start":{"line":24,"column":46},"end":{"line":24,"column":76}}],"line":24},"2":{"loc":{"start":{"line":31,"column":2},"end":{"line":135,"column":3}},"type":"if","locations":[{"start":{"line":31,"column":2},"end":{"line":135,"column":3}},{"start":{"line":31,"column":2},"end":{"line":135,"column":3}}],"line":31},"3":{"loc":{"start":{"line":34,"column":4},"end":{"line":34,"column":37}},"type":"binary-expr","locations":[{"start":{"line":34,"column":4},"end":{"line":34,"column":15}},{"start":{"line":34,"column":19},"end":{"line":34,"column":37}}],"line":34},"4":{"loc":{"start":{"line":36,"column":4},"end":{"line":37,"column":43}},"type":"binary-expr","locations":[{"start":{"line":36,"column":4},"end":{"line":36,"column":17}},{"start":{"line":36,"column":21},"end":{"line":37,"column":43}}],"line":36},"5":{"loc":{"start":{"line":39,"column":4},"end":{"line":40,"column":45}},"type":"binary-expr","locations":[{"start":{"line":39,"column":4},"end":{"line":39,"column":19}},{"start":{"line":39,"column":23},"end":{"line":40,"column":45}}],"line":39},"6":{"loc":{"start":{"line":42,"column":4},"end":{"line":43,"column":34}},"type":"binary-expr","locations":[{"start":{"line":42,"column":4},"end":{"line":42,"column":17}},{"start":{"line":42,"column":21},"end":{"line":43,"column":34}}],"line":42},"7":{"loc":{"start":{"line":45,"column":4},"end":{"line":45,"column":35}},"type":"binary-expr","locations":[{"start":{"line":45,"column":4},"end":{"line":45,"column":17}},{"start":{"line":45,"column":21},"end":{"line":45,"column":35}}],"line":45},"8":{"loc":{"start":{"line":49,"column":4},"end":{"line":49,"column":38}},"type":"binary-expr","locations":[{"start":{"line":49,"column":4},"end":{"line":49,"column":15}},{"start":{"line":49,"column":19},"end":{"line":49,"column":38}}],"line":49},"9":{"loc":{"start":{"line":51,"column":4},"end":{"line":51,"column":34}},"type":"binary-expr","locations":[{"start":{"line":51,"column":4},"end":{"line":51,"column":8}},{"start":{"line":51,"column":12},"end":{"line":51,"column":34}}],"line":51},"10":{"loc":{"start":{"line":52,"column":4},"end":{"line":53,"column":37}},"type":"binary-expr","locations":[{"start":{"line":52,"column":4},"end":{"line":52,"column":17}},{"start":{"line":52,"column":21},"end":{"line":53,"column":37}}],"line":52},"11":{"loc":{"start":{"line":55,"column":4},"end":{"line":56,"column":39}},"type":"binary-expr","locations":[{"start":{"line":55,"column":4},"end":{"line":55,"column":19}},{"start":{"line":55,"column":23},"end":{"line":56,"column":39}}],"line":55},"12":{"loc":{"start":{"line":58,"column":4},"end":{"line":59,"column":28}},"type":"binary-expr","locations":[{"start":{"line":58,"column":4},"end":{"line":58,"column":17}},{"start":{"line":58,"column":21},"end":{"line":59,"column":28}}],"line":58},"13":{"loc":{"start":{"line":61,"column":4},"end":{"line":62,"column":30}},"type":"binary-expr","locations":[{"start":{"line":61,"column":4},"end":{"line":61,"column":19}},{"start":{"line":61,"column":23},"end":{"line":62,"column":30}}],"line":61},"14":{"loc":{"start":{"line":68,"column":4},"end":{"line":68,"column":123}},"type":"binary-expr","locations":[{"start":{"line":68,"column":4},"end":{"line":68,"column":8}},{"start":{"line":68,"column":12},"end":{"line":68,"column":123}}],"line":68},"15":{"loc":{"start":{"line":69,"column":4},"end":{"line":69,"column":155}},"type":"binary-expr","locations":[{"start":{"line":69,"column":4},"end":{"line":69,"column":17}},{"start":{"line":69,"column":21},"end":{"line":69,"column":155}}],"line":69},"16":{"loc":{"start":{"line":70,"column":4},"end":{"line":71,"column":136}},"type":"binary-expr","locations":[{"start":{"line":70,"column":4},"end":{"line":70,"column":18}},{"start":{"line":70,"column":22},"end":{"line":70,"column":35}},{"start":{"line":71,"column":4},"end":{"line":71,"column":136}}],"line":70},"17":{"loc":{"start":{"line":73,"column":4},"end":{"line":73,"column":36}},"type":"binary-expr","locations":[{"start":{"line":73,"column":4},"end":{"line":73,"column":18}},{"start":{"line":73,"column":22},"end":{"line":73,"column":36}}],"line":73},"18":{"loc":{"start":{"line":77,"column":20},"end":{"line":77,"column":71}},"type":"binary-expr","locations":[{"start":{"line":77,"column":20},"end":{"line":77,"column":33}},{"start":{"line":77,"column":37},"end":{"line":77,"column":51}},{"start":{"line":77,"column":55},"end":{"line":77,"column":71}}],"line":77},"19":{"loc":{"start":{"line":79,"column":4},"end":{"line":81,"column":13}},"type":"cond-expr","locations":[{"start":{"line":80,"column":4},"end":{"line":80,"column":48}},{"start":{"line":81,"column":4},"end":{"line":81,"column":13}}],"line":79},"20":{"loc":{"start":{"line":79,"column":4},"end":{"line":79,"column":48}},"type":"binary-expr","locations":[{"start":{"line":79,"column":4},"end":{"line":79,"column":25}},{"start":{"line":79,"column":29},"end":{"line":79,"column":48}}],"line":79},"21":{"loc":{"start":{"line":83,"column":4},"end":{"line":87,"column":5}},"type":"if","locations":[{"start":{"line":83,"column":4},"end":{"line":87,"column":5}},{"start":{"line":83,"column":4},"end":{"line":87,"column":5}}],"line":83},"22":{"loc":{"start":{"line":84,"column":22},"end":{"line":86,"column":82}},"type":"cond-expr","locations":[{"start":{"line":85,"column":6},"end":{"line":85,"column":78}},{"start":{"line":86,"column":6},"end":{"line":86,"column":82}}],"line":84},"23":{"loc":{"start":{"line":89,"column":4},"end":{"line":91,"column":5}},"type":"if","locations":[{"start":{"line":89,"column":4},"end":{"line":91,"column":5}},{"start":{"line":89,"column":4},"end":{"line":91,"column":5}}],"line":89},"24":{"loc":{"start":{"line":100,"column":6},"end":{"line":100,"column":39}},"type":"binary-expr","locations":[{"start":{"line":100,"column":6},"end":{"line":100,"column":17}},{"start":{"line":100,"column":21},"end":{"line":100,"column":39}}],"line":100},"25":{"loc":{"start":{"line":102,"column":6},"end":{"line":102,"column":53}},"type":"binary-expr","locations":[{"start":{"line":102,"column":6},"end":{"line":102,"column":19}},{"start":{"line":102,"column":23},"end":{"line":102,"column":53}}],"line":102},"26":{"loc":{"start":{"line":103,"column":6},"end":{"line":103,"column":35}},"type":"binary-expr","locations":[{"start":{"line":103,"column":6},"end":{"line":103,"column":18}},{"start":{"line":103,"column":22},"end":{"line":103,"column":35}}],"line":103},"27":{"loc":{"start":{"line":106,"column":4},"end":{"line":106,"column":124}},"type":"binary-expr","locations":[{"start":{"line":106,"column":4},"end":{"line":106,"column":8}},{"start":{"line":106,"column":12},"end":{"line":106,"column":124}}],"line":106},"28":{"loc":{"start":{"line":107,"column":4},"end":{"line":107,"column":156}},"type":"binary-expr","locations":[{"start":{"line":107,"column":4},"end":{"line":107,"column":17}},{"start":{"line":107,"column":21},"end":{"line":107,"column":156}}],"line":107},"29":{"loc":{"start":{"line":108,"column":4},"end":{"line":129,"column":12}},"type":"binary-expr","locations":[{"start":{"line":108,"column":4},"end":{"line":108,"column":18}},{"start":{"line":108,"column":22},"end":{"line":108,"column":35}},{"start":{"line":109,"column":4},"end":{"line":129,"column":12}}],"line":108},"30":{"loc":{"start":{"line":112,"column":6},"end":{"line":112,"column":40}},"type":"binary-expr","locations":[{"start":{"line":112,"column":6},"end":{"line":112,"column":17}},{"start":{"line":112,"column":21},"end":{"line":112,"column":40}}],"line":112},"31":{"loc":{"start":{"line":113,"column":6},"end":{"line":113,"column":36}},"type":"binary-expr","locations":[{"start":{"line":113,"column":6},"end":{"line":113,"column":10}},{"start":{"line":113,"column":14},"end":{"line":113,"column":36}}],"line":113},"32":{"loc":{"start":{"line":115,"column":6},"end":{"line":116,"column":49}},"type":"binary-expr","locations":[{"start":{"line":115,"column":6},"end":{"line":115,"column":19}},{"start":{"line":115,"column":23},"end":{"line":116,"column":49}}],"line":115},"33":{"loc":{"start":{"line":118,"column":6},"end":{"line":119,"column":51}},"type":"binary-expr","locations":[{"start":{"line":118,"column":6},"end":{"line":118,"column":21}},{"start":{"line":118,"column":25},"end":{"line":119,"column":51}}],"line":118},"34":{"loc":{"start":{"line":121,"column":6},"end":{"line":122,"column":30}},"type":"binary-expr","locations":[{"start":{"line":121,"column":6},"end":{"line":121,"column":19}},{"start":{"line":121,"column":23},"end":{"line":122,"column":30}}],"line":121},"35":{"loc":{"start":{"line":124,"column":6},"end":{"line":125,"column":32}},"type":"binary-expr","locations":[{"start":{"line":124,"column":6},"end":{"line":124,"column":21}},{"start":{"line":124,"column":25},"end":{"line":125,"column":32}}],"line":124},"36":{"loc":{"start":{"line":132,"column":4},"end":{"line":132,"column":54}},"type":"binary-expr","locations":[{"start":{"line":132,"column":4},"end":{"line":132,"column":18}},{"start":{"line":132,"column":22},"end":{"line":132,"column":36}},{"start":{"line":132,"column":40},"end":{"line":132,"column":54}}],"line":132},"37":{"loc":{"start":{"line":144,"column":6},"end":{"line":144,"column":42}},"type":"binary-expr","locations":[{"start":{"line":144,"column":6},"end":{"line":144,"column":17}},{"start":{"line":144,"column":21},"end":{"line":144,"column":42}}],"line":144},"38":{"loc":{"start":{"line":145,"column":6},"end":{"line":145,"column":42}},"type":"binary-expr","locations":[{"start":{"line":145,"column":6},"end":{"line":145,"column":17}},{"start":{"line":145,"column":21},"end":{"line":145,"column":42}}],"line":145}},"s":{"0":0,"1":0,"2":0,"3":0,"4":0,"5":0,"6":0,"7":0,"8":0,"9":0,"10":0,"11":0,"12":0,"13":0,"14":0,"15":0,"16":0,"17":0,"18":0,"19":0,"20":0,"21":0,"22":0,"23":0,"24":0,"25":0,"26":0,"27":0},"f":{"0":0},"b":{"0":[0,0],"1":[0,0],"2":[0,0],"3":[0,0],"4":[0,0],"5":[0,0],"6":[0,0],"7":[0,0],"8":[0,0],"9":[0,0],"10":[0,0],"11":[0,0],"12":[0,0],"13":[0,0],"14":[0,0],"15":[0,0],"16":[0,0,0],"17":[0,0],"18":[0,0,0],"19":[0,0],"20":[0,0],"21":[0,0],"22":[0,0],"23":[0,0],"24":[0,0],"25":[0,0],"26":[0,0],"27":[0,0],"28":[0,0],"29":[0,0,0],"30":[0,0],"31":[0,0],"32":[0,0],"33":[0,0],"34":[0,0],"35":[0,0],"36":[0,0,0],"37":[0,0],"38":[0,0]},"hash":"239652e878f85c73e827f02d6999d81a584206c2"}
,"G:\\jasonproject\\react_GSD\\src\\components\\Dropdown.js": {"path":"G:\\jasonproject\\react_GSD\\src\\components\\Dropdown.js","statementMap":{"0":{"start":{"line":1,"column":42},"end":{"line":1,"column":97}},"1":{"start":{"line":1,"column":98},"end":{"line":1,"column":160}},"2":{"start":{"line":1,"column":160},"end":{"line":1,"column":185}},"3":{"start":{"line":1,"column":208},"end":{"line":1,"column":280}},"4":{"start":{"line":1,"column":301},"end":{"line":1,"column":370}},"5":{"start":{"line":1,"column":405},"end":{"line":1,"column":488}},"6":{"start":{"line":1,"column":512},"end":{"line":1,"column":584}},"7":{"start":{"line":1,"column":602},"end":{"line":1,"column":668}},"8":{"start":{"line":1,"column":682},"end":{"line":1,"column":722}},"9":{"start":{"line":2,"column":32},"end":{"line":2,"column":94}},"10":{"start":{"line":3,"column":19},"end":{"line":3,"column":91}},"11":{"start":{"line":5,"column":19},"end":{"line":5,"column":42}},"12":{"start":{"line":7,"column":14},"end":{"line":7,"column":34}},"13":{"start":{"line":7,"column":54},"end":{"line":7,"column":113}},"14":{"start":{"line":9,"column":14},"end":{"line":82,"column":56}},"15":{"start":{"line":9,"column":43},"end":{"line":9,"column":98}},"16":{"start":{"line":9,"column":153},"end":{"line":9,"column":202}},"17":{"start":{"line":9,"column":202},"end":{"line":9,"column":322}},"18":{"start":{"line":9,"column":218},"end":{"line":9,"column":234}},"19":{"start":{"line":9,"column":243},"end":{"line":9,"column":258}},"20":{"start":{"line":9,"column":267},"end":{"line":9,"column":268}},"21":{"start":{"line":9,"column":292},"end":{"line":9,"column":321}},"22":{"start":{"line":9,"column":322},"end":{"line":9,"column":492}},"23":{"start":{"line":9,"column":492},"end":{"line":18,"column":24}},"24":{"start":{"line":18,"column":24},"end":{"line":23,"column":6}},"25":{"start":{"line":22,"column":6},"end":{"line":22,"column":41}},"26":{"start":{"line":23,"column":6},"end":{"line":27,"column":6}},"27":{"start":{"line":26,"column":6},"end":{"line":26,"column":42}},"28":{"start":{"line":27,"column":6},"end":{"line":27,"column":19}},"29":{"start":{"line":27,"column":20},"end":{"line":82,"column":10}},"30":{"start":{"line":38,"column":6},"end":{"line":38,"column":16}},"31":{"start":{"line":38,"column":25},"end":{"line":38,"column":42}},"32":{"start":{"line":38,"column":51},"end":{"line":38,"column":68}},"33":{"start":{"line":38,"column":80},"end":{"line":38,"column":100}},"34":{"start":{"line":38,"column":109},"end":{"line":38,"column":126}},"35":{"start":{"line":38,"column":141},"end":{"line":38,"column":164}},"36":{"start":{"line":38,"column":181},"end":{"line":38,"column":206}},"37":{"start":{"line":38,"column":221},"end":{"line":38,"column":244}},"38":{"start":{"line":39,"column":6},"end":{"line":77,"column":89}},"39":{"start":{"line":55,"column":12},"end":{"line":55,"column":28}},"40":{"start":{"line":57,"column":12},"end":{"line":57,"column":29}},"41":{"start":{"line":58,"column":12},"end":{"line":58,"column":26}},"42":{"start":{"line":60,"column":47},"end":{"line":62,"column":153}},"43":{"start":{"line":82,"column":10},"end":{"line":82,"column":29}},"44":{"start":{"line":82,"column":57},"end":{"line":82,"column":207}},"45":{"start":{"line":85,"column":13},"end":{"line":97,"column":22}},"46":{"start":{"line":101,"column":0},"end":{"line":101,"column":11}},"47":{"start":{"line":101,"column":12},"end":{"line":101,"column":39}}},"fnMap":{"0":{"name":"(anonymous_0)","decl":{"start":{"line":9,"column":14},"end":{"line":9,"column":15}},"loc":{"start":{"line":9,"column":42},"end":{"line":82,"column":30}},"line":9},"1":{"name":"RNSDropDown","decl":{"start":{"line":9,"column":107},"end":{"line":9,"column":118}},"loc":{"start":{"line":9,"column":121},"end":{"line":27,"column":20}},"line":9},"2":{"name":"(anonymous_2)","decl":{"start":{"line":21,"column":17},"end":{"line":21,"column":18}},"loc":{"start":{"line":21,"column":29},"end":{"line":23,"column":5}},"line":21},"3":{"name":"(anonymous_3)","decl":{"start":{"line":25,"column":18},"end":{"line":25,"column":19}},"loc":{"start":{"line":25,"column":30},"end":{"line":27,"column":5}},"line":25},"4":{"name":"render","decl":{"start":{"line":27,"column":94},"end":{"line":27,"column":100}},"loc":{"start":{"line":29,"column":4},"end":{"line":82,"column":5}},"line":29},"5":{"name":"adjustFrame","decl":{"start":{"line":53,"column":32},"end":{"line":53,"column":43}},"loc":{"start":{"line":53,"column":52},"end":{"line":59,"column":11}},"line":53},"6":{"name":"renderRow","decl":{"start":{"line":60,"column":30},"end":{"line":60,"column":39}},"loc":{"start":{"line":60,"column":46},"end":{"line":62,"column":154}},"line":60}},"branchMap":{"0":{"loc":{"start":{"line":67,"column":84},"end":{"line":67,"column":98}},"type":"binary-expr","locations":[{"start":{"line":67,"column":84},"end":{"line":67,"column":89}},{"start":{"line":67,"column":93},"end":{"line":67,"column":98}}],"line":67},"1":{"loc":{"start":{"line":69,"column":8},"end":{"line":71,"column":19}},"type":"cond-expr","locations":[{"start":{"line":70,"column":8},"end":{"line":70,"column":28}},{"start":{"line":71,"column":8},"end":{"line":71,"column":19}}],"line":69},"2":{"loc":{"start":{"line":69,"column":8},"end":{"line":69,"column":50}},"type":"binary-expr","locations":[{"start":{"line":69,"column":8},"end":{"line":69,"column":26}},{"start":{"line":69,"column":30},"end":{"line":69,"column":50}}],"line":69},"3":{"loc":{"start":{"line":74,"column":16},"end":{"line":74,"column":63}},"type":"cond-expr","locations":[{"start":{"line":74,"column":38},"end":{"line":74,"column":48}},{"start":{"line":74,"column":51},"end":{"line":74,"column":63}}],"line":74}},"s":{"0":0,"1":0,"2":0,"3":0,"4":0,"5":0,"6":0,"7":0,"8":0,"9":0,"10":0,"11":0,"12":0,"13":0,"14":0,"15":0,"16":0,"17":0,"18":0,"19":0,"20":0,"21":0,"22":0,"23":0,"24":0,"25":0,"26":0,"27":0,"28":0,"29":0,"30":0,"31":0,"32":0,"33":0,"34":0,"35":0,"36":0,"37":0,"38":0,"39":0,"40":0,"41":0,"42":0,"43":0,"44":0,"45":0,"46":0,"47":0},"f":{"0":0,"1":0,"2":0,"3":0,"4":0,"5":0,"6":0},"b":{"0":[0,0],"1":[0,0],"2":[0,0],"3":[0,0]},"hash":"d124ce8a4550b9334e53ccefaf5c7d0903fc718f"}
,"G:\\jasonproject\\react_GSD\\src\\components\\GridRow.js": {"path":"G:\\jasonproject\\react_GSD\\src\\components\\GridRow.js","statementMap":{"0":{"start":{"line":1,"column":42},"end":{"line":1,"column":97}},"1":{"start":{"line":1,"column":128},"end":{"line":1,"column":184}},"2":{"start":{"line":1,"column":185},"end":{"line":1,"column":247}},"3":{"start":{"line":1,"column":247},"end":{"line":1,"column":272}},"4":{"start":{"line":1,"column":288},"end":{"line":1,"column":353}},"5":{"start":{"line":1,"column":377},"end":{"line":1,"column":449}},"6":{"start":{"line":1,"column":470},"end":{"line":1,"column":539}},"7":{"start":{"line":1,"column":574},"end":{"line":1,"column":657}},"8":{"start":{"line":1,"column":681},"end":{"line":1,"column":753}},"9":{"start":{"line":1,"column":771},"end":{"line":1,"column":837}},"10":{"start":{"line":1,"column":851},"end":{"line":1,"column":892}},"11":{"start":{"line":2,"column":19},"end":{"line":2,"column":42}},"12":{"start":{"line":3,"column":14},"end":{"line":3,"column":55}},"13":{"start":{"line":3,"column":75},"end":{"line":3,"column":133}},"14":{"start":{"line":14,"column":2},"end":{"line":14,"column":201}},"15":{"start":{"line":14,"column":56},"end":{"line":14,"column":198}},"16":{"start":{"line":19,"column":10},"end":{"line":30,"column":52}},"17":{"start":{"line":19,"column":39},"end":{"line":19,"column":90}},"18":{"start":{"line":19,"column":110},"end":{"line":19,"column":155}},"19":{"start":{"line":19,"column":155},"end":{"line":19,"column":272}},"20":{"start":{"line":19,"column":273},"end":{"line":30,"column":10}},"21":{"start":{"line":21,"column":6},"end":{"line":21,"column":16}},"22":{"start":{"line":21,"column":28},"end":{"line":21,"column":48}},"23":{"start":{"line":21,"column":59},"end":{"line":21,"column":78}},"24":{"start":{"line":22,"column":33},"end":{"line":22,"column":74}},"25":{"start":{"line":24,"column":6},"end":{"line":27,"column":55}},"26":{"start":{"line":30,"column":10},"end":{"line":30,"column":25}},"27":{"start":{"line":49,"column":0},"end":{"line":70,"column":2}},"28":{"start":{"line":49,"column":68},"end":{"line":49,"column":163}},"29":{"start":{"line":50,"column":20},"end":{"line":66,"column":34}},"30":{"start":{"line":53,"column":21},"end":{"line":53,"column":54}},"31":{"start":{"line":54,"column":22},"end":{"line":54,"column":44}},"32":{"start":{"line":56,"column":4},"end":{"line":60,"column":5}},"33":{"start":{"line":57,"column":6},"end":{"line":57,"column":22}},"34":{"start":{"line":58,"column":6},"end":{"line":58,"column":32}},"35":{"start":{"line":59,"column":6},"end":{"line":59,"column":35}},"36":{"start":{"line":62,"column":4},"end":{"line":62,"column":41}},"37":{"start":{"line":63,"column":4},"end":{"line":63,"column":29}},"38":{"start":{"line":64,"column":4},"end":{"line":64,"column":18}},"39":{"start":{"line":69,"column":2},"end":{"line":69,"column":26}},"40":{"start":{"line":72,"column":0},"end":{"line":72,"column":7}},"41":{"start":{"line":72,"column":8},"end":{"line":72,"column":35}}},"fnMap":{"0":{"name":"renderPlaceholderViews","decl":{"start":{"line":13,"column":9},"end":{"line":13,"column":31}},"loc":{"start":{"line":13,"column":39},"end":{"line":15,"column":1}},"line":13},"1":{"name":"(anonymous_1)","decl":{"start":{"line":14,"column":38},"end":{"line":14,"column":39}},"loc":{"start":{"line":14,"column":55},"end":{"line":14,"column":199}},"line":14},"2":{"name":"(anonymous_2)","decl":{"start":{"line":19,"column":10},"end":{"line":19,"column":11}},"loc":{"start":{"line":19,"column":38},"end":{"line":30,"column":26}},"line":19},"3":{"name":"GridRow","decl":{"start":{"line":19,"column":99},"end":{"line":19,"column":106}},"loc":{"start":{"line":19,"column":109},"end":{"line":19,"column":273}},"line":19},"4":{"name":"render","decl":{"start":{"line":19,"column":343},"end":{"line":19,"column":349}},"loc":{"start":{"line":20,"column":4},"end":{"line":30,"column":5}},"line":20},"5":{"name":"(anonymous_5)","decl":{"start":{"line":49,"column":22},"end":{"line":49,"column":23}},"loc":{"start":{"line":49,"column":47},"end":{"line":70,"column":1}},"line":49},"6":{"name":"(anonymous_6)","decl":{"start":{"line":52,"column":2},"end":{"line":52,"column":3}},"loc":{"start":{"line":52,"column":29},"end":{"line":65,"column":3}},"line":52}},"branchMap":{"0":{"loc":{"start":{"line":49,"column":68},"end":{"line":49,"column":163}},"type":"cond-expr","locations":[{"start":{"line":49,"column":121},"end":{"line":49,"column":133}},{"start":{"line":49,"column":136},"end":{"line":49,"column":163}}],"line":49},"1":{"loc":{"start":{"line":49,"column":68},"end":{"line":49,"column":118}},"type":"binary-expr","locations":[{"start":{"line":49,"column":68},"end":{"line":49,"column":88}},{"start":{"line":49,"column":92},"end":{"line":49,"column":118}}],"line":49},"2":{"loc":{"start":{"line":56,"column":4},"end":{"line":60,"column":5}},"type":"if","locations":[{"start":{"line":56,"column":4},"end":{"line":60,"column":5}},{"start":{"line":56,"column":4},"end":{"line":60,"column":5}}],"line":56},"3":{"loc":{"start":{"line":56,"column":8},"end":{"line":56,"column":68}},"type":"binary-expr","locations":[{"start":{"line":56,"column":8},"end":{"line":56,"column":19}},{"start":{"line":56,"column":23},"end":{"line":56,"column":68}}],"line":56}},"s":{"0":0,"1":0,"2":0,"3":0,"4":0,"5":0,"6":0,"7":0,"8":0,"9":0,"10":0,"11":0,"12":0,"13":0,"14":0,"15":0,"16":0,"17":0,"18":0,"19":0,"20":0,"21":0,"22":0,"23":0,"24":0,"25":0,"26":0,"27":0,"28":0,"29":0,"30":0,"31":0,"32":0,"33":0,"34":0,"35":0,"36":0,"37":0,"38":0,"39":0,"40":0,"41":0},"f":{"0":0,"1":0,"2":0,"3":0,"4":0,"5":0,"6":0},"b":{"0":[0,0],"1":[0,0],"2":[0,0],"3":[0,0]},"hash":"deb719074c0e0e556f558c22cea25397f1b51a1c"}
,"G:\\jasonproject\\react_GSD\\src\\components\\Icon.js": {"path":"G:\\jasonproject\\react_GSD\\src\\components\\Icon.js","statementMap":{"0":{"start":{"line":1,"column":42},"end":{"line":1,"column":97}},"1":{"start":{"line":1,"column":98},"end":{"line":1,"column":160}},"2":{"start":{"line":1,"column":160},"end":{"line":1,"column":185}},"3":{"start":{"line":1,"column":208},"end":{"line":1,"column":280}},"4":{"start":{"line":1,"column":294},"end":{"line":1,"column":334}},"5":{"start":{"line":2,"column":17},"end":{"line":2,"column":62}},"6":{"start":{"line":3,"column":19},"end":{"line":3,"column":42}},"7":{"start":{"line":12,"column":17},"end":{"line":12,"column":87}},"8":{"start":{"line":13,"column":30},"end":{"line":13,"column":113}},"9":{"start":{"line":14,"column":21},"end":{"line":14,"column":95}},"10":{"start":{"line":15,"column":19},"end":{"line":15,"column":92}},"11":{"start":{"line":16,"column":16},"end":{"line":16,"column":85}},"12":{"start":{"line":17,"column":20},"end":{"line":17,"column":92}},"13":{"start":{"line":17,"column":112},"end":{"line":17,"column":167}},"14":{"start":{"line":17,"column":221},"end":{"line":17,"column":240}},"15":{"start":{"line":17,"column":241},"end":{"line":17,"column":486}},"16":{"start":{"line":17,"column":290},"end":{"line":17,"column":326}},"17":{"start":{"line":17,"column":327},"end":{"line":17,"column":454}},"18":{"start":{"line":17,"column":347},"end":{"line":17,"column":454}},"19":{"start":{"line":17,"column":388},"end":{"line":17,"column":451}},"20":{"start":{"line":17,"column":454},"end":{"line":17,"column":485}},"21":{"start":{"line":17,"column":486},"end":{"line":17,"column":498}},"22":{"start":{"line":17,"column":531},"end":{"line":17,"column":1000}},"23":{"start":{"line":17,"column":544},"end":{"line":17,"column":545}},"24":{"start":{"line":17,"column":588},"end":{"line":17,"column":628}},"25":{"start":{"line":17,"column":629},"end":{"line":17,"column":999}},"26":{"start":{"line":17,"column":641},"end":{"line":17,"column":746}},"27":{"start":{"line":17,"column":687},"end":{"line":17,"column":743}},"28":{"start":{"line":17,"column":753},"end":{"line":17,"column":999}},"29":{"start":{"line":17,"column":792},"end":{"line":17,"column":866}},"30":{"start":{"line":17,"column":874},"end":{"line":17,"column":998}},"31":{"start":{"line":17,"column":914},"end":{"line":17,"column":995}},"32":{"start":{"line":17,"column":1000},"end":{"line":17,"column":1014}},"33":{"start":{"line":19,"column":11},"end":{"line":42,"column":1}},"34":{"start":{"line":19,"column":45},"end":{"line":19,"column":56}},"35":{"start":{"line":19,"column":64},"end":{"line":19,"column":73}},"36":{"start":{"line":19,"column":81},"end":{"line":19,"column":90}},"37":{"start":{"line":19,"column":99},"end":{"line":19,"column":109}},"38":{"start":{"line":19,"column":118},"end":{"line":19,"column":128}},"39":{"start":{"line":20,"column":13},"end":{"line":20,"column":17}},"40":{"start":{"line":21,"column":2},"end":{"line":39,"column":13}},"41":{"start":{"line":23,"column":6},"end":{"line":23,"column":172}},"42":{"start":{"line":24,"column":6},"end":{"line":24,"column":12}},"43":{"start":{"line":26,"column":6},"end":{"line":26,"column":223}},"44":{"start":{"line":27,"column":6},"end":{"line":27,"column":12}},"45":{"start":{"line":29,"column":6},"end":{"line":29,"column":214}},"46":{"start":{"line":30,"column":6},"end":{"line":30,"column":12}},"47":{"start":{"line":32,"column":6},"end":{"line":32,"column":174}},"48":{"start":{"line":33,"column":6},"end":{"line":33,"column":12}},"49":{"start":{"line":35,"column":6},"end":{"line":35,"column":171}},"50":{"start":{"line":36,"column":6},"end":{"line":36,"column":12}},"51":{"start":{"line":38,"column":6},"end":{"line":38,"column":175}},"52":{"start":{"line":39,"column":6},"end":{"line":39,"column":12}},"53":{"start":{"line":41,"column":2},"end":{"line":41,"column":14}},"54":{"start":{"line":44,"column":0},"end":{"line":49,"column":37}},"55":{"start":{"line":51,"column":0},"end":{"line":56,"column":14}},"56":{"start":{"line":58,"column":0},"end":{"line":58,"column":4}},"57":{"start":{"line":58,"column":5},"end":{"line":58,"column":32}}},"fnMap":{"0":{"name":"ownKeys","decl":{"start":{"line":17,"column":177},"end":{"line":17,"column":184}},"loc":{"start":{"line":17,"column":209},"end":{"line":17,"column":499}},"line":17},"1":{"name":"(anonymous_1)","decl":{"start":{"line":17,"column":372},"end":{"line":17,"column":373}},"loc":{"start":{"line":17,"column":387},"end":{"line":17,"column":452}},"line":17},"2":{"name":"_objectSpread","decl":{"start":{"line":17,"column":508},"end":{"line":17,"column":521}},"loc":{"start":{"line":17,"column":530},"end":{"line":17,"column":1015}},"line":17},"3":{"name":"(anonymous_3)","decl":{"start":{"line":17,"column":671},"end":{"line":17,"column":672}},"loc":{"start":{"line":17,"column":686},"end":{"line":17,"column":744}},"line":17},"4":{"name":"(anonymous_4)","decl":{"start":{"line":17,"column":898},"end":{"line":17,"column":899}},"loc":{"start":{"line":17,"column":913},"end":{"line":17,"column":996}},"line":17},"5":{"name":"Icon","decl":{"start":{"line":19,"column":20},"end":{"line":19,"column":24}},"loc":{"start":{"line":19,"column":31},"end":{"line":42,"column":1}},"line":19}},"branchMap":{"0":{"loc":{"start":{"line":17,"column":241},"end":{"line":17,"column":486}},"type":"if","locations":[{"start":{"line":17,"column":241},"end":{"line":17,"column":486}},{"start":{"line":17,"column":241},"end":{"line":17,"column":486}}],"line":17},"1":{"loc":{"start":{"line":17,"column":327},"end":{"line":17,"column":454}},"type":"if","locations":[{"start":{"line":17,"column":327},"end":{"line":17,"column":454}},{"start":{"line":17,"column":327},"end":{"line":17,"column":454}}],"line":17},"2":{"loc":{"start":{"line":17,"column":588},"end":{"line":17,"column":628}},"type":"cond-expr","locations":[{"start":{"line":17,"column":611},"end":{"line":17,"column":623}},{"start":{"line":17,"column":626},"end":{"line":17,"column":628}}],"line":17},"3":{"loc":{"start":{"line":17,"column":629},"end":{"line":17,"column":999}},"type":"if","locations":[{"start":{"line":17,"column":629},"end":{"line":17,"column":999}},{"start":{"line":17,"column":629},"end":{"line":17,"column":999}}],"line":17},"4":{"loc":{"start":{"line":17,"column":753},"end":{"line":17,"column":999}},"type":"if","locations":[{"start":{"line":17,"column":753},"end":{"line":17,"column":999}},{"start":{"line":17,"column":753},"end":{"line":17,"column":999}}],"line":17},"5":{"loc":{"start":{"line":21,"column":2},"end":{"line":39,"column":13}},"type":"switch","locations":[{"start":{"line":22,"column":4},"end":{"line":24,"column":12}},{"start":{"line":25,"column":4},"end":{"line":27,"column":12}},{"start":{"line":28,"column":4},"end":{"line":30,"column":12}},{"start":{"line":31,"column":4},"end":{"line":33,"column":12}},{"start":{"line":34,"column":4},"end":{"line":36,"column":12}},{"start":{"line":37,"column":4},"end":{"line":39,"column":12}}],"line":21}},"s":{"0":0,"1":0,"2":0,"3":0,"4":0,"5":0,"6":0,"7":0,"8":0,"9":0,"10":0,"11":0,"12":0,"13":0,"14":0,"15":0,"16":0,"17":0,"18":0,"19":0,"20":0,"21":0,"22":0,"23":0,"24":0,"25":0,"26":0,"27":0,"28":0,"29":0,"30":0,"31":0,"32":0,"33":0,"34":0,"35":0,"36":0,"37":0,"38":0,"39":0,"40":0,"41":0,"42":0,"43":0,"44":0,"45":0,"46":0,"47":0,"48":0,"49":0,"50":0,"51":0,"52":0,"53":0,"54":0,"55":0,"56":0,"57":0},"f":{"0":0,"1":0,"2":0,"3":0,"4":0,"5":0},"b":{"0":[0,0],"1":[0,0],"2":[0,0],"3":[0,0],"4":[0,0],"5":[0,0,0,0,0,0]},"hash":"e0836d97b8c8cb0db22b81e01881574e77ebbf94"}
,"G:\\jasonproject\\react_GSD\\src\\components\\ImageContent.js": {"path":"G:\\jasonproject\\react_GSD\\src\\components\\ImageContent.js","statementMap":{"0":{"start":{"line":1,"column":42},"end":{"line":1,"column":97}},"1":{"start":{"line":1,"column":98},"end":{"line":1,"column":160}},"2":{"start":{"line":1,"column":160},"end":{"line":1,"column":185}},"3":{"start":{"line":1,"column":208},"end":{"line":1,"column":280}},"4":{"start":{"line":1,"column":294},"end":{"line":1,"column":334}},"5":{"start":{"line":2,"column":17},"end":{"line":2,"column":62}},"6":{"start":{"line":3,"column":19},"end":{"line":3,"column":42}},"7":{"start":{"line":4,"column":18},"end":{"line":4,"column":40}},"8":{"start":{"line":4,"column":60},"end":{"line":4,"column":123}},"9":{"start":{"line":4,"column":177},"end":{"line":4,"column":196}},"10":{"start":{"line":4,"column":197},"end":{"line":4,"column":442}},"11":{"start":{"line":4,"column":246},"end":{"line":4,"column":282}},"12":{"start":{"line":4,"column":283},"end":{"line":4,"column":410}},"13":{"start":{"line":4,"column":303},"end":{"line":4,"column":410}},"14":{"start":{"line":4,"column":344},"end":{"line":4,"column":407}},"15":{"start":{"line":4,"column":410},"end":{"line":4,"column":441}},"16":{"start":{"line":4,"column":442},"end":{"line":4,"column":454}},"17":{"start":{"line":4,"column":487},"end":{"line":4,"column":956}},"18":{"start":{"line":4,"column":500},"end":{"line":4,"column":501}},"19":{"start":{"line":4,"column":544},"end":{"line":4,"column":584}},"20":{"start":{"line":4,"column":585},"end":{"line":4,"column":955}},"21":{"start":{"line":4,"column":597},"end":{"line":4,"column":702}},"22":{"start":{"line":4,"column":643},"end":{"line":4,"column":699}},"23":{"start":{"line":4,"column":709},"end":{"line":4,"column":955}},"24":{"start":{"line":4,"column":748},"end":{"line":4,"column":822}},"25":{"start":{"line":4,"column":830},"end":{"line":4,"column":954}},"26":{"start":{"line":4,"column":870},"end":{"line":4,"column":951}},"27":{"start":{"line":4,"column":956},"end":{"line":4,"column":970}},"28":{"start":{"line":5,"column":13},"end":{"line":7,"column":16}},"29":{"start":{"line":10,"column":19},"end":{"line":20,"column":1}},"30":{"start":{"line":10,"column":63},"end":{"line":10,"column":76}},"31":{"start":{"line":10,"column":85},"end":{"line":10,"column":95}},"32":{"start":{"line":11,"column":2},"end":{"line":17,"column":15}},"33":{"start":{"line":22,"column":0},"end":{"line":24,"column":37}},"34":{"start":{"line":26,"column":0},"end":{"line":27,"column":14}},"35":{"start":{"line":29,"column":0},"end":{"line":29,"column":12}},"36":{"start":{"line":29,"column":13},"end":{"line":29,"column":40}}},"fnMap":{"0":{"name":"ownKeys","decl":{"start":{"line":4,"column":133},"end":{"line":4,"column":140}},"loc":{"start":{"line":4,"column":165},"end":{"line":4,"column":455}},"line":4},"1":{"name":"(anonymous_1)","decl":{"start":{"line":4,"column":328},"end":{"line":4,"column":329}},"loc":{"start":{"line":4,"column":343},"end":{"line":4,"column":408}},"line":4},"2":{"name":"_objectSpread","decl":{"start":{"line":4,"column":464},"end":{"line":4,"column":477}},"loc":{"start":{"line":4,"column":486},"end":{"line":4,"column":971}},"line":4},"3":{"name":"(anonymous_3)","decl":{"start":{"line":4,"column":627},"end":{"line":4,"column":628}},"loc":{"start":{"line":4,"column":642},"end":{"line":4,"column":700}},"line":4},"4":{"name":"(anonymous_4)","decl":{"start":{"line":4,"column":854},"end":{"line":4,"column":855}},"loc":{"start":{"line":4,"column":869},"end":{"line":4,"column":952}},"line":4},"5":{"name":"ImageContent","decl":{"start":{"line":10,"column":28},"end":{"line":10,"column":40}},"loc":{"start":{"line":10,"column":47},"end":{"line":20,"column":1}},"line":10}},"branchMap":{"0":{"loc":{"start":{"line":4,"column":197},"end":{"line":4,"column":442}},"type":"if","locations":[{"start":{"line":4,"column":197},"end":{"line":4,"column":442}},{"start":{"line":4,"column":197},"end":{"line":4,"column":442}}],"line":4},"1":{"loc":{"start":{"line":4,"column":283},"end":{"line":4,"column":410}},"type":"if","locations":[{"start":{"line":4,"column":283},"end":{"line":4,"column":410}},{"start":{"line":4,"column":283},"end":{"line":4,"column":410}}],"line":4},"2":{"loc":{"start":{"line":4,"column":544},"end":{"line":4,"column":584}},"type":"cond-expr","locations":[{"start":{"line":4,"column":567},"end":{"line":4,"column":579}},{"start":{"line":4,"column":582},"end":{"line":4,"column":584}}],"line":4},"3":{"loc":{"start":{"line":4,"column":585},"end":{"line":4,"column":955}},"type":"if","locations":[{"start":{"line":4,"column":585},"end":{"line":4,"column":955}},{"start":{"line":4,"column":585},"end":{"line":4,"column":955}}],"line":4},"4":{"loc":{"start":{"line":4,"column":709},"end":{"line":4,"column":955}},"type":"if","locations":[{"start":{"line":4,"column":709},"end":{"line":4,"column":955}},{"start":{"line":4,"column":709},"end":{"line":4,"column":955}}],"line":4}},"s":{"0":0,"1":0,"2":0,"3":0,"4":0,"5":0,"6":0,"7":0,"8":0,"9":0,"10":0,"11":0,"12":0,"13":0,"14":0,"15":0,"16":0,"17":0,"18":0,"19":0,"20":0,"21":0,"22":0,"23":0,"24":0,"25":0,"26":0,"27":0,"28":0,"29":0,"30":0,"31":0,"32":0,"33":0,"34":0,"35":0,"36":0},"f":{"0":0,"1":0,"2":0,"3":0,"4":0,"5":0},"b":{"0":[0,0],"1":[0,0],"2":[0,0],"3":[0,0],"4":[0,0]},"hash":"78840edb765b423506bf45e936e2c31dec69cce0"}
,"G:\\jasonproject\\react_GSD\\src\\components\\ImageModal.js": {"path":"G:\\jasonproject\\react_GSD\\src\\components\\ImageModal.js","statementMap":{"0":{"start":{"line":1,"column":42},"end":{"line":1,"column":97}},"1":{"start":{"line":1,"column":98},"end":{"line":1,"column":160}},"2":{"start":{"line":1,"column":160},"end":{"line":1,"column":185}},"3":{"start":{"line":1,"column":198},"end":{"line":1,"column":238}},"4":{"start":{"line":2,"column":17},"end":{"line":2,"column":62}},"5":{"start":{"line":3,"column":19},"end":{"line":3,"column":42}},"6":{"start":{"line":4,"column":28},"end":{"line":4,"column":86}},"7":{"start":{"line":4,"column":106},"end":{"line":4,"column":167}},"8":{"start":{"line":6,"column":17},"end":{"line":15,"column":1}},"9":{"start":{"line":6,"column":57},"end":{"line":6,"column":68}},"10":{"start":{"line":6,"column":90},"end":{"line":6,"column":113}},"11":{"start":{"line":6,"column":127},"end":{"line":6,"column":142}},"12":{"start":{"line":6,"column":156},"end":{"line":6,"column":171}},"13":{"start":{"line":7,"column":2},"end":{"line":12,"column":83}},"14":{"start":{"line":17,"column":0},"end":{"line":23,"column":42}},"15":{"start":{"line":25,"column":0},"end":{"line":27,"column":18}},"16":{"start":{"line":29,"column":0},"end":{"line":29,"column":10}},"17":{"start":{"line":29,"column":11},"end":{"line":29,"column":38}}},"fnMap":{"0":{"name":"ImageModal","decl":{"start":{"line":6,"column":26},"end":{"line":6,"column":36}},"loc":{"start":{"line":6,"column":43},"end":{"line":15,"column":1}},"line":6}},"branchMap":{},"s":{"0":0,"1":0,"2":0,"3":0,"4":0,"5":0,"6":0,"7":0,"8":0,"9":0,"10":0,"11":0,"12":0,"13":0,"14":0,"15":0,"16":0,"17":0},"f":{"0":0},"b":{},"hash":"67b807bbc310887b83027765a92fafe87466d64f"}
,"G:\\jasonproject\\react_GSD\\src\\components\\RadioGroup.js": {"path":"G:\\jasonproject\\react_GSD\\src\\components\\RadioGroup.js","statementMap":{"0":{"start":{"line":1,"column":42},"end":{"line":1,"column":97}},"1":{"start":{"line":1,"column":98},"end":{"line":1,"column":160}},"2":{"start":{"line":1,"column":160},"end":{"line":1,"column":192}},"3":{"start":{"line":1,"column":205},"end":{"line":1,"column":245}},"4":{"start":{"line":3,"column":19},"end":{"line":3,"column":42}},"5":{"start":{"line":5,"column":14},"end":{"line":5,"column":34}},"6":{"start":{"line":5,"column":54},"end":{"line":5,"column":115}},"7":{"start":{"line":14,"column":13},"end":{"line":14,"column":23}},"8":{"start":{"line":14,"column":40},"end":{"line":14,"column":58}},"9":{"start":{"line":14,"column":70},"end":{"line":14,"column":83}},"10":{"start":{"line":14,"column":92},"end":{"line":14,"column":102}},"11":{"start":{"line":14,"column":115},"end":{"line":14,"column":129}},"12":{"start":{"line":14,"column":142},"end":{"line":14,"column":156}},"13":{"start":{"line":15,"column":2},"end":{"line":74,"column":9}},"14":{"start":{"line":28,"column":21},"end":{"line":28,"column":26}},"15":{"start":{"line":29,"column":6},"end":{"line":30,"column":22}},"16":{"start":{"line":30,"column":6},"end":{"line":30,"column":22}},"17":{"start":{"line":32,"column":24},"end":{"line":32,"column":41}},"18":{"start":{"line":33,"column":6},"end":{"line":36,"column":53}},"19":{"start":{"line":34,"column":6},"end":{"line":36,"column":53}},"20":{"start":{"line":39,"column":28},"end":{"line":39,"column":45}},"21":{"start":{"line":40,"column":6},"end":{"line":40,"column":66}},"22":{"start":{"line":40,"column":21},"end":{"line":40,"column":66}},"23":{"start":{"line":42,"column":6},"end":{"line":68,"column":94}},"24":{"start":{"line":44,"column":39},"end":{"line":44,"column":62}},"25":{"start":{"line":79,"column":13},"end":{"line":117,"column":37}}},"fnMap":{"0":{"name":"RNSRadioGroup","decl":{"start":{"line":7,"column":9},"end":{"line":7,"column":22}},"loc":{"start":{"line":14,"column":0},"end":{"line":77,"column":1}},"line":14},"1":{"name":"(anonymous_1)","decl":{"start":{"line":27,"column":14},"end":{"line":27,"column":15}},"loc":{"start":{"line":27,"column":37},"end":{"line":74,"column":5}},"line":27},"2":{"name":"onPress","decl":{"start":{"line":44,"column":28},"end":{"line":44,"column":35}},"loc":{"start":{"line":44,"column":38},"end":{"line":44,"column":63}},"line":44}},"branchMap":{"0":{"loc":{"start":{"line":19,"column":6},"end":{"line":19,"column":35}},"type":"binary-expr","locations":[{"start":{"line":19,"column":6},"end":{"line":19,"column":15}},{"start":{"line":19,"column":19},"end":{"line":19,"column":35}}],"line":19},"1":{"loc":{"start":{"line":20,"column":6},"end":{"line":20,"column":20}},"type":"binary-expr","locations":[{"start":{"line":20,"column":6},"end":{"line":20,"column":11}},{"start":{"line":20,"column":15},"end":{"line":20,"column":20}}],"line":20},"2":{"loc":{"start":{"line":21,"column":6},"end":{"line":22,"column":32}},"type":"binary-expr","locations":[{"start":{"line":21,"column":6},"end":{"line":21,"column":15}},{"start":{"line":21,"column":19},"end":{"line":22,"column":32}}],"line":21},"3":{"loc":{"start":{"line":26,"column":4},"end":{"line":74,"column":6}},"type":"binary-expr","locations":[{"start":{"line":26,"column":4},"end":{"line":26,"column":9}},{"start":{"line":27,"column":4},"end":{"line":74,"column":6}}],"line":26},"4":{"loc":{"start":{"line":29,"column":6},"end":{"line":30,"column":22}},"type":"if","locations":[{"start":{"line":29,"column":6},"end":{"line":30,"column":22}},{"start":{"line":29,"column":6},"end":{"line":30,"column":22}}],"line":29},"5":{"loc":{"start":{"line":29,"column":10},"end":{"line":29,"column":64}},"type":"binary-expr","locations":[{"start":{"line":29,"column":10},"end":{"line":29,"column":37}},{"start":{"line":29,"column":41},"end":{"line":29,"column":64}}],"line":29},"6":{"loc":{"start":{"line":33,"column":6},"end":{"line":36,"column":53}},"type":"if","locations":[{"start":{"line":33,"column":6},"end":{"line":36,"column":53}},{"start":{"line":33,"column":6},"end":{"line":36,"column":53}}],"line":33},"7":{"loc":{"start":{"line":36,"column":6},"end":{"line":36,"column":51}},"type":"binary-expr","locations":[{"start":{"line":36,"column":6},"end":{"line":36,"column":15}},{"start":{"line":36,"column":19},"end":{"line":36,"column":51}}],"line":36},"8":{"loc":{"start":{"line":40,"column":6},"end":{"line":40,"column":66}},"type":"if","locations":[{"start":{"line":40,"column":6},"end":{"line":40,"column":66}},{"start":{"line":40,"column":6},"end":{"line":40,"column":66}}],"line":40},"9":{"loc":{"start":{"line":45,"column":15},"end":{"line":45,"column":30}},"type":"binary-expr","locations":[{"start":{"line":45,"column":15},"end":{"line":45,"column":22}},{"start":{"line":45,"column":26},"end":{"line":45,"column":30}}],"line":45},"10":{"loc":{"start":{"line":48,"column":10},"end":{"line":48,"column":43}},"type":"binary-expr","locations":[{"start":{"line":48,"column":10},"end":{"line":48,"column":19}},{"start":{"line":48,"column":23},"end":{"line":48,"column":43}}],"line":48},"11":{"loc":{"start":{"line":49,"column":10},"end":{"line":49,"column":33}},"type":"binary-expr","locations":[{"start":{"line":49,"column":10},"end":{"line":49,"column":18}},{"start":{"line":49,"column":22},"end":{"line":49,"column":33}}],"line":49},"12":{"loc":{"start":{"line":55,"column":10},"end":{"line":55,"column":43}},"type":"binary-expr","locations":[{"start":{"line":55,"column":10},"end":{"line":55,"column":19}},{"start":{"line":55,"column":23},"end":{"line":55,"column":43}}],"line":55},"13":{"loc":{"start":{"line":56,"column":10},"end":{"line":56,"column":37}},"type":"binary-expr","locations":[{"start":{"line":56,"column":10},"end":{"line":56,"column":18}},{"start":{"line":56,"column":22},"end":{"line":56,"column":37}}],"line":56},"14":{"loc":{"start":{"line":57,"column":10},"end":{"line":57,"column":55}},"type":"binary-expr","locations":[{"start":{"line":57,"column":10},"end":{"line":57,"column":18}},{"start":{"line":57,"column":22},"end":{"line":57,"column":31}},{"start":{"line":57,"column":35},"end":{"line":57,"column":55}}],"line":57},"15":{"loc":{"start":{"line":60,"column":8},"end":{"line":60,"column":26}},"type":"binary-expr","locations":[{"start":{"line":60,"column":8},"end":{"line":60,"column":18}},{"start":{"line":60,"column":22},"end":{"line":60,"column":26}}],"line":60},"16":{"loc":{"start":{"line":62,"column":8},"end":{"line":68,"column":91}},"type":"binary-expr","locations":[{"start":{"line":62,"column":8},"end":{"line":62,"column":17}},{"start":{"line":62,"column":21},"end":{"line":62,"column":29}},{"start":{"line":63,"column":8},"end":{"line":68,"column":91}}],"line":62}},"s":{"0":0,"1":0,"2":0,"3":0,"4":0,"5":0,"6":0,"7":0,"8":0,"9":0,"10":0,"11":0,"12":0,"13":0,"14":0,"15":0,"16":0,"17":0,"18":0,"19":0,"20":0,"21":0,"22":0,"23":0,"24":0,"25":0},"f":{"0":0,"1":0,"2":0},"b":{"0":[0,0],"1":[0,0],"2":[0,0],"3":[0,0],"4":[0,0],"5":[0,0],"6":[0,0],"7":[0,0],"8":[0,0],"9":[0,0],"10":[0,0],"11":[0,0],"12":[0,0],"13":[0,0],"14":[0,0,0],"15":[0,0],"16":[0,0,0]},"hash":"7d577c3943b97ae73ac0e4592ec707ebd8d21894"}
,"G:\\jasonproject\\react_GSD\\src\\components\\SMCard.js": {"path":"G:\\jasonproject\\react_GSD\\src\\components\\SMCard.js","statementMap":{"0":{"start":{"line":1,"column":42},"end":{"line":1,"column":97}},"1":{"start":{"line":1,"column":128},"end":{"line":1,"column":184}},"2":{"start":{"line":1,"column":185},"end":{"line":1,"column":247}},"3":{"start":{"line":1,"column":247},"end":{"line":1,"column":272}},"4":{"start":{"line":1,"column":294},"end":{"line":1,"column":365}},"5":{"start":{"line":1,"column":379},"end":{"line":1,"column":420}},"6":{"start":{"line":2,"column":17},"end":{"line":2,"column":62}},"7":{"start":{"line":3,"column":18},"end":{"line":3,"column":40}},"8":{"start":{"line":4,"column":14},"end":{"line":4,"column":70}},"9":{"start":{"line":4,"column":90},"end":{"line":4,"column":147}},"10":{"start":{"line":6,"column":13},"end":{"line":30,"column":1}},"11":{"start":{"line":6,"column":51},"end":{"line":6,"column":64}},"12":{"start":{"line":6,"column":72},"end":{"line":6,"column":81}},"13":{"start":{"line":6,"column":89},"end":{"line":6,"column":98}},"14":{"start":{"line":6,"column":113},"end":{"line":6,"column":129}},"15":{"start":{"line":7,"column":2},"end":{"line":7,"column":28}},"16":{"start":{"line":7,"column":42},"end":{"line":7,"column":84}},"17":{"start":{"line":7,"column":94},"end":{"line":7,"column":107}},"18":{"start":{"line":7,"column":120},"end":{"line":7,"column":133}},"19":{"start":{"line":8,"column":24},"end":{"line":10,"column":3}},"20":{"start":{"line":9,"column":4},"end":{"line":9,"column":55}},"21":{"start":{"line":11,"column":2},"end":{"line":24,"column":17}},"22":{"start":{"line":16,"column":35},"end":{"line":16,"column":60}},"23":{"start":{"line":32,"column":0},"end":{"line":36,"column":41}},"24":{"start":{"line":38,"column":0},"end":{"line":40,"column":23}},"25":{"start":{"line":42,"column":0},"end":{"line":42,"column":6}},"26":{"start":{"line":42,"column":7},"end":{"line":42,"column":34}}},"fnMap":{"0":{"name":"SMCard","decl":{"start":{"line":6,"column":22},"end":{"line":6,"column":28}},"loc":{"start":{"line":6,"column":35},"end":{"line":30,"column":1}},"line":6},"1":{"name":"onClickedHeader","decl":{"start":{"line":8,"column":33},"end":{"line":8,"column":48}},"loc":{"start":{"line":8,"column":51},"end":{"line":10,"column":3}},"line":8},"2":{"name":"onPress","decl":{"start":{"line":16,"column":24},"end":{"line":16,"column":31}},"loc":{"start":{"line":16,"column":34},"end":{"line":16,"column":61}},"line":16}},"branchMap":{"0":{"loc":{"start":{"line":9,"column":4},"end":{"line":9,"column":54}},"type":"cond-expr","locations":[{"start":{"line":9,"column":18},"end":{"line":9,"column":36}},{"start":{"line":9,"column":39},"end":{"line":9,"column":54}}],"line":9},"1":{"loc":{"start":{"line":17,"column":32},"end":{"line":17,"column":93}},"type":"cond-expr","locations":[{"start":{"line":17,"column":39},"end":{"line":17,"column":65}},{"start":{"line":17,"column":68},"end":{"line":17,"column":93}}],"line":17},"2":{"loc":{"start":{"line":21,"column":4},"end":{"line":24,"column":14}},"type":"binary-expr","locations":[{"start":{"line":21,"column":4},"end":{"line":21,"column":10}},{"start":{"line":22,"column":4},"end":{"line":24,"column":14}}],"line":21},"3":{"loc":{"start":{"line":22,"column":83},"end":{"line":22,"column":155}},"type":"cond-expr","locations":[{"start":{"line":22,"column":90},"end":{"line":22,"column":121}},{"start":{"line":22,"column":124},"end":{"line":22,"column":155}}],"line":22}},"s":{"0":0,"1":0,"2":0,"3":0,"4":0,"5":0,"6":0,"7":0,"8":0,"9":0,"10":0,"11":0,"12":0,"13":0,"14":0,"15":0,"16":0,"17":0,"18":0,"19":0,"20":0,"21":0,"22":0,"23":0,"24":0,"25":0,"26":0},"f":{"0":0,"1":0,"2":0},"b":{"0":[0,0],"1":[0,0],"2":[0,0],"3":[0,0]},"hash":"68afb200bfcb2b1e65dc379474d51e22dde0b7ea"}
,"G:\\jasonproject\\react_GSD\\src\\components\\SMCardList.js": {"path":"G:\\jasonproject\\react_GSD\\src\\components\\SMCardList.js","statementMap":{"0":{"start":{"line":1,"column":43},"end":{"line":1,"column":99}},"1":{"start":{"line":1,"column":129},"end":{"line":1,"column":184}},"2":{"start":{"line":1,"column":185},"end":{"line":1,"column":247}},"3":{"start":{"line":1,"column":247},"end":{"line":1,"column":272}},"4":{"start":{"line":1,"column":285},"end":{"line":1,"column":326}},"5":{"start":{"line":2,"column":17},"end":{"line":2,"column":62}},"6":{"start":{"line":3,"column":18},"end":{"line":3,"column":40}},"7":{"start":{"line":4,"column":14},"end":{"line":4,"column":70}},"8":{"start":{"line":4,"column":90},"end":{"line":4,"column":151}},"9":{"start":{"line":6,"column":17},"end":{"line":18,"column":1}},"10":{"start":{"line":6,"column":59},"end":{"line":6,"column":72}},"11":{"start":{"line":6,"column":80},"end":{"line":6,"column":89}},"12":{"start":{"line":6,"column":97},"end":{"line":6,"column":106}},"13":{"start":{"line":7,"column":2},"end":{"line":15,"column":15}},"14":{"start":{"line":20,"column":0},"end":{"line":24,"column":41}},"15":{"start":{"line":26,"column":0},"end":{"line":28,"column":23}},"16":{"start":{"line":30,"column":0},"end":{"line":30,"column":10}},"17":{"start":{"line":30,"column":11},"end":{"line":30,"column":38}}},"fnMap":{"0":{"name":"SMCardList","decl":{"start":{"line":6,"column":26},"end":{"line":6,"column":36}},"loc":{"start":{"line":6,"column":43},"end":{"line":18,"column":1}},"line":6}},"branchMap":{"0":{"loc":{"start":{"line":11,"column":32},"end":{"line":11,"column":93}},"type":"cond-expr","locations":[{"start":{"line":11,"column":39},"end":{"line":11,"column":65}},{"start":{"line":11,"column":68},"end":{"line":11,"column":93}}],"line":11}},"s":{"0":0,"1":0,"2":0,"3":0,"4":0,"5":0,"6":0,"7":0,"8":0,"9":0,"10":0,"11":0,"12":0,"13":0,"14":0,"15":0,"16":0,"17":0},"f":{"0":0},"b":{"0":[0,0]},"hash":"eb780370cbaed2bf9057b4ede03458e217121049"}
,"G:\\jasonproject\\react_GSD\\src\\components\\SMContent.js": {"path":"G:\\jasonproject\\react_GSD\\src\\components\\SMContent.js","statementMap":{"0":{"start":{"line":1,"column":42},"end":{"line":1,"column":97}},"1":{"start":{"line":1,"column":98},"end":{"line":1,"column":160}},"2":{"start":{"line":1,"column":160},"end":{"line":1,"column":185}},"3":{"start":{"line":1,"column":208},"end":{"line":1,"column":280}},"4":{"start":{"line":1,"column":294},"end":{"line":1,"column":334}},"5":{"start":{"line":2,"column":17},"end":{"line":2,"column":62}},"6":{"start":{"line":3,"column":19},"end":{"line":3,"column":42}},"7":{"start":{"line":4,"column":18},"end":{"line":4,"column":40}},"8":{"start":{"line":4,"column":60},"end":{"line":4,"column":120}},"9":{"start":{"line":4,"column":174},"end":{"line":4,"column":193}},"10":{"start":{"line":4,"column":194},"end":{"line":4,"column":439}},"11":{"start":{"line":4,"column":243},"end":{"line":4,"column":279}},"12":{"start":{"line":4,"column":280},"end":{"line":4,"column":407}},"13":{"start":{"line":4,"column":300},"end":{"line":4,"column":407}},"14":{"start":{"line":4,"column":341},"end":{"line":4,"column":404}},"15":{"start":{"line":4,"column":407},"end":{"line":4,"column":438}},"16":{"start":{"line":4,"column":439},"end":{"line":4,"column":451}},"17":{"start":{"line":4,"column":484},"end":{"line":4,"column":953}},"18":{"start":{"line":4,"column":497},"end":{"line":4,"column":498}},"19":{"start":{"line":4,"column":541},"end":{"line":4,"column":581}},"20":{"start":{"line":4,"column":582},"end":{"line":4,"column":952}},"21":{"start":{"line":4,"column":594},"end":{"line":4,"column":699}},"22":{"start":{"line":4,"column":640},"end":{"line":4,"column":696}},"23":{"start":{"line":4,"column":706},"end":{"line":4,"column":952}},"24":{"start":{"line":4,"column":745},"end":{"line":4,"column":819}},"25":{"start":{"line":4,"column":827},"end":{"line":4,"column":951}},"26":{"start":{"line":4,"column":867},"end":{"line":4,"column":948}},"27":{"start":{"line":4,"column":953},"end":{"line":4,"column":967}},"28":{"start":{"line":5,"column":13},"end":{"line":7,"column":16}},"29":{"start":{"line":10,"column":16},"end":{"line":22,"column":1}},"30":{"start":{"line":10,"column":57},"end":{"line":10,"column":70}},"31":{"start":{"line":10,"column":79},"end":{"line":10,"column":89}},"32":{"start":{"line":11,"column":2},"end":{"line":18,"column":16}},"33":{"start":{"line":24,"column":0},"end":{"line":26,"column":37}},"34":{"start":{"line":28,"column":0},"end":{"line":29,"column":14}},"35":{"start":{"line":31,"column":0},"end":{"line":31,"column":9}},"36":{"start":{"line":31,"column":10},"end":{"line":31,"column":37}}},"fnMap":{"0":{"name":"ownKeys","decl":{"start":{"line":4,"column":130},"end":{"line":4,"column":137}},"loc":{"start":{"line":4,"column":162},"end":{"line":4,"column":452}},"line":4},"1":{"name":"(anonymous_1)","decl":{"start":{"line":4,"column":325},"end":{"line":4,"column":326}},"loc":{"start":{"line":4,"column":340},"end":{"line":4,"column":405}},"line":4},"2":{"name":"_objectSpread","decl":{"start":{"line":4,"column":461},"end":{"line":4,"column":474}},"loc":{"start":{"line":4,"column":483},"end":{"line":4,"column":968}},"line":4},"3":{"name":"(anonymous_3)","decl":{"start":{"line":4,"column":624},"end":{"line":4,"column":625}},"loc":{"start":{"line":4,"column":639},"end":{"line":4,"column":697}},"line":4},"4":{"name":"(anonymous_4)","decl":{"start":{"line":4,"column":851},"end":{"line":4,"column":852}},"loc":{"start":{"line":4,"column":866},"end":{"line":4,"column":949}},"line":4},"5":{"name":"SMContent","decl":{"start":{"line":10,"column":25},"end":{"line":10,"column":34}},"loc":{"start":{"line":10,"column":41},"end":{"line":22,"column":1}},"line":10}},"branchMap":{"0":{"loc":{"start":{"line":4,"column":194},"end":{"line":4,"column":439}},"type":"if","locations":[{"start":{"line":4,"column":194},"end":{"line":4,"column":439}},{"start":{"line":4,"column":194},"end":{"line":4,"column":439}}],"line":4},"1":{"loc":{"start":{"line":4,"column":280},"end":{"line":4,"column":407}},"type":"if","locations":[{"start":{"line":4,"column":280},"end":{"line":4,"column":407}},{"start":{"line":4,"column":280},"end":{"line":4,"column":407}}],"line":4},"2":{"loc":{"start":{"line":4,"column":541},"end":{"line":4,"column":581}},"type":"cond-expr","locations":[{"start":{"line":4,"column":564},"end":{"line":4,"column":576}},{"start":{"line":4,"column":579},"end":{"line":4,"column":581}}],"line":4},"3":{"loc":{"start":{"line":4,"column":582},"end":{"line":4,"column":952}},"type":"if","locations":[{"start":{"line":4,"column":582},"end":{"line":4,"column":952}},{"start":{"line":4,"column":582},"end":{"line":4,"column":952}}],"line":4},"4":{"loc":{"start":{"line":4,"column":706},"end":{"line":4,"column":952}},"type":"if","locations":[{"start":{"line":4,"column":706},"end":{"line":4,"column":952}},{"start":{"line":4,"column":706},"end":{"line":4,"column":952}}],"line":4}},"s":{"0":0,"1":0,"2":0,"3":0,"4":0,"5":0,"6":0,"7":0,"8":0,"9":0,"10":0,"11":0,"12":0,"13":0,"14":0,"15":0,"16":0,"17":0,"18":0,"19":0,"20":0,"21":0,"22":0,"23":0,"24":0,"25":0,"26":0,"27":0,"28":0,"29":0,"30":0,"31":0,"32":0,"33":0,"34":0,"35":0,"36":0},"f":{"0":0,"1":0,"2":0,"3":0,"4":0,"5":0},"b":{"0":[0,0],"1":[0,0],"2":[0,0],"3":[0,0],"4":[0,0]},"hash":"cd3c5937b3abe2d53f75688ef9b12dfad8e03e12"}
,"G:\\jasonproject\\react_GSD\\src\\components\\SMFooter.js": {"path":"G:\\jasonproject\\react_GSD\\src\\components\\SMFooter.js","statementMap":{"0":{"start":{"line":1,"column":42},"end":{"line":1,"column":97}},"1":{"start":{"line":1,"column":98},"end":{"line":1,"column":160}},"2":{"start":{"line":1,"column":160},"end":{"line":1,"column":185}},"3":{"start":{"line":1,"column":208},"end":{"line":1,"column":280}},"4":{"start":{"line":1,"column":294},"end":{"line":1,"column":334}},"5":{"start":{"line":2,"column":17},"end":{"line":2,"column":62}},"6":{"start":{"line":3,"column":19},"end":{"line":3,"column":42}},"7":{"start":{"line":4,"column":18},"end":{"line":4,"column":40}},"8":{"start":{"line":4,"column":60},"end":{"line":4,"column":119}},"9":{"start":{"line":4,"column":173},"end":{"line":4,"column":192}},"10":{"start":{"line":4,"column":193},"end":{"line":4,"column":438}},"11":{"start":{"line":4,"column":242},"end":{"line":4,"column":278}},"12":{"start":{"line":4,"column":279},"end":{"line":4,"column":406}},"13":{"start":{"line":4,"column":299},"end":{"line":4,"column":406}},"14":{"start":{"line":4,"column":340},"end":{"line":4,"column":403}},"15":{"start":{"line":4,"column":406},"end":{"line":4,"column":437}},"16":{"start":{"line":4,"column":438},"end":{"line":4,"column":450}},"17":{"start":{"line":4,"column":483},"end":{"line":4,"column":952}},"18":{"start":{"line":4,"column":496},"end":{"line":4,"column":497}},"19":{"start":{"line":4,"column":540},"end":{"line":4,"column":580}},"20":{"start":{"line":4,"column":581},"end":{"line":4,"column":951}},"21":{"start":{"line":4,"column":593},"end":{"line":4,"column":698}},"22":{"start":{"line":4,"column":639},"end":{"line":4,"column":695}},"23":{"start":{"line":4,"column":705},"end":{"line":4,"column":951}},"24":{"start":{"line":4,"column":744},"end":{"line":4,"column":818}},"25":{"start":{"line":4,"column":826},"end":{"line":4,"column":950}},"26":{"start":{"line":4,"column":866},"end":{"line":4,"column":947}},"27":{"start":{"line":4,"column":952},"end":{"line":4,"column":966}},"28":{"start":{"line":5,"column":13},"end":{"line":7,"column":23}},"29":{"start":{"line":10,"column":15},"end":{"line":26,"column":1}},"30":{"start":{"line":10,"column":55},"end":{"line":10,"column":68}},"31":{"start":{"line":11,"column":2},"end":{"line":22,"column":16}},"32":{"start":{"line":28,"column":0},"end":{"line":29,"column":38}},"33":{"start":{"line":31,"column":0},"end":{"line":31,"column":8}},"34":{"start":{"line":31,"column":9},"end":{"line":31,"column":36}}},"fnMap":{"0":{"name":"ownKeys","decl":{"start":{"line":4,"column":129},"end":{"line":4,"column":136}},"loc":{"start":{"line":4,"column":161},"end":{"line":4,"column":451}},"line":4},"1":{"name":"(anonymous_1)","decl":{"start":{"line":4,"column":324},"end":{"line":4,"column":325}},"loc":{"start":{"line":4,"column":339},"end":{"line":4,"column":404}},"line":4},"2":{"name":"_objectSpread","decl":{"start":{"line":4,"column":460},"end":{"line":4,"column":473}},"loc":{"start":{"line":4,"column":482},"end":{"line":4,"column":967}},"line":4},"3":{"name":"(anonymous_3)","decl":{"start":{"line":4,"column":623},"end":{"line":4,"column":624}},"loc":{"start":{"line":4,"column":638},"end":{"line":4,"column":696}},"line":4},"4":{"name":"(anonymous_4)","decl":{"start":{"line":4,"column":850},"end":{"line":4,"column":851}},"loc":{"start":{"line":4,"column":865},"end":{"line":4,"column":948}},"line":4},"5":{"name":"SMFooter","decl":{"start":{"line":10,"column":24},"end":{"line":10,"column":32}},"loc":{"start":{"line":10,"column":39},"end":{"line":26,"column":1}},"line":10}},"branchMap":{"0":{"loc":{"start":{"line":4,"column":193},"end":{"line":4,"column":438}},"type":"if","locations":[{"start":{"line":4,"column":193},"end":{"line":4,"column":438}},{"start":{"line":4,"column":193},"end":{"line":4,"column":438}}],"line":4},"1":{"loc":{"start":{"line":4,"column":279},"end":{"line":4,"column":406}},"type":"if","locations":[{"start":{"line":4,"column":279},"end":{"line":4,"column":406}},{"start":{"line":4,"column":279},"end":{"line":4,"column":406}}],"line":4},"2":{"loc":{"start":{"line":4,"column":540},"end":{"line":4,"column":580}},"type":"cond-expr","locations":[{"start":{"line":4,"column":563},"end":{"line":4,"column":575}},{"start":{"line":4,"column":578},"end":{"line":4,"column":580}}],"line":4},"3":{"loc":{"start":{"line":4,"column":581},"end":{"line":4,"column":951}},"type":"if","locations":[{"start":{"line":4,"column":581},"end":{"line":4,"column":951}},{"start":{"line":4,"column":581},"end":{"line":4,"column":951}}],"line":4},"4":{"loc":{"start":{"line":4,"column":705},"end":{"line":4,"column":951}},"type":"if","locations":[{"start":{"line":4,"column":705},"end":{"line":4,"column":951}},{"start":{"line":4,"column":705},"end":{"line":4,"column":951}}],"line":4}},"s":{"0":0,"1":0,"2":0,"3":0,"4":0,"5":0,"6":0,"7":0,"8":0,"9":0,"10":0,"11":0,"12":0,"13":0,"14":0,"15":0,"16":0,"17":0,"18":0,"19":0,"20":0,"21":0,"22":0,"23":0,"24":0,"25":0,"26":0,"27":0,"28":0,"29":0,"30":0,"31":0,"32":0,"33":0,"34":0},"f":{"0":0,"1":0,"2":0,"3":0,"4":0,"5":0},"b":{"0":[0,0],"1":[0,0],"2":[0,0],"3":[0,0],"4":[0,0]},"hash":"4d9b452a1777d4a67bc2014ef6bfd50f94073e9d"}
,"G:\\jasonproject\\react_GSD\\src\\components\\SMHeader.js": {"path":"G:\\jasonproject\\react_GSD\\src\\components\\SMHeader.js","statementMap":{"0":{"start":{"line":1,"column":42},"end":{"line":1,"column":97}},"1":{"start":{"line":1,"column":98},"end":{"line":1,"column":160}},"2":{"start":{"line":1,"column":160},"end":{"line":1,"column":185}},"3":{"start":{"line":1,"column":204},"end":{"line":1,"column":265}},"4":{"start":{"line":1,"column":279},"end":{"line":1,"column":319}},"5":{"start":{"line":2,"column":17},"end":{"line":2,"column":62}},"6":{"start":{"line":3,"column":18},"end":{"line":3,"column":40}},"7":{"start":{"line":4,"column":18},"end":{"line":4,"column":40}},"8":{"start":{"line":5,"column":15},"end":{"line":5,"column":49}},"9":{"start":{"line":6,"column":19},"end":{"line":6,"column":42}},"10":{"start":{"line":7,"column":26},"end":{"line":7,"column":81}},"11":{"start":{"line":8,"column":17},"end":{"line":8,"column":87}},"12":{"start":{"line":8,"column":107},"end":{"line":8,"column":166}},"13":{"start":{"line":10,"column":15},"end":{"line":83,"column":1}},"14":{"start":{"line":10,"column":57},"end":{"line":10,"column":72}},"15":{"start":{"line":10,"column":81},"end":{"line":10,"column":91}},"16":{"start":{"line":10,"column":101},"end":{"line":10,"column":112}},"17":{"start":{"line":10,"column":122},"end":{"line":10,"column":133}},"18":{"start":{"line":10,"column":146},"end":{"line":10,"column":160}},"19":{"start":{"line":10,"column":170},"end":{"line":10,"column":181}},"20":{"start":{"line":10,"column":193},"end":{"line":10,"column":206}},"21":{"start":{"line":10,"column":219},"end":{"line":10,"column":233}},"22":{"start":{"line":11,"column":17},"end":{"line":11,"column":47}},"23":{"start":{"line":12,"column":18},"end":{"line":12,"column":85}},"24":{"start":{"line":12,"column":65},"end":{"line":12,"column":83}},"25":{"start":{"line":13,"column":15},"end":{"line":15,"column":3}},"26":{"start":{"line":14,"column":4},"end":{"line":14,"column":32}},"27":{"start":{"line":17,"column":15},"end":{"line":20,"column":3}},"28":{"start":{"line":18,"column":4},"end":{"line":19,"column":21}},"29":{"start":{"line":18,"column":18},"end":{"line":18,"column":29}},"30":{"start":{"line":19,"column":4},"end":{"line":19,"column":21}},"31":{"start":{"line":22,"column":15},"end":{"line":24,"column":3}},"32":{"start":{"line":23,"column":4},"end":{"line":23,"column":28}},"33":{"start":{"line":26,"column":13},"end":{"line":28,"column":214}},"34":{"start":{"line":26,"column":30},"end":{"line":28,"column":213}},"35":{"start":{"line":26,"column":90},"end":{"line":28,"column":210}},"36":{"start":{"line":26,"column":101},"end":{"line":28,"column":209}},"37":{"start":{"line":26,"column":148},"end":{"line":27,"column":48}},"38":{"start":{"line":27,"column":23},"end":{"line":27,"column":41}},"39":{"start":{"line":27,"column":41},"end":{"line":27,"column":47}},"40":{"start":{"line":27,"column":48},"end":{"line":27,"column":60}},"41":{"start":{"line":27,"column":60},"end":{"line":27,"column":78}},"42":{"start":{"line":27,"column":78},"end":{"line":27,"column":84}},"43":{"start":{"line":27,"column":91},"end":{"line":28,"column":21}},"44":{"start":{"line":28,"column":21},"end":{"line":28,"column":39}},"45":{"start":{"line":28,"column":39},"end":{"line":28,"column":102}},"46":{"start":{"line":28,"column":109},"end":{"line":28,"column":137}},"47":{"start":{"line":28,"column":137},"end":{"line":28,"column":167}},"48":{"start":{"line":28,"column":185},"end":{"line":28,"column":208}},"49":{"start":{"line":31,"column":2},"end":{"line":75,"column":155}},"50":{"start":{"line":84,"column":0},"end":{"line":92,"column":39}},"51":{"start":{"line":94,"column":0},"end":{"line":99,"column":14}},"52":{"start":{"line":101,"column":0},"end":{"line":101,"column":8}},"53":{"start":{"line":101,"column":9},"end":{"line":101,"column":36}}},"fnMap":{"0":{"name":"SMHeader","decl":{"start":{"line":10,"column":24},"end":{"line":10,"column":32}},"loc":{"start":{"line":10,"column":39},"end":{"line":83,"column":1}},"line":10},"1":{"name":"(anonymous_1)","decl":{"start":{"line":12,"column":47},"end":{"line":12,"column":48}},"loc":{"start":{"line":12,"column":64},"end":{"line":12,"column":84}},"line":12},"2":{"name":"goHome","decl":{"start":{"line":13,"column":24},"end":{"line":13,"column":30}},"loc":{"start":{"line":13,"column":33},"end":{"line":15,"column":3}},"line":13},"3":{"name":"goBack","decl":{"start":{"line":17,"column":24},"end":{"line":17,"column":30}},"loc":{"start":{"line":17,"column":33},"end":{"line":20,"column":3}},"line":17},"4":{"name":"goMenu","decl":{"start":{"line":22,"column":24},"end":{"line":22,"column":30}},"loc":{"start":{"line":22,"column":33},"end":{"line":24,"column":3}},"line":22},"5":{"name":"sync","decl":{"start":{"line":26,"column":22},"end":{"line":26,"column":26}},"loc":{"start":{"line":26,"column":29},"end":{"line":28,"column":214}},"line":26},"6":{"name":"sync$","decl":{"start":{"line":26,"column":73},"end":{"line":26,"column":78}},"loc":{"start":{"line":26,"column":89},"end":{"line":28,"column":211}},"line":26}},"branchMap":{"0":{"loc":{"start":{"line":18,"column":4},"end":{"line":19,"column":21}},"type":"if","locations":[{"start":{"line":18,"column":4},"end":{"line":19,"column":21}},{"start":{"line":18,"column":4},"end":{"line":19,"column":21}}],"line":18},"1":{"loc":{"start":{"line":26,"column":101},"end":{"line":28,"column":209}},"type":"switch","locations":[{"start":{"line":26,"column":141},"end":{"line":27,"column":84}},{"start":{"line":27,"column":84},"end":{"line":28,"column":102}},{"start":{"line":28,"column":102},"end":{"line":28,"column":167}},{"start":{"line":28,"column":167},"end":{"line":28,"column":174}},{"start":{"line":28,"column":174},"end":{"line":28,"column":208}}],"line":26},"2":{"loc":{"start":{"line":26,"column":148},"end":{"line":27,"column":48}},"type":"if","locations":[{"start":{"line":26,"column":148},"end":{"line":27,"column":48}},{"start":{"line":26,"column":148},"end":{"line":27,"column":48}}],"line":26},"3":{"loc":{"start":{"line":39,"column":4},"end":{"line":41,"column":155}},"type":"binary-expr","locations":[{"start":{"line":39,"column":4},"end":{"line":39,"column":10}},{"start":{"line":40,"column":4},"end":{"line":41,"column":155}}],"line":39},"4":{"loc":{"start":{"line":44,"column":4},"end":{"line":46,"column":150}},"type":"binary-expr","locations":[{"start":{"line":44,"column":4},"end":{"line":44,"column":10}},{"start":{"line":45,"column":4},"end":{"line":46,"column":150}}],"line":44},"5":{"loc":{"start":{"line":63,"column":4},"end":{"line":65,"column":153}},"type":"binary-expr","locations":[{"start":{"line":63,"column":4},"end":{"line":63,"column":13}},{"start":{"line":63,"column":17},"end":{"line":63,"column":37}},{"start":{"line":64,"column":4},"end":{"line":65,"column":153}}],"line":63},"6":{"loc":{"start":{"line":68,"column":4},"end":{"line":70,"column":138}},"type":"binary-expr","locations":[{"start":{"line":68,"column":4},"end":{"line":68,"column":23}},{"start":{"line":69,"column":4},"end":{"line":70,"column":138}}],"line":68},"7":{"loc":{"start":{"line":73,"column":4},"end":{"line":75,"column":150}},"type":"binary-expr","locations":[{"start":{"line":73,"column":4},"end":{"line":73,"column":10}},{"start":{"line":74,"column":4},"end":{"line":75,"column":150}}],"line":73}},"s":{"0":0,"1":0,"2":0,"3":0,"4":0,"5":0,"6":0,"7":0,"8":0,"9":0,"10":0,"11":0,"12":0,"13":0,"14":0,"15":0,"16":0,"17":0,"18":0,"19":0,"20":0,"21":0,"22":0,"23":0,"24":0,"25":0,"26":0,"27":0,"28":0,"29":0,"30":0,"31":0,"32":0,"33":0,"34":0,"35":0,"36":0,"37":0,"38":0,"39":0,"40":0,"41":0,"42":0,"43":0,"44":0,"45":0,"46":0,"47":0,"48":0,"49":0,"50":0,"51":0,"52":0,"53":0},"f":{"0":0,"1":0,"2":0,"3":0,"4":0,"5":0,"6":0},"b":{"0":[0,0],"1":[0,0,0,0,0],"2":[0,0],"3":[0,0],"4":[0,0],"5":[0,0,0],"6":[0,0],"7":[0,0]},"hash":"ce7a9c940c52efd80ec8a03eb1f41039631168ca"}
,"G:\\jasonproject\\react_GSD\\src\\components\\SegmentedControl.js": {"path":"G:\\jasonproject\\react_GSD\\src\\components\\SegmentedControl.js","statementMap":{"0":{"start":{"line":1,"column":42},"end":{"line":1,"column":97}},"1":{"start":{"line":1,"column":98},"end":{"line":1,"column":160}},"2":{"start":{"line":1,"column":160},"end":{"line":1,"column":185}},"3":{"start":{"line":1,"column":208},"end":{"line":1,"column":280}},"4":{"start":{"line":6,"column":13},"end":{"line":6,"column":53}},"5":{"start":{"line":7,"column":19},"end":{"line":7,"column":42}},"6":{"start":{"line":7,"column":62},"end":{"line":7,"column":129}},"7":{"start":{"line":7,"column":183},"end":{"line":7,"column":202}},"8":{"start":{"line":7,"column":203},"end":{"line":7,"column":448}},"9":{"start":{"line":7,"column":252},"end":{"line":7,"column":288}},"10":{"start":{"line":7,"column":289},"end":{"line":7,"column":416}},"11":{"start":{"line":7,"column":309},"end":{"line":7,"column":416}},"12":{"start":{"line":7,"column":350},"end":{"line":7,"column":413}},"13":{"start":{"line":7,"column":416},"end":{"line":7,"column":447}},"14":{"start":{"line":7,"column":448},"end":{"line":7,"column":460}},"15":{"start":{"line":7,"column":493},"end":{"line":7,"column":962}},"16":{"start":{"line":7,"column":506},"end":{"line":7,"column":507}},"17":{"start":{"line":7,"column":550},"end":{"line":7,"column":590}},"18":{"start":{"line":7,"column":591},"end":{"line":7,"column":961}},"19":{"start":{"line":7,"column":603},"end":{"line":7,"column":708}},"20":{"start":{"line":7,"column":649},"end":{"line":7,"column":705}},"21":{"start":{"line":7,"column":715},"end":{"line":7,"column":961}},"22":{"start":{"line":7,"column":754},"end":{"line":7,"column":828}},"23":{"start":{"line":7,"column":836},"end":{"line":7,"column":960}},"24":{"start":{"line":7,"column":876},"end":{"line":7,"column":957}},"25":{"start":{"line":7,"column":962},"end":{"line":7,"column":976}},"26":{"start":{"line":16,"column":26},"end":{"line":35,"column":1}},"27":{"start":{"line":23,"column":12},"end":{"line":23,"column":21}},"28":{"start":{"line":23,"column":31},"end":{"line":23,"column":42}},"29":{"start":{"line":23,"column":59},"end":{"line":23,"column":77}},"30":{"start":{"line":23,"column":95},"end":{"line":23,"column":114}},"31":{"start":{"line":23,"column":126},"end":{"line":23,"column":139}},"32":{"start":{"line":23,"column":148},"end":{"line":23,"column":158}},"33":{"start":{"line":24,"column":17},"end":{"line":31,"column":122}},"34":{"start":{"line":24,"column":53},"end":{"line":31,"column":120}},"35":{"start":{"line":31,"column":37},"end":{"line":31,"column":60}},"36":{"start":{"line":34,"column":2},"end":{"line":34,"column":159}},"37":{"start":{"line":37,"column":42},"end":{"line":37,"column":58}},"38":{"start":{"line":37,"column":69},"end":{"line":37,"column":82}},"39":{"start":{"line":37,"column":100},"end":{"line":37,"column":120}},"40":{"start":{"line":37,"column":129},"end":{"line":37,"column":140}},"41":{"start":{"line":37,"column":148},"end":{"line":37,"column":158}},"42":{"start":{"line":39,"column":2},"end":{"line":41,"column":3}},"43":{"start":{"line":40,"column":4},"end":{"line":40,"column":58}},"44":{"start":{"line":43,"column":2},"end":{"line":45,"column":3}},"45":{"start":{"line":44,"column":4},"end":{"line":44,"column":50}},"46":{"start":{"line":46,"column":14},"end":{"line":46,"column":42}},"47":{"start":{"line":48,"column":28},"end":{"line":48,"column":38}},"48":{"start":{"line":49,"column":2},"end":{"line":51,"column":3}},"49":{"start":{"line":50,"column":4},"end":{"line":50,"column":41}},"50":{"start":{"line":53,"column":2},"end":{"line":65,"column":164}},"51":{"start":{"line":70,"column":13},"end":{"line":70,"column":15}},"52":{"start":{"line":72,"column":13},"end":{"line":119,"column":42}},"53":{"start":{"line":123,"column":0},"end":{"line":123,"column":19}},"54":{"start":{"line":123,"column":20},"end":{"line":123,"column":47}}},"fnMap":{"0":{"name":"ownKeys","decl":{"start":{"line":7,"column":139},"end":{"line":7,"column":146}},"loc":{"start":{"line":7,"column":171},"end":{"line":7,"column":461}},"line":7},"1":{"name":"(anonymous_1)","decl":{"start":{"line":7,"column":334},"end":{"line":7,"column":335}},"loc":{"start":{"line":7,"column":349},"end":{"line":7,"column":414}},"line":7},"2":{"name":"_objectSpread","decl":{"start":{"line":7,"column":470},"end":{"line":7,"column":483}},"loc":{"start":{"line":7,"column":492},"end":{"line":7,"column":977}},"line":7},"3":{"name":"(anonymous_3)","decl":{"start":{"line":7,"column":633},"end":{"line":7,"column":634}},"loc":{"start":{"line":7,"column":648},"end":{"line":7,"column":706}},"line":7},"4":{"name":"(anonymous_4)","decl":{"start":{"line":7,"column":860},"end":{"line":7,"column":861}},"loc":{"start":{"line":7,"column":875},"end":{"line":7,"column":958}},"line":7},"5":{"name":"RNSSegmentedControl","decl":{"start":{"line":16,"column":35},"end":{"line":16,"column":54}},"loc":{"start":{"line":23,"column":0},"end":{"line":35,"column":1}},"line":23},"6":{"name":"(anonymous_6)","decl":{"start":{"line":24,"column":28},"end":{"line":24,"column":29}},"loc":{"start":{"line":24,"column":52},"end":{"line":31,"column":121}},"line":24},"7":{"name":"onPress","decl":{"start":{"line":31,"column":26},"end":{"line":31,"column":33}},"loc":{"start":{"line":31,"column":36},"end":{"line":31,"column":61}},"line":31},"8":{"name":"Segment","decl":{"start":{"line":37,"column":9},"end":{"line":37,"column":16}},"loc":{"start":{"line":37,"column":24},"end":{"line":68,"column":1}},"line":37}},"branchMap":{"0":{"loc":{"start":{"line":7,"column":203},"end":{"line":7,"column":448}},"type":"if","locations":[{"start":{"line":7,"column":203},"end":{"line":7,"column":448}},{"start":{"line":7,"column":203},"end":{"line":7,"column":448}}],"line":7},"1":{"loc":{"start":{"line":7,"column":289},"end":{"line":7,"column":416}},"type":"if","locations":[{"start":{"line":7,"column":289},"end":{"line":7,"column":416}},{"start":{"line":7,"column":289},"end":{"line":7,"column":416}}],"line":7},"2":{"loc":{"start":{"line":7,"column":550},"end":{"line":7,"column":590}},"type":"cond-expr","locations":[{"start":{"line":7,"column":573},"end":{"line":7,"column":585}},{"start":{"line":7,"column":588},"end":{"line":7,"column":590}}],"line":7},"3":{"loc":{"start":{"line":7,"column":591},"end":{"line":7,"column":961}},"type":"if","locations":[{"start":{"line":7,"column":591},"end":{"line":7,"column":961}},{"start":{"line":7,"column":591},"end":{"line":7,"column":961}}],"line":7},"4":{"loc":{"start":{"line":7,"column":715},"end":{"line":7,"column":961}},"type":"if","locations":[{"start":{"line":7,"column":715},"end":{"line":7,"column":961}},{"start":{"line":7,"column":715},"end":{"line":7,"column":961}}],"line":7},"5":{"loc":{"start":{"line":39,"column":2},"end":{"line":41,"column":3}},"type":"if","locations":[{"start":{"line":39,"column":2},"end":{"line":41,"column":3}},{"start":{"line":39,"column":2},"end":{"line":41,"column":3}}],"line":39},"6":{"loc":{"start":{"line":43,"column":2},"end":{"line":45,"column":3}},"type":"if","locations":[{"start":{"line":43,"column":2},"end":{"line":45,"column":3}},{"start":{"line":43,"column":2},"end":{"line":45,"column":3}}],"line":43},"7":{"loc":{"start":{"line":43,"column":6},"end":{"line":43,"column":59}},"type":"binary-expr","locations":[{"start":{"line":43,"column":6},"end":{"line":43,"column":17}},{"start":{"line":43,"column":21},"end":{"line":43,"column":59}}],"line":43},"8":{"loc":{"start":{"line":46,"column":14},"end":{"line":46,"column":42}},"type":"binary-expr","locations":[{"start":{"line":46,"column":14},"end":{"line":46,"column":19}},{"start":{"line":46,"column":23},"end":{"line":46,"column":42}}],"line":46},"9":{"loc":{"start":{"line":49,"column":2},"end":{"line":51,"column":3}},"type":"if","locations":[{"start":{"line":49,"column":2},"end":{"line":51,"column":3}},{"start":{"line":49,"column":2},"end":{"line":51,"column":3}}],"line":49},"10":{"loc":{"start":{"line":60,"column":6},"end":{"line":60,"column":42}},"type":"binary-expr","locations":[{"start":{"line":60,"column":6},"end":{"line":60,"column":24}},{"start":{"line":60,"column":28},"end":{"line":60,"column":42}}],"line":60},"11":{"loc":{"start":{"line":61,"column":6},"end":{"line":61,"column":46}},"type":"binary-expr","locations":[{"start":{"line":61,"column":6},"end":{"line":61,"column":26}},{"start":{"line":61,"column":30},"end":{"line":61,"column":46}}],"line":61}},"s":{"0":0,"1":0,"2":0,"3":0,"4":0,"5":0,"6":0,"7":0,"8":0,"9":0,"10":0,"11":0,"12":0,"13":0,"14":0,"15":0,"16":0,"17":0,"18":0,"19":0,"20":0,"21":0,"22":0,"23":0,"24":0,"25":0,"26":0,"27":0,"28":0,"29":0,"30":0,"31":0,"32":0,"33":0,"34":0,"35":0,"36":0,"37":0,"38":0,"39":0,"40":0,"41":0,"42":0,"43":0,"44":0,"45":0,"46":0,"47":0,"48":0,"49":0,"50":0,"51":0,"52":0,"53":0,"54":0},"f":{"0":0,"1":0,"2":0,"3":0,"4":0,"5":0,"6":0,"7":0,"8":0},"b":{"0":[0,0],"1":[0,0],"2":[0,0],"3":[0,0],"4":[0,0],"5":[0,0],"6":[0,0],"7":[0
[...]
ine":40,"column":18},"end":{"line":49,"column":1}},"line":40},"6":{"name":"getWithHeader","decl":{"start":{"line":51,"column":9},"end":{"line":51,"column":22}},"loc":{"start":{"line":51,"column":34},"end":{"line":60,"column":1}},"line":51},"7":{"name":"getWithNoHeader","decl":{"start":{"line":62,"column":9},"end":{"line":62,"column":24}},"loc":{"start":{"line":62,"column":30},"end":{"line":70,"column":1}},"line":62},"8":{"name":"post","decl":{"start":{"line":72,"column":9},"end":{"line":72,"column":13}},"loc":{"start":{"line":72,"column":29},"end":{"line":82,"column":1}},"line":72},"9":{"name":"upload","decl":{"start":{"line":84,"column":9},"end":{"line":84,"column":15}},"loc":{"start":{"line":84,"column":27},"end":{"line":126,"column":1}},"line":84},"10":{"name":"(anonymous_10)","decl":{"start":{"line":109,"column":21},"end":{"line":109,"column":22}},"loc":{"start":{"line":109,"column":41},"end":{"line":125,"column":3}},"line":109},"11":{"name":"(anonymous_11)","decl":{"start":{"line":114,"column":17},"end":{"line":114,"column":18}},"loc":{"start":{"line":114,"column":30},"end":{"line":116,"column":5}},"line":114},"12":{"name":"(anonymous_12)","decl":{"start":{"line":117,"column":18},"end":{"line":117,"column":19}},"loc":{"start":{"line":117,"column":35},"end":{"line":120,"column":5}},"line":117},"13":{"name":"(anonymous_13)","decl":{"start":{"line":121,"column":44},"end":{"line":121,"column":45}},"loc":{"start":{"line":121,"column":64},"end":{"line":123,"column":5}},"line":121}},"branchMap":{"0":{"loc":{"start":{"line":4,"column":106},"end":{"line":11,"column":63}},"type":"switch","locations":[{"start":{"line":4,"column":146},"end":{"line":6,"column":21}},{"start":{"line":6,"column":21},"end":{"line":9,"column":27}},{"start":{"line":9,"column":27},"end":{"line":9,"column":82}},{"start":{"line":9,"column":82},"end":{"line":11,"column":20}},{"start":{"line":11,"column":20},"end":{"line":11,"column":28}},{"start":{"line":11,"column":28},"end":{"line":11,"column":62}}],"line":4},"1":{"loc":{"start":{"line":4,"column":153},"end":{"line":5,"column":62}},"type":"if","locations":[{"start":{"line":4,"column":153},"end":{"line":5,"column":62}},{"start":{"line":4,"column":153},"end":{"line":5,"column":62}}],"line":4},"2":{"loc":{"start":{"line":17,"column":2},"end":{"line":24,"column":3}},"type":"if","locations":[{"start":{"line":17,"column":2},"end":{"line":24,"column":3}},{"start":{"line":17,"column":2},"end":{"line":24,"column":3}}],"line":17},"3":{"loc":{"start":{"line":17,"column":6},"end":{"line":17,"column":53}},"type":"binary-expr","locations":[{"start":{"line":17,"column":6},"end":{"line":17,"column":27}},{"start":{"line":17,"column":31},"end":{"line":17,"column":53}}],"line":17},"4":{"loc":{"start":{"line":19,"column":9},"end":{"line":24,"column":3}},"type":"if","locations":[{"start":{"line":19,"column":9},"end":{"line":24,"column":3}},{"start":{"line":19,"column":9},"end":{"line":24,"column":3}}],"line":19},"5":{"loc":{"start":{"line":21,"column":9},"end":{"line":24,"column":3}},"type":"if","locations":[{"start":{"line":21,"column":9},"end":{"line":24,"column":3}},{"start":{"line":21,"column":9},"end":{"line":24,"column":3}}],"line":21},"6":{"loc":{"start":{"line":25,"column":2},"end":{"line":28,"column":3}},"type":"if","locations":[{"start":{"line":25,"column":2},"end":{"line":28,"column":3}},{"start":{"line":25,"column":2},"end":{"line":28,"column":3}}],"line":25},"7":{"loc":{"start":{"line":46,"column":21},"end":{"line":46,"column":54}},"type":"binary-expr","locations":[{"start":{"line":46,"column":21},"end":{"line":46,"column":41}},{"start":{"line":46,"column":45},"end":{"line":46,"column":54}}],"line":46},"8":{"loc":{"start":{"line":57,"column":21},"end":{"line":57,"column":38}},"type":"binary-expr","locations":[{"start":{"line":57,"column":21},"end":{"line":57,"column":25}},{"start":{"line":57,"column":29},"end":{"line":57,"column":38}}],"line":57},"9":{"loc":{"start":{"line":78,"column":21},"end":{"line":78,"column":54}},"type":"binary-expr","locations":[{"start":{"line":78,"column":21},"end":{"line":78,"column":41}},{"start":{"line":78,"column":45},"end":{"line":78,"column":54}}],"line":78},"10":{"loc":{"start":{"line":87,"column":36},"end":{"line":87,"column":69}},"type":"binary-expr","locations":[{"start":{"line":87,"column":36},"end":{"line":87,"column":56}},{"start":{"line":87,"column":60},"end":{"line":87,"column":69}}],"line":87},"11":{"loc":{"start":{"line":94,"column":26},"end":{"line":94,"column":49}},"type":"binary-expr","locations":[{"start":{"line":94,"column":26},"end":{"line":94,"column":35}},{"start":{"line":94,"column":39},"end":{"line":94,"column":49}}],"line":94},"12":{"loc":{"start":{"line":111,"column":13},"end":{"line":111,"column":33}},"type":"binary-expr","locations":[{"start":{"line":111,"column":13},"end":{"line":111,"column":24}},{"start":{"line":111,"column":28},"end":{"line":111,"column":33}}],"line":111},"13":{"loc":{"start":{"line":112,"column":18},"end":{"line":112,"column":36}},"type":"binary-expr","locations":[{"start":{"line":112,"column":18},"end":{"line":112,"column":30}},{"start":{"line":112,"column":34},"end":{"line":112,"column":36}}],"line":112},"14":{"loc":{"start":{"line":121,"column":4},"end":{"line":123,"column":6}},"type":"if","locations":[{"start":{"line":121,"column":4},"end":{"line":123,"column":6}},{"start":{"line":121,"column":4},"end":{"line":123,"column":6}}],"line":121}},"s":{"0":0,"1":0,"2":0,"3":0,"4":0,"5":0,"6":0,"7":0,"8":0,"9":0,"10":0,"11":0,"12":0,"13":0,"14":0,"15":0,"16":0,"17":0,"18":0,"19":0,"20":0,"21":0,"22":0,"23":0,"24":0,"25":0,"26":0,"27":0,"28":0,"29":0,"30":0,"31":0,"32":0,"33":0,"34":0,"35":0,"36":0,"37":0,"38":0,"39":0,"40":0,"41":0,"42":0,"43":0,"44":0,"45":0,"46":0,"47":0,"48":0,"49":0,"50":0,"51":0,"52":0,"53":0,"54":0,"55":0,"56":0,"57":0,"58":0,"59":0,"60":0,"61":0,"62":0,"63":0,"64":0,"65":0,"66":0,"67":0},"f":{"0":0,"1":0,"2":0,"3":0,"4":0,"5":0,"6":0,"7":0,"8":0,"9":0,"10":0,"11":0,"12":0,"13":0},"b":{"0":[0,0,0,0,0,0],"1":[0,0],"2":[0,0],"3":[0,0],"4":[0,0],"5":[0,0],"6":[0,0],"7":[0,0],"8":[0,0],"9":[0,0],"10":[0,0],"11":[0,0],"12":[0,0],"13":[0,0],"14":[0,0]},"hash":"5c1f51933b37d3cf72161906f4b29e4584064ba2"}
,"G:\\jasonproject\\react_GSD\\src\\utils\\storage.js": {"path":"G:\\jasonproject\\react_GSD\\src\\utils\\storage.js","statementMap":{"0":{"start":{"line":1,"column":42},"end":{"line":1,"column":97}},"1":{"start":{"line":1,"column":98},"end":{"line":1,"column":160}},"2":{"start":{"line":1,"column":160},"end":{"line":1,"column":185}},"3":{"start":{"line":1,"column":204},"end":{"line":1,"column":265}},"4":{"start":{"line":1,"column":289},"end":{"line":1,"column":361}},"5":{"start":{"line":1,"column":382},"end":{"line":1,"column":454}},"6":{"start":{"line":3,"column":15},"end":{"line":18,"column":222}},"7":{"start":{"line":3,"column":40},"end":{"line":3,"column":90}},"8":{"start":{"line":3,"column":90},"end":{"line":12,"column":89}},"9":{"start":{"line":4,"column":41},"end":{"line":12,"column":87}},"10":{"start":{"line":4,"column":104},"end":{"line":12,"column":62}},"11":{"start":{"line":4,"column":115},"end":{"line":12,"column":61}},"12":{"start":{"line":4,"column":162},"end":{"line":4,"column":180}},"13":{"start":{"line":4,"column":180},"end":{"line":4,"column":198}},"14":{"start":{"line":4,"column":198},"end":{"line":6,"column":48}},"15":{"start":{"line":6,"column":55},"end":{"line":6,"column":77}},"16":{"start":{"line":6,"column":77},"end":{"line":7,"column":55}},"17":{"start":{"line":7,"column":30},"end":{"line":7,"column":48}},"18":{"start":{"line":7,"column":48},"end":{"line":7,"column":54}},"19":{"start":{"line":7,"column":55},"end":{"line":8,"column":19}},"20":{"start":{"line":8,"column":26},"end":{"line":10,"column":18}},"21":{"start":{"line":10,"column":25},"end":{"line":10,"column":43}},"22":{"start":{"line":10,"column":43},"end":{"line":10,"column":78}},"23":{"start":{"line":10,"column":78},"end":{"line":12,"column":18}},"24":{"start":{"line":12,"column":37},"end":{"line":12,"column":60}},"25":{"start":{"line":12,"column":89},"end":{"line":18,"column":221}},"26":{"start":{"line":16,"column":39},"end":{"line":18,"column":219}},"27":{"start":{"line":16,"column":104},"end":{"line":18,"column":194}},"28":{"start":{"line":16,"column":115},"end":{"line":18,"column":193}},"29":{"start":{"line":16,"column":164},"end":{"line":16,"column":183}},"30":{"start":{"line":16,"column":183},"end":{"line":16,"column":202}},"31":{"start":{"line":16,"column":202},"end":{"line":18,"column":55}},"32":{"start":{"line":18,"column":62},"end":{"line":18,"column":81}},"33":{"start":{"line":18,"column":81},"end":{"line":18,"column":87}},"34":{"start":{"line":18,"column":94},"end":{"line":18,"column":113}},"35":{"start":{"line":18,"column":113},"end":{"line":18,"column":150}},"36":{"start":{"line":18,"column":168},"end":{"line":18,"column":192}},"37":{"start":{"line":18,"column":223},"end":{"line":18,"column":254}}},"fnMap":{"0":{"name":"LocalStorage","decl":{"start":{"line":3,"column":24},"end":{"line":3,"column":36}},"loc":{"start":{"line":3,"column":39},"end":{"line":18,"column":222}},"line":3},"1":{"name":"_callee","decl":{"start":{"line":4,"column":17},"end":{"line":4,"column":24}},"loc":{"start":{"line":4,"column":30},"end":{"line":12,"column":88}},"line":4},"2":{"name":"_callee$","decl":{"start":{"line":4,"column":84},"end":{"line":4,"column":92}},"loc":{"start":{"line":4,"column":103},"end":{"line":12,"column":63}},"line":4},"3":{"name":"_callee2","decl":{"start":{"line":16,"column":17},"end":{"line":16,"column":25}},"loc":{"start":{"line":16,"column":38},"end":{"line":18,"column":220}},"line":16},"4":{"name":"_callee2$","decl":{"start":{"line":16,"column":82},"end":{"line":16,"column":91}},"loc":{"start":{"line":16,"column":103},"end":{"line":18,"column":195}},"line":16}},"branchMap":{"0":{"loc":{"start":{"line":4,"column":115},"end":{"line":12,"column":61}},"type":"switch","locations":[{"start":{"line":4,"column":155},"end":{"line":6,"column":48}},{"start":{"line":6,"column":48},"end":{"line":8,"column":19}},{"start":{"line":8,"column":19},"end":{"line":10,"column":18}},{"start":{"line":10,"column":18},"end":{"line":12,"column":18}},{"start":{"line":12,"column":18},"end":{"line":12,"column":26}},{"start":{"line":12,"column":26},"end":{"line":12,"column":60}}],"line":4},"1":{"loc":{"start":{"line":6,"column":77},"end":{"line":7,"column":55}},"type":"if","locations":[{"start":{"line":6,"column":77},"end":{"line":7,"column":55}},{"start":{"line":6,"column":77},"end":{"line":7,"column":55}}],"line":6},"2":{"loc":{"start":{"line":16,"column":115},"end":{"line":18,"column":193}},"type":"switch","locations":[{"start":{"line":16,"column":157},"end":{"line":18,"column":55}},{"start":{"line":18,"column":55},"end":{"line":18,"column":87}},{"start":{"line":18,"column":87},"end":{"line":18,"column":150}},{"start":{"line":18,"column":150},"end":{"line":18,"column":157}},{"start":{"line":18,"column":157},"end":{"line":18,"column":192}}],"line":16}},"s":{"0":0,"1":0,"2":0,"3":0,"4":0,"5":0,"6":0,"7":0,"8":0,"9":0,"10":0,"11":0,"12":0,"13":0,"14":0,"15":0,"16":0,"17":0,"18":0,"19":0,"20":0,"21":0,"22":0,"23":0,"24":0,"25":0,"26":0,"27":0,"28":0,"29":0,"30":0,"31":0,"32":0,"33":0,"34":0,"35":0,"36":0,"37":0},"f":{"0":0,"1":0,"2":0,"3":0,"4":0},"b":{"0":[0,0,0,0,0,0],"1":[0,0],"2":[0,0,0,0,0]},"hash":"5a8546449636c74d9695382e173b3c92f4280f82"}
,"G:\\jasonproject\\react_GSD\\src\\utils\\forms\\input.js": {"path":"G:\\jasonproject\\react_GSD\\src\\utils\\forms\\input.js","statementMap":{"0":{"start":{"line":1,"column":42},"end":{"line":1,"column":97}},"1":{"start":{"line":1,"column":98},"end":{"line":1,"column":160}},"2":{"start":{"line":1,"column":160},"end":{"line":1,"column":185}},"3":{"start":{"line":1,"column":201},"end":{"line":1,"column":266}},"4":{"start":{"line":1,"column":280},"end":{"line":1,"column":320}},"5":{"start":{"line":2,"column":19},"end":{"line":2,"column":42}},"6":{"start":{"line":2,"column":62},"end":{"line":2,"column":120}},"7":{"start":{"line":4,"column":12},"end":{"line":21,"column":1}},"8":{"start":{"line":5,"column":17},"end":{"line":5,"column":21}},"9":{"start":{"line":7,"column":2},"end":{"line":18,"column":23}},"10":{"start":{"line":9,"column":6},"end":{"line":13,"column":95}},"11":{"start":{"line":16,"column":6},"end":{"line":16,"column":12}},"12":{"start":{"line":18,"column":6},"end":{"line":18,"column":22}},"13":{"start":{"line":20,"column":2},"end":{"line":20,"column":18}},"14":{"start":{"line":23,"column":13},"end":{"line":30,"column":19}},"15":{"start":{"line":34,"column":0},"end":{"line":34,"column":5}},"16":{"start":{"line":34,"column":6},"end":{"line":34,"column":33}}},"fnMap":{"0":{"name":"input","decl":{"start":{"line":4,"column":21},"end":{"line":4,"column":26}},"loc":{"start":{"line":4,"column":34},"end":{"line":21,"column":1}},"line":4}},"branchMap":{"0":{"loc":{"start":{"line":7,"column":2},"end":{"line":18,"column":23}},"type":"switch","locations":[{"start":{"line":8,"column":4},"end":{"line":16,"column":12}},{"start":{"line":17,"column":4},"end":{"line":18,"column":22}}],"line":7}},"s":{"0":0,"1":0,"2":0,"3":0,"4":0,"5":0,"6":0,"7":0,"8":0,"9":0,"10":0,"11":0,"12":0,"13":0,"14":0,"15":0,"16":0},"f":{"0":0},"b":{"0":[0,0]},"hash":"639afc91c2b518fd02e760179cd7fa6c261bfaf9"}
,"G:\\jasonproject\\react_GSD\\src\\utils\\forms\\validationRules.js": {"path":"G:\\jasonproject\\react_GSD\\src\\utils\\forms\\validationRules.js","statementMap":{"0":{"start":{"line":1,"column":13},"end":{"line":1,"column":75}},"1":{"start":{"line":1,"column":75},"end":{"line":1,"column":100}},"2":{"start":{"line":1,"column":117},"end":{"line":27,"column":1}},"3":{"start":{"line":2,"column":14},"end":{"line":2,"column":18}},"4":{"start":{"line":4,"column":2},"end":{"line":24,"column":3}},"5":{"start":{"line":5,"column":4},"end":{"line":22,"column":22}},"6":{"start":{"line":7,"column":8},"end":{"line":7,"column":49}},"7":{"start":{"line":8,"column":8},"end":{"line":8,"column":14}},"8":{"start":{"line":10,"column":8},"end":{"line":10,"column":46}},"9":{"start":{"line":11,"column":8},"end":{"line":11,"column":14}},"10":{"start":{"line":13,"column":8},"end":{"line":13,"column":63}},"11":{"start":{"line":14,"column":8},"end":{"line":14,"column":14}},"12":{"start":{"line":16,"column":8},"end":{"line":16,"column":63}},"13":{"start":{"line":17,"column":8},"end":{"line":17,"column":14}},"14":{"start":{"line":19,"column":8},"end":{"line":19,"column":77}},"15":{"start":{"line":20,"column":8},"end":{"line":20,"column":14}},"16":{"start":{"line":22,"column":8},"end":{"line":22,"column":21}},"17":{"start":{"line":26,"column":2},"end":{"line":26,"column":15}},"18":{"start":{"line":29,"column":23},"end":{"line":34,"column":1}},"19":{"start":{"line":30,"column":2},"end":{"line":32,"column":3}},"20":{"start":{"line":31,"column":4},"end":{"line":31,"column":16}},"21":{"start":{"line":33,"column":2},"end":{"line":33,"column":15}},"22":{"start":{"line":36,"column":20},"end":{"line":39,"column":1}},"23":{"start":{"line":37,"column":19},"end":{"line":37,"column":172}},"24":{"start":{"line":38,"column":2},"end":{"line":38,"column":54}},"25":{"start":{"line":41,"column":24},"end":{"line":46,"column":1}},"26":{"start":{"line":42,"column":2},"end":{"line":44,"column":3}},"27":{"start":{"line":43,"column":4},"end":{"line":43,"column":16}},"28":{"start":{"line":45,"column":2},"end":{"line":45,"column":15}},"29":{"start":{"line":48,"column":24},"end":{"line":53,"column":1}},"30":{"start":{"line":49,"column":2},"end":{"line":51,"column":3}},"31":{"start":{"line":50,"column":4},"end":{"line":50,"column":16}},"32":{"start":{"line":52,"column":2},"end":{"line":52,"column":15}},"33":{"start":{"line":55,"column":26},"end":{"line":57,"column":1}},"34":{"start":{"line":56,"column":2},"end":{"line":56,"column":30}},"35":{"start":{"line":59,"column":0},"end":{"line":59,"column":10}},"36":{"start":{"line":59,"column":11},"end":{"line":59,"column":38}}},"fnMap":{"0":{"name":"validation","decl":{"start":{"line":1,"column":126},"end":{"line":1,"column":136}},"loc":{"start":{"line":1,"column":157},"end":{"line":27,"column":1}},"line":1},"1":{"name":"validateRequired","decl":{"start":{"line":29,"column":32},"end":{"line":29,"column":48}},"loc":{"start":{"line":29,"column":56},"end":{"line":34,"column":1}},"line":29},"2":{"name":"validateEmail","decl":{"start":{"line":36,"column":29},"end":{"line":36,"column":42}},"loc":{"start":{"line":36,"column":50},"end":{"line":39,"column":1}},"line":36},"3":{"name":"validateMinLength","decl":{"start":{"line":41,"column":33},"end":{"line":41,"column":50}},"loc":{"start":{"line":41,"column":69},"end":{"line":46,"column":1}},"line":41},"4":{"name":"validateMaxLength","decl":{"start":{"line":48,"column":33},"end":{"line":48,"column":50}},"loc":{"start":{"line":48,"column":69},"end":{"line":53,"column":1}},"line":48},"5":{"name":"validateConfirmPass","decl":{"start":{"line":55,"column":35},"end":{"line":55,"column":54}},"loc":{"start":{"line":55,"column":74},"end":{"line":57,"column":1}},"line":55}},"branchMap":{"0":{"loc":{"start":{"line":5,"column":4},"end":{"line":22,"column":22}},"type":"switch","locations":[{"start":{"line":6,"column":6},"end":{"line":8,"column":14}},{"start":{"line":9,"column":6},"end":{"line":11,"column":14}},{"start":{"line":12,"column":6},"end":{"line":14,"column":14}},{"start":{"line":15,"column":6},"end":{"line":17,"column":14}},{"start":{"line":18,"column":6},"end":{"line":20,"column":14}},{"start":{"line":21,"column":6},"end":{"line":22,"column":21}}],"line":5},"1":{"loc":{"start":{"line":7,"column":16},"end":{"line":7,"column":48}},"type":"binary-expr","locations":[{"start":{"line":7,"column":16},"end":{"line":7,"column":21}},{"start":{"line":7,"column":25},"end":{"line":7,"column":48}}],"line":7},"2":{"loc":{"start":{"line":10,"column":16},"end":{"line":10,"column":45}},"type":"binary-expr","locations":[{"start":{"line":10,"column":16},"end":{"line":10,"column":21}},{"start":{"line":10,"column":25},"end":{"line":10,"column":45}}],"line":10},"3":{"loc":{"start":{"line":13,"column":16},"end":{"line":13,"column":62}},"type":"binary-expr","locations":[{"start":{"line":13,"column":16},"end":{"line":13,"column":21}},{"start":{"line":13,"column":25},"end":{"line":13,"column":62}}],"line":13},"4":{"loc":{"start":{"line":16,"column":16},"end":{"line":16,"column":62}},"type":"binary-expr","locations":[{"start":{"line":16,"column":16},"end":{"line":16,"column":21}},{"start":{"line":16,"column":25},"end":{"line":16,"column":62}}],"line":16},"5":{"loc":{"start":{"line":19,"column":16},"end":{"line":19,"column":76}},"type":"binary-expr","locations":[{"start":{"line":19,"column":16},"end":{"line":19,"column":21}},{"start":{"line":19,"column":25},"end":{"line":19,"column":76}}],"line":19},"6":{"loc":{"start":{"line":30,"column":2},"end":{"line":32,"column":3}},"type":"if","locations":[{"start":{"line":30,"column":2},"end":{"line":32,"column":3}},{"start":{"line":30,"column":2},"end":{"line":32,"column":3}}],"line":30},"7":{"loc":{"start":{"line":42,"column":2},"end":{"line":44,"column":3}},"type":"if","locations":[{"start":{"line":42,"column":2},"end":{"line":44,"column":3}},{"start":{"line":42,"column":2},"end":{"line":44,"column":3}}],"line":42},"8":{"loc":{"start":{"line":49,"column":2},"end":{"line":51,"column":3}},"type":"if","locations":[{"start":{"line":49,"column":2},"end":{"line":51,"column":3}},{"start":{"line":49,"column":2},"end":{"line":51,"column":3}}],"line":49}},"s":{"0":0,"1":0,"2":0,"3":0,"4":0,"5":0,"6":0,"7":0,"8":0,"9":0,"10":0,"11":0,"12":0,"13":0,"14":0,"15":0,"16":0,"17":0,"18":0,"19":0,"20":0,"21":0,"22":0,"23":0,"24":0,"25":0,"26":0,"27":0,"28":0,"29":0,"30":0,"31":0,"32":0,"33":0,"34":0,"35":0,"36":0},"f":{"0":0,"1":0,"2":0,"3":0,"4":0,"5":0},"b":{"0":[0,0,0,0,0,0],"1":[0,0],"2":[0,0],"3":[0,0],"4":[0,0],"5":[0,0],"6":[0,0],"7":[0,0],"8":[0,0]},"hash":"8949c30332f6db3dbf82279d6f8a110e87a0045e"}
}
