TN:
SF:G:\jasonproject\react_GSD\src\components\Button.js
FN:16,RNSButton
FNF:1
FNH:0
FNDA:0,RNSButton
DA:1,0
DA:2,0
DA:3,0
DA:12,0
DA:14,0
DA:17,0
DA:19,0
DA:20,0
DA:31,0
DA:32,0
DA:47,0
DA:66,0
DA:77,0
DA:79,0
DA:83,0
DA:84,0
DA:89,0
DA:90,0
DA:93,0
DA:137,0
DA:154,0
DA:155,0
DA:156,0
DA:158,0
LF:24
LH:0
BRDA:19,0,0,0
BRDA:19,0,1,0
BRDA:24,1,0,0
BRDA:24,1,1,0
BRDA:31,2,0,0
BRDA:31,2,1,0
BRDA:34,3,0,0
BRDA:34,3,1,0
BRDA:36,4,0,0
BRDA:36,4,1,0
BRDA:39,5,0,0
BRDA:39,5,1,0
BRDA:42,6,0,0
BRDA:42,6,1,0
BRDA:45,7,0,0
BRDA:45,7,1,0
BRDA:49,8,0,0
BRDA:49,8,1,0
BRDA:51,9,0,0
BRDA:51,9,1,0
BRDA:52,10,0,0
BRDA:52,10,1,0
BRDA:55,11,0,0
BRDA:55,11,1,0
BRDA:58,12,0,0
BRDA:58,12,1,0
BRDA:61,13,0,0
BRDA:61,13,1,0
BRDA:68,14,0,0
BRDA:68,14,1,0
BRDA:69,15,0,0
BRDA:69,15,1,0
BRDA:70,16,0,0
BRDA:70,16,1,0
BRDA:70,16,2,0
BRDA:73,17,0,0
BRDA:73,17,1,0
BRDA:77,18,0,0
BRDA:77,18,1,0
BRDA:77,18,2,0
BRDA:79,19,0,0
BRDA:79,19,1,0
BRDA:79,20,0,0
BRDA:79,20,1,0
BRDA:83,21,0,0
BRDA:83,21,1,0
BRDA:84,22,0,0
BRDA:84,22,1,0
BRDA:89,23,0,0
BRDA:89,23,1,0
BRDA:100,24,0,0
BRDA:100,24,1,0
BRDA:102,25,0,0
BRDA:102,25,1,0
BRDA:103,26,0,0
BRDA:103,26,1,0
BRDA:106,27,0,0
BRDA:106,27,1,0
BRDA:107,28,0,0
BRDA:107,28,1,0
BRDA:108,29,0,0
BRDA:108,29,1,0
BRDA:108,29,2,0
BRDA:112,30,0,0
BRDA:112,30,1,0
BRDA:113,31,0,0
BRDA:113,31,1,0
BRDA:115,32,0,0
BRDA:115,32,1,0
BRDA:118,33,0,0
BRDA:118,33,1,0
BRDA:121,34,0,0
BRDA:121,34,1,0
BRDA:124,35,0,0
BRDA:124,35,1,0
BRDA:132,36,0,0
BRDA:132,36,1,0
BRDA:132,36,2,0
BRDA:144,37,0,0
BRDA:144,37,1,0
BRDA:145,38,0,0
BRDA:145,38,1,0
BRF:82
BRH:0
end_of_record
TN:
SF:G:\jasonproject\react_GSD\src\components\Dropdown.js
FN:9,(anonymous_0)
FN:9,RNSDropDown
FN:21,(anonymous_2)
FN:25,(anonymous_3)
FN:27,render
FN:53,adjustFrame
FN:60,renderRow
FNF:7
FNH:0
FNDA:0,(anonymous_0)
FNDA:0,RNSDropDown
FNDA:0,(anonymous_2)
FNDA:0,(anonymous_3)
FNDA:0,render
FNDA:0,adjustFrame
FNDA:0,renderRow
DA:1,0
DA:2,0
DA:3,0
DA:5,0
DA:7,0
DA:9,0
DA:18,0
DA:22,0
DA:23,0
DA:26,0
DA:27,0
DA:38,0
DA:39,0
DA:55,0
DA:57,0
DA:58,0
DA:60,0
DA:82,0
DA:85,0
DA:101,0
LF:20
LH:0
BRDA:67,0,0,0
BRDA:67,0,1,0
BRDA:69,1,0,0
BRDA:69,1,1,0
BRDA:69,2,0,0
BRDA:69,2,1,0
BRDA:74,3,0,0
BRDA:74,3,1,0
BRF:8
BRH:0
end_of_record
TN:
SF:G:\jasonproject\react_GSD\src\components\GridRow.js
FN:13,renderPlaceholderViews
FN:14,(anonymous_1)
FN:19,(anonymous_2)
FN:19,GridRow
FN:19,render
FN:49,(anonymous_5)
FN:52,(anonymous_6)
FNF:7
FNH:0
FNDA:0,renderPlaceholderViews
FNDA:0,(anonymous_1)
FNDA:0,(anonymous_2)
FNDA:0,GridRow
FNDA:0,render
FNDA:0,(anonymous_5)
FNDA:0,(anonymous_6)
DA:1,0
DA:2,0
DA:3,0
DA:14,0
DA:19,0
DA:21,0
DA:22,0
DA:24,0
DA:30,0
DA:49,0
DA:50,0
DA:53,0
DA:54,0
DA:56,0
DA:57,0
DA:58,0
DA:59,0
DA:62,0
DA:63,0
DA:64,0
DA:69,0
DA:72,0
LF:22
LH:0
BRDA:49,0,0,0
BRDA:49,0,1,0
BRDA:49,1,0,0
BRDA:49,1,1,0
BRDA:56,2,0,0
BRDA:56,2,1,0
BRDA:56,3,0,0
BRDA:56,3,1,0
BRF:8
BRH:0
end_of_record
TN:
SF:G:\jasonproject\react_GSD\src\components\Icon.js
FN:17,ownKeys
FN:17,(anonymous_1)
FN:17,_objectSpread
FN:17,(anonymous_3)
FN:17,(anonymous_4)
FN:19,Icon
FNF:6
FNH:0
FNDA:0,ownKeys
FNDA:0,(anonymous_1)
FNDA:0,_objectSpread
FNDA:0,(anonymous_3)
FNDA:0,(anonymous_4)
FNDA:0,Icon
DA:1,0
DA:2,0
DA:3,0
DA:12,0
DA:13,0
DA:14,0
DA:15,0
DA:16,0
DA:17,0
DA:19,0
DA:20,0
DA:21,0
DA:23,0
DA:24,0
DA:26,0
DA:27,0
DA:29,0
DA:30,0
DA:32,0
DA:33,0
DA:35,0
DA:36,0
DA:38,0
DA:39,0
DA:41,0
DA:44,0
DA:51,0
DA:58,0
LF:28
LH:0
BRDA:17,0,0,0
BRDA:17,0,1,0
BRDA:17,1,0,0
BRDA:17,1,1,0
BRDA:17,2,0,0
BRDA:17,2,1,0
BRDA:17,3,0,0
BRDA:17,3,1,0
BRDA:17,4,0,0
BRDA:17,4,1,0
BRDA:21,5,0,0
BRDA:21,5,1,0
BRDA:21,5,2,0
BRDA:21,5,3,0
BRDA:21,5,4,0
BRDA:21,5,5,0
BRF:16
BRH:0
end_of_record
TN:
SF:G:\jasonproject\react_GSD\src\components\ImageContent.js
FN:4,ownKeys
FN:4,(anonymous_1)
FN:4,_objectSpread
FN:4,(anonymous_3)
FN:4,(anonymous_4)
FN:10,ImageContent
FNF:6
FNH:0
FNDA:0,ownKeys
FNDA:0,(anonymous_1)
FNDA:0,_objectSpread
FNDA:0,(anonymous_3)
FNDA:0,(anonymous_4)
FNDA:0,ImageContent
DA:1,0
DA:2,0
DA:3,0
DA:4,0
DA:5,0
DA:10,0
DA:11,0
DA:22,0
DA:26,0
DA:29,0
LF:10
LH:0
BRDA:4,0,0,0
BRDA:4,0,1,0
BRDA:4,1,0,0
BRDA:4,1,1,0
BRDA:4,2,0,0
BRDA:4,2,1,0
BRDA:4,3,0,0
BRDA:4,3,1,0
BRDA:4,4,0,0
BRDA:4,4,1,0
BRF:10
BRH:0
end_of_record
TN:
SF:G:\jasonproject\react_GSD\src\components\ImageModal.js
FN:6,ImageModal
FNF:1
FNH:0
FNDA:0,ImageModal
DA:1,0
DA:2,0
DA:3,0
DA:4,0
DA:6,0
DA:7,0
DA:17,0
DA:25,0
DA:29,0
LF:9
LH:0
BRF:0
BRH:0
end_of_record
TN:
SF:G:\jasonproject\react_GSD\src\components\RadioGroup.js
FN:7,RNSRadioGroup
FN:27,(anonymous_1)
FN:44,onPress
FNF:3
FNH:0
FNDA:0,RNSRadioGroup
FNDA:0,(anonymous_1)
FNDA:0,onPress
DA:1,0
DA:3,0
DA:5,0
DA:14,0
DA:15,0
DA:28,0
DA:29,0
DA:30,0
DA:32,0
DA:33,0
DA:34,0
DA:39,0
DA:40,0
DA:42,0
DA:44,0
DA:79,0
LF:16
LH:0
BRDA:19,0,0,0
BRDA:19,0,1,0
BRDA:20,1,0,0
BRDA:20,1,1,0
BRDA:21,2,0,0
BRDA:21,2,1,0
BRDA:26,3,0,0
BRDA:26,3,1,0
BRDA:29,4,0,0
BRDA:29,4,1,0
BRDA:29,5,0,0
BRDA:29,5,1,0
BRDA:33,6,0,0
BRDA:33,6,1,0
BRDA:36,7,0,0
BRDA:36,7,1,0
BRDA:40,8,0,0
BRDA:40,8,1,0
BRDA:45,9,0,0
BRDA:45,9,1,0
BRDA:48,10,0,0
BRDA:48,10,1,0
BRDA:49,11,0,0
BRDA:49,11,1,0
BRDA:55,12,0,0
BRDA:55,12,1,0
BRDA:56,13,0,0
BRDA:56,13,1,0
BRDA:57,14,0,0
BRDA:57,14,1,0
BRDA:57,14,2,0
BRDA:60,15,0,0
BRDA:60,15,1,0
BRDA:62,16,0,0
BRDA:62,16,1,0
BRDA:62,16,2,0
BRF:36
BRH:0
end_of_record
TN:
SF:G:\jasonproject\react_GSD\src\components\SMCard.js
FN:6,SMCard
FN:8,onClickedHeader
FN:16,onPress
FNF:3
FNH:0
FNDA:0,SMCard
FNDA:0,onClickedHeader
FNDA:0,onPress
DA:1,0
DA:2,0
DA:3,0
DA:4,0
DA:6,0
DA:7,0
DA:8,0
DA:9,0
DA:11,0
DA:16,0
DA:32,0
DA:38,0
DA:42,0
LF:13
LH:0
BRDA:9,0,0,0
BRDA:9,0,1,0
BRDA:17,1,0,0
BRDA:17,1,1,0
BRDA:21,2,0,0
BRDA:21,2,1,0
BRDA:22,3,0,0
BRDA:22,3,1,0
BRF:8
BRH:0
end_of_record
TN:
SF:G:\jasonproject\react_GSD\src\components\SMCardList.js
FN:6,SMCardList
FNF:1
FNH:0
FNDA:0,SMCardList
DA:1,0
DA:2,0
DA:3,0
DA:4,0
DA:6,0
DA:7,0
DA:20,0
DA:26,0
DA:30,0
LF:9
LH:0
BRDA:11,0,0,0
BRDA:11,0,1,0
BRF:2
BRH:0
end_of_record
TN:
SF:G:\jasonproject\react_GSD\src\components\SMContent.js
FN:4,ownKeys
FN:4,(anonymous_1)
FN:4,_objectSpread
FN:4,(anonymous_3)
FN:4,(anonymous_4)
FN:10,SMContent
FNF:6
FNH:0
FNDA:0,ownKeys
FNDA:0,(anonymous_1)
FNDA:0,_objectSpread
FNDA:0,(anonymous_3)
FNDA:0,(anonymous_4)
FNDA:0,SMContent
DA:1,0
DA:2,0
DA:3,0
DA:4,0
DA:5,0
DA:10,0
DA:11,0
DA:24,0
DA:28,0
DA:31,0
LF:10
LH:0
BRDA:4,0,0,0
BRDA:4,0,1,0
BRDA:4,1,0,0
BRDA:4,1,1,0
BRDA:4,2,0,0
BRDA:4,2,1,0
BRDA:4,3,0,0
BRDA:4,3,1,0
BRDA:4,4,0,0
BRDA:4,4,1,0
BRF:10
BRH:0
end_of_record
TN:
SF:G:\jasonproject\react_GSD\src\components\SMFooter.js
FN:4,ownKeys
FN:4,(anonymous_1)
FN:4,_objectSpread
FN:4,(anonymous_3)
FN:4,(anonymous_4)
FN:10,SMFooter
FNF:6
FNH:0
FNDA:0,ownKeys
FNDA:0,(anonymous_1)
FNDA:0,_objectSpread
FNDA:0,(anonymous_3)
FNDA:0,(anonymous_4)
FNDA:0,SMFooter
DA:1,0
DA:2,0
DA:3,0
DA:4,0
DA:5,0
DA:10,0
DA:11,0
DA:28,0
DA:31,0
LF:9
LH:0
BRDA:4,0,0,0
BRDA:4,0,1,0
BRDA:4,1,0,0
BRDA:4,1,1,0
BRDA:4,2,0,0
BRDA:4,2,1,0
BRDA:4,3,0,0
BRDA:4,3,1,0
BRDA:4,4,0,0
BRDA:4,4,1,0
BRF:10
BRH:0
end_of_record
TN:
SF:G:\jasonproject\react_GSD\src\components\SMHeader.js
FN:10,SMHeader
FN:12,(anonymous_1)
FN:13,goHome
FN:17,goBack
FN:22,goMenu
FN:26,sync
FN:26,sync$
FNF:7
FNH:0
FNDA:0,SMHeader
FNDA:0,(anonymous_1)
FNDA:0,goHome
FNDA:0,goBack
FNDA:0,goMenu
FNDA:0,sync
FNDA:0,sync$
DA:1,0
DA:2,0
DA:3,0
DA:4,0
DA:5,0
DA:6,0
DA:7,0
DA:8,0
DA:10,0
DA:11,0
DA:12,0
DA:13,0
DA:14,0
DA:17,0
DA:18,0
DA:19,0
DA:22,0
DA:23,0
DA:26,0
DA:27,0
DA:28,0
DA:31,0
DA:84,0
DA:94,0
DA:101,0
LF:25
LH:0
BRDA:18,0,0,0
BRDA:18,0,1,0
BRDA:26,1,0,0
BRDA:26,1,1,0
BRDA:26,1,2,0
BRDA:26,1,3,0
BRDA:26,1,4,0
BRDA:26,2,0,0
BRDA:26,2,1,0
BRDA:39,3,0,0
BRDA:39,3,1,0
BRDA:44,4,0,0
BRDA:44,4,1,0
BRDA:63,5,0,0
BRDA:63,5,1,0
BRDA:63,5,2,0
BRDA:68,6,0,0
BRDA:68,6,1,0
BRDA:73,7,0,0
BRDA:73,7,1,0
BRF:20
BRH:0
end_of_record
TN:
SF:G:\jasonproject\react_GSD\src\components\SegmentedControl.js
FN:7,ownKeys
FN:7,(anonymous_1)
FN:7,_objectSpread
FN:7,(anonymous_3)
FN:7,(anonymous_4)
FN:16,RNSSegmentedControl
FN:24,(anonymous_6)
FN:31,onPress
FN:37,Segment
FNF:9
FNH:0
FNDA:0,ownKeys
FNDA:0,(anonymous_1)
FNDA:0,_objectSpread
FNDA:0,(anonymous_3)
FNDA:0,(anonymous_4)
FNDA:0,RNSSegmentedControl
FNDA:0,(anonymous_6)
FNDA:0,onPress
FNDA:0,Segment
DA:1,0
DA:6,0
DA:7,0
DA:16,0
DA:23,0
DA:24,0
DA:31,0
DA:34,0
DA:37,0
DA:39,0
DA:40,0
DA:43,0
DA:44,0
DA:46,0
DA:48,0
DA:49,0
DA:50,0
DA:53,0
DA:70,0
DA:72,0
DA:123,0
LF:21
LH:0
BRDA:7,0,0,0
BRDA:7,0,1,0
BRDA:7,1,0,0
BRDA:7,1,1,0
BRDA:7,2,0,0
BRDA:7,2,1,0
BRDA:7,3,0,0
BRDA:7,3,1,0
BRDA:7,4,0,0
BRDA:7,4,1,0
BRDA:39,5,0,0
BRDA:39,5,1,0
BRDA:43,6,0,0
BRDA:43,6,1,0
BRDA:43,7,0,0
BRDA:43,7,1,0
BRDA:46,8,0,0
BRDA:46,8,1,0
BRDA:49,9,0,0
BRDA:49,9,1,0
BRDA:60,10,0,0
BRDA:60,10,1,0
BRDA:61,11,0,0
BRDA:61,11,1,0
BRF:24
BRH:0
end_of_record
TN:
SF:G:\jasonproject\react_GSD\src\components\SideMenuComponent.js
FN:16,SideMenu
FN:18,action
FN:34,renderRow
FN:39,onPress
FNF:4
FNH:0
FNDA:0,SideMenu
FNDA:0,action
FNDA:0,renderRow
FNDA:0,onPress
DA:1,0
DA:2,0
DA:3,0
DA:4,0
DA:5,0
DA:6,0
DA:7,0
DA:9,0
DA:16,0
DA:17,0
DA:18,0
DA:19,0
DA:20,0
DA:21,0
DA:22,0
DA:23,0
DA:25,0
DA:35,0
DA:39,0
DA:54,0
DA:58,0
LF:21
LH:0
BRDA:20,0,0,0
BRDA:20,0,1,0
BRF:2
BRH:0
end_of_record
TN:
SF:G:\jasonproject\react_GSD\src\components\StyledText.js
FN:6,applyGeneralStyles
FN:30,Text
FN:36,Title
FN:46,Caption
FNF:4
FNH:0
FNDA:0,applyGeneralStyles
FNDA:0,Text
FNDA:0,Title
FNDA:0,Caption
DA:1,0
DA:2,0
DA:4,0
DA:16,0
DA:17,0
DA:31,0
DA:33,0
DA:37,0
DA:43,0
DA:47,0
DA:53,0
DA:56,0
LF:12
LH:0
BRDA:18,0,0,0
BRDA:18,0,1,0
BRDA:19,1,0,0
BRDA:19,1,1,0
BRDA:20,2,0,0
BRDA:20,2,1,0
BRDA:21,3,0,0
BRDA:21,3,1,0
BRDA:22,4,0,0
BRDA:22,4,1,0
BRDA:23,5,0,0
BRDA:23,5,1,0
BRDA:24,6,0,0
BRDA:24,6,1,0
BRDA:25,7,0,0
BRDA:25,7,1,0
BRDA:26,8,0,0
BRDA:26,8,1,0
BRF:18
BRH:0
end_of_record
TN:
SF:G:\jasonproject\react_GSD\src\components\TextInput.js
FN:4,ownKeys
FN:4,(anonymous_1)
FN:4,_objectSpread
FN:4,(anonymous_3)
FN:4,(anonymous_4)
FN:6,RNSTextInput
FNF:6
FNH:0
FNDA:0,ownKeys
FNDA:0,(anonymous_1)
FNDA:0,_objectSpread
FNDA:0,(anonymous_3)
FNDA:0,(anonymous_4)
FNDA:0,RNSTextInput
DA:1,0
DA:2,0
DA:4,0
DA:6,0
DA:12,0
DA:13,0
DA:20,0
DA:35,0
DA:37,0
DA:64,0
LF:10
LH:0
BRDA:4,0,0,0
BRDA:4,0,1,0
BRDA:4,1,0,0
BRDA:4,1,1,0
BRDA:4,2,0,0
BRDA:4,2,1,0
BRDA:4,3,0,0
BRDA:4,3,1,0
BRDA:4,4,0,0
BRDA:4,4,1,0
BRDA:15,5,0,0
BRDA:15,5,1,0
BRDA:16,6,0,0
BRDA:16,6,1,0
BRDA:17,7,0,0
BRDA:17,7,1,0
BRDA:23,8,0,0
BRDA:23,8,1,0
BRDA:28,9,0,0
BRDA:28,9,1,0
BRF:20
BRH:0
end_of_record
TN:
SF:G:\jasonproject\react_GSD\src\components\index.js
FN:1,get
FN:1,get
FN:1,get
FN:1,get
FN:1,get
FN:1,get
FNF:6
FNH:0
FNDA:0,get
FNDA:0,get
FNDA:0,get
FNDA:0,get
FNDA:0,get
FNDA:0,get
DA:1,0
DA:2,0
DA:3,0
DA:4,0
DA:5,0
DA:6,0
DA:7,0
LF:7
LH:0
BRF:0
BRH:0
end_of_record
TN:
SF:G:\jasonproject\react_GSD\src\config\config.js
FNF:0
FNH:0
DA:1,0
DA:2,0
LF:2
LH:0
BRF:0
BRH:0
end_of_record
TN:
SF:G:\jasonproject\react_GSD\src\modules\AppState.js
FN:1,ownKeys
FN:1,(anonymous_1)
FN:1,_objectSpread
FN:1,(anonymous_3)
FN:1,(anonymous_4)
FN:17,setAppOpened
FN:23,AppStateReducer
FNF:7
FNH:0
FNDA:0,ownKeys
FNDA:0,(anonymous_1)
FNDA:0,_objectSpread
FNDA:0,(anonymous_3)
FNDA:0,(anonymous_4)
FNDA:0,setAppOpened
FNDA:0,AppStateReducer
DA:1,0
DA:11,0
DA:12,0
DA:15,0
DA:18,0
DA:26,0
DA:27,0
DA:29,0
DA:34,0
LF:9
LH:0
BRDA:1,0,0,0
BRDA:1,0,1,0
BRDA:1,1,0,0
BRDA:1,1,1,0
BRDA:1,2,0,0
BRDA:1,2,1,0
BRDA:1,3,0,0
BRDA:1,3,1,0
BRDA:1,4,0,0
BRDA:1,4,1,0
BRDA:26,5,0,0
BRDA:26,5,1,0
BRDA:26,6,0,0
BRDA:26,6,1,0
BRDA:26,7,0,0
BRDA:26,7,1,0
BRDA:27,8,0,0
BRDA:27,8,1,0
BRF:18
BRH:0
end_of_record
TN:
SF:G:\jasonproject\react_GSD\src\modules\AppView.js
FN:12,App
FN:14,(anonymous_1)
FNF:2
FNH:0
FNDA:0,App
FNDA:0,(anonymous_1)
DA:1,0
DA:2,0
DA:10,0
DA:12,0
DA:14,0
DA:15,0
DA:16,0
DA:20,0
DA:27,0
DA:33,0
LF:10
LH:0
BRDA:15,0,0,0
BRDA:15,0,1,0
BRDA:16,1,0,0
BRDA:16,1,1,0
BRF:4
BRH:0
end_of_record
TN:
SF:G:\jasonproject\react_GSD\src\modules\auth\LoginForm.js
FN:19,ownKeys
FN:19,(anonymous_1)
FN:19,_objectSpread
FN:19,(anonymous_3)
FN:19,(anonymous_4)
FN:21,(anonymous_5)
FN:21,LoginForm
FN:58,(anonymous_7)
FN:65,onChangeText
FN:71,(anonymous_9)
FN:75,(anonymous_10)
FN:80,(anonymous_11)
FN:89,(anonymous_12)
FN:110,_callee
FN:110,_callee$
FN:148,render
FN:165,onChangeText
FN:175,onChangeText
FN:229,mapStateToProps
FN:233,mapDispatchToProps
FNF:20
FNH:0
FNDA:0,ownKeys
FNDA:0,(anonymous_1)
FNDA:0,_objectSpread
FNDA:0,(anonymous_3)
FNDA:0,(anonymous_4)
FNDA:0,(anonymous_5)
FNDA:0,LoginForm
FNDA:0,(anonymous_7)
FNDA:0,onChangeText
FNDA:0,(anonymous_9)
FNDA:0,(anonymous_10)
FNDA:0,(anonymous_11)
FNDA:0,(anonymous_12)
FNDA:0,_callee
FNDA:0,_callee$
FNDA:0,render
FNDA:0,onChangeText
FNDA:0,onChangeText
FNDA:0,mapStateToProps
FNDA:0,mapDispatchToProps
DA:1,0
DA:2,0
DA:11,0
DA:13,0
DA:14,0
DA:16,0
DA:17,0
DA:18,0
DA:19,0
DA:21,0
DA:52,0
DA:58,0
DA:65,0
DA:69,0
DA:72,0
DA:73,0
DA:75,0
DA:78,0
DA:81,0
DA:82,0
DA:87,0
DA:90,0
DA:95,0
DA:96,0
DA:100,0
DA:101,0
DA:103,0
DA:105,0
DA:108,0
DA:110,0
DA:111,0
DA:112,0
DA:113,0
DA:114,0
DA:115,0
DA:117,0
DA:118,0
DA:119,0
DA:123,0
DA:124,0
DA:126,0
DA:128,0
DA:129,0
DA:130,0
DA:132,0
DA:135,0
DA:136,0
DA:140,0
DA:141,0
DA:142,0
DA:146,0
DA:148,0
DA:153,0
DA:154,0
DA:165,0
DA:175,0
DA:200,0
DA:203,0
DA:230,0
DA:234,0
DA:237,0
DA:240,0
LF:62
LH:0
BRDA:19,0,0,0
BRDA:19,0,1,0
BRDA:19,1,0,0
BRDA:19,1,1,0
BRDA:19,2,0,0
BRDA:19,2,1,0
BRDA:19,3,0,0
BRDA:19,3,1,0
BRDA:19,4,0,0
BRDA:19,4,1,0
BRDA:59,5,0,0
BRDA:59,5,1,0
BRDA:76,6,0,0
BRDA:76,6,1,0
BRDA:77,7,0,0
BRDA:77,7,1,0
BRDA:83,8,0,0
BRDA:83,8,1,0
BRDA:84,9,0,0
BRDA:84,9,1,0
BRDA:85,10,0,0
BRDA:85,10,1,0
BRDA:110,11,0,0
BRDA:110,11,1,0
BRDA:110,11,2,0
BRDA:110,11,3,0
BRDA:110,11,4,0
BRDA:110,11,5,0
BRDA:115,12,0,0
BRDA:115,12,1,0
BRDA:117,13,0,0
BRDA:117,13,1,0
BRDA:118,14,0,0
BRDA:118,14,1,0
BRDA:123,15,0,0
BRDA:123,15,1,0
BRDA:126,16,0,0
BRDA:126,16,1,0
BRDA:128,17,0,0
BRDA:128,17,1,0
BRDA:135,18,0,0
BRDA:135,18,1,0
BRDA:135,19,0,0
BRDA:135,19,1,0
BRDA:138,20,0,0
BRDA:138,20,1,0
BRDA:140,21,0,0
BRDA:140,21,1,0
BRDA:184,22,0,0
BRDA:184,22,1,0
BRDA:184,23,0,0
BRDA:184,23,1,0
BRF:52
BRH:0
end_of_record
TN:
SF:G:\jasonproject\react_GSD\src\modules\auth\LoginLogo.js
FN:3,ownKeys
FN:3,(anonymous_1)
FN:3,_objectSpread
FN:3,(anonymous_3)
FN:3,(anonymous_4)
FN:5,LogoComponent
FNF:6
FNH:0
FNDA:0,ownKeys
FNDA:0,(anonymous_1)
FNDA:0,_objectSpread
FNDA:0,(anonymous_3)
FNDA:0,(anonymous_4)
FNDA:0,LogoComponent
DA:1,0
DA:2,0
DA:3,0
DA:5,0
DA:6,0
DA:29,0
LF:6
LH:0
BRDA:3,0,0,0
BRDA:3,0,1,0
BRDA:3,1,0,0
BRDA:3,1,1,0
BRDA:3,2,0,0
BRDA:3,2,1,0
BRDA:3,3,0,0
BRDA:3,3,1,0
BRDA:3,4,0,0
BRDA:3,4,1,0
BRF:10
BRH:0
end_of_record
TN:
SF:G:\jasonproject\react_GSD\src\modules\auth\LoginView.js
FN:9,(anonymous_0)
FN:9,LoginView
FN:14,(anonymous_2)
FN:16,componentDidMount
FN:18,render
FNF:5
FNH:0
FNDA:0,(anonymous_0)
FNDA:0,LoginView
FNDA:0,(anonymous_2)
FNDA:0,componentDidMount
FNDA:0,render
DA:1,0
DA:2,0
DA:3,0
DA:4,0
DA:5,0
DA:6,0
DA:7,0
DA:9,0
DA:11,0
DA:15,0
DA:16,0
DA:21,0
DA:22,0
DA:36,0
DA:39,0
DA:55,0
LF:16
LH:0
BRDA:21,0,0,0
BRDA:21,0,1,0
BRF:2
BRH:0
end_of_record
TN:
SF:G:\jasonproject\react_GSD\src\modules\auth\actions.js
FN:12,logIn
FN:13,_callee
FN:13,_callee$
FN:15,_do
FN:16,success
FN:17,failed
FN:35,logOut
FN:36,_callee2
FN:36,_callee2$
FN:38,_do
FN:39,success
FN:40,failed
FNF:12
FNH:0
FNDA:0,logIn
FNDA:0,_callee
FNDA:0,_callee$
FNDA:0,_do
FNDA:0,success
FNDA:0,failed
FNDA:0,logOut
FNDA:0,_callee2
FNDA:0,_callee2$
FNDA:0,_do
FNDA:0,success
FNDA:0,failed
DA:1,0
DA:7,0
DA:9,0
DA:10,0
DA:12,0
DA:13,0
DA:14,0
DA:15,0
DA:16,0
DA:17,0
DA:20,0
DA:21,0
DA:22,0
DA:25,0
DA:26,0
DA:28,0
DA:29,0
DA:32,0
DA:35,0
DA:36,0
DA:37,0
DA:38,0
DA:39,0
DA:40,0
DA:42,0
DA:43,0
DA:44,0
DA:47,0
DA:48,0
DA:51,0
LF:30
LH:0
BRDA:13,0,0,0
BRDA:13,0,1,0
BRDA:13,0,2,0
BRDA:13,0,3,0
BRDA:13,0,4,0
BRDA:36,1,0,0
BRDA:36,1,1,0
BRDA:36,1,2,0
BRF:8
BRH:0
end_of_record
TN:
SF:G:\jasonproject\react_GSD\src\modules\auth\reducer.js
FN:1,ownKeys
FN:1,(anonymous_1)
FN:1,_objectSpread
FN:1,(anonymous_3)
FN:1,(anonymous_4)
FN:3,_default
FNF:6
FNH:0
FNDA:0,ownKeys
FNDA:0,(anonymous_1)
FNDA:0,_objectSpread
FNDA:0,(anonymous_3)
FNDA:0,(anonymous_4)
FNDA:0,_default
DA:1,0
DA:3,0
DA:4,0
DA:6,0
DA:14,0
DA:22,0
DA:31,0
DA:39,0
DA:41,0
LF:9
LH:0
BRDA:1,0,0,0
BRDA:1,0,1,0
BRDA:1,1,0,0
BRDA:1,1,1,0
BRDA:1,2,0,0
BRDA:1,2,1,0
BRDA:1,3,0,0
BRDA:1,3,1,0
BRDA:1,4,0,0
BRDA:1,4,1,0
BRDA:3,5,0,0
BRDA:3,5,1,0
BRDA:3,6,0,0
BRDA:3,6,1,0
BRDA:3,7,0,0
BRDA:3,7,1,0
BRDA:4,8,0,0
BRDA:4,8,1,0
BRDA:4,8,2,0
BRDA:4,8,3,0
BRDA:4,8,4,0
BRF:21
BRH:0
end_of_record
TN:
SF:G:\jasonproject\react_GSD\src\modules\clockouts\CloseOutsStyle.js
FNF:0
FNH:0
DA:1,0
DA:2,0
DA:4,0
DA:17,0
LF:4
LH:0
BRF:0
BRH:0
end_of_record
TN:
SF:G:\jasonproject\react_GSD\src\modules\clockouts\actions.js
FN:17,setPendingEmail
FN:17,(anonymous_1)
FN:19,setData
FN:20,clearData
FN:29,setPendingTemplate
FN:29,(anonymous_5)
FN:31,setData
FN:32,clearData
FN:41,setTemplateSelect
FN:41,(anonymous_9)
FN:43,setData
FN:44,clearData
FN:53,resetTemplateSelect
FN:53,(anonymous_13)
FN:55,clearData
FN:60,setProjectSelect
FN:60,(anonymous_16)
FN:62,setData
FN:63,clearData
FN:72,setEmailData
FN:72,(anonymous_20)
FN:74,setData
FN:75,clearData
FN:84,sendEmailData
FN:84,_callee
FN:84,_callee$
FN:86,_do
FN:87,pending
FN:88,failed
FN:95,(anonymous_29)
FN:98,(anonymous_30)
FN:107,(anonymous_31)
FN:120,saveData
FN:120,_callee2
FN:120,_callee2$
FN:122,_do
FN:123,pending
FN:124,failed
FN:131,(anonymous_38)
FN:134,(anonymous_39)
FN:143,(anonymous_40)
FN:155,saveDataLocal
FN:155,_callee3
FN:155,_callee3$
FN:157,_do
FN:158,pending
FN:159,failed
FN:170,finishData
FN:170,_callee4
FN:170,_callee4$
FN:172,_do
FN:173,pending
FN:174,success
FN:175,failed
FNF:54
FNH:0
FNDA:0,setPendingEmail
FNDA:0,(anonymous_1)
FNDA:0,setData
FNDA:0,clearData
FNDA:0,setPendingTemplate
FNDA:0,(anonymous_5)
FNDA:0,setData
FNDA:0,clearData
FNDA:0,setTemplateSelect
FNDA:0,(anonymous_9)
FNDA:0,setData
FNDA:0,clearData
FNDA:0,resetTemplateSelect
FNDA:0,(anonymous_13)
FNDA:0,clearData
FNDA:0,setProjectSelect
FNDA:0,(anonymous_16)
FNDA:0,setData
FNDA:0,clearData
FNDA:0,setEmailData
FNDA:0,(anonymous_20)
FNDA:0,setData
FNDA:0,clearData
FNDA:0,sendEmailData
FNDA:0,_callee
FNDA:0,_callee$
FNDA:0,_do
FNDA:0,pending
FNDA:0,failed
FNDA:0,(anonymous_29)
FNDA:0,(anonymous_30)
FNDA:0,(anonymous_31)
FNDA:0,saveData
FNDA:0,_callee2
FNDA:0,_callee2$
FNDA:0,_do
FNDA:0,pending
FNDA:0,failed
FNDA:0,(anonymous_38)
FNDA:0,(anonymous_39)
FNDA:0,(anonymous_40)
FNDA:0,saveDataLocal
FNDA:0,_callee3
FNDA:0,_callee3$
FNDA:0,_do
FNDA:0,pending
FNDA:0,failed
FNDA:0,finishData
FNDA:0,_callee4
FNDA:0,_callee4$
FNDA:0,_do
FNDA:0,pending
FNDA:0,success
FNDA:0,failed
DA:1,0
DA:5,0
DA:6,0
DA:7,0
DA:9,0
DA:10,0
DA:11,0
DA:12,0
DA:13,0
DA:14,0
DA:15,0
DA:17,0
DA:18,0
DA:19,0
DA:20,0
DA:22,0
DA:23,0
DA:25,0
DA:27,0
DA:29,0
DA:30,0
DA:31,0
DA:32,0
DA:34,0
DA:35,0
DA:37,0
DA:39,0
DA:41,0
DA:42,0
DA:43,0
DA:44,0
DA:46,0
DA:47,0
DA:49,0
DA:51,0
DA:53,0
DA:54,0
DA:55,0
DA:57,0
DA:58,0
DA:60,0
DA:61,0
DA:62,0
DA:63,0
DA:65,0
DA:66,0
DA:68,0
DA:70,0
DA:72,0
DA:73,0
DA:74,0
DA:75,0
DA:77,0
DA:78,0
DA:80,0
DA:82,0
DA:84,0
DA:85,0
DA:86,0
DA:87,0
DA:88,0
DA:91,0
DA:92,0
DA:93,0
DA:94,0
DA:95,0
DA:96,0
DA:97,0
DA:98,0
DA:99,0
DA:100,0
DA:101,0
DA:102,0
DA:104,0
DA:106,0
DA:107,0
DA:108,0
DA:111,0
DA:113,0
DA:115,0
DA:116,0
DA:120,0
DA:121,0
DA:122,0
DA:123,0
DA:124,0
DA:127,0
DA:128,0
DA:129,0
DA:130,0
DA:131,0
DA:132,0
DA:133,0
DA:134,0
DA:135,0
DA:136,0
DA:137,0
DA:138,0
DA:140,0
DA:142,0
DA:143,0
DA:144,0
DA:147,0
DA:149,0
DA:151,0
DA:152,0
DA:155,0
DA:156,0
DA:157,0
DA:158,0
DA:159,0
DA:161,0
DA:162,0
DA:163,0
DA:165,0
DA:166,0
DA:167,0
DA:170,0
DA:171,0
DA:172,0
DA:173,0
DA:174,0
DA:175,0
DA:178,0
DA:179,0
DA:180,0
DA:181,0
DA:183,0
DA:185,0
DA:186,0
LF:130
LH:0
BRDA:84,0,0,0
BRDA:84,0,1,0
BRDA:84,0,2,0
BRDA:84,0,3,0
BRDA:84,0,4,0
BRDA:84,0,5,0
BRDA:84,0,6,0
BRDA:94,1,0,0
BRDA:94,1,1,0
BRDA:94,2,0,0
BRDA:94,2,1,0
BRDA:95,3,0,0
BRDA:95,3,1,0
BRDA:95,4,0,0
BRDA:95,4,1,0
BRDA:106,5,0,0
BRDA:106,5,1,0
BRDA:120,6,0,0
BRDA:120,6,1,0
BRDA:120,6,2,0
BRDA:120,6,3,0
BRDA:120,6,4,0
BRDA:120,6,5,0
BRDA:120,6,6,0
BRDA:130,7,0,0
BRDA:130,7,1,0
BRDA:130,8,0,0
BRDA:130,8,1,0
BRDA:131,9,0,0
BRDA:131,9,1,0
BRDA:131,10,0,0
BRDA:131,10,1,0
BRDA:142,11,0,0
BRDA:142,11,1,0
BRDA:155,12,0,0
BRDA:155,12,1,0
BRDA:155,12,2,0
BRDA:170,13,0,0
BRDA:170,13,1,0
BRDA:170,13,2,0
BRDA:170,13,3,0
BRDA:170,13,4,0
BRDA:170,13,5,0
BRDA:180,14,0,0
BRDA:180,14,1,0
BRF:45
BRH:0
end_of_record
TN:
SF:G:\jasonproject\react_GSD\src\modules\clockouts\reducer.js
FN:1,ownKeys
FN:1,(anonymous_1)
FN:1,_objectSpread
FN:1,(anonymous_3)
FN:1,(anonymous_4)
FN:11,_default
FNF:6
FNH:0
FNDA:0,ownKeys
FNDA:0,(anonymous_1)
FNDA:0,_objectSpread
FNDA:0,(anonymous_3)
FNDA:0,(anonymous_4)
FNDA:0,_default
DA:1,0
DA:11,0
DA:12,0
DA:13,0
DA:14,0
DA:17,0
DA:18,0
DA:24,0
DA:25,0
DA:31,0
DA:32,0
DA:38,0
DA:39,0
DA:46,0
DA:53,0
DA:60,0
DA:67,0
DA:74,0
DA:81,0
DA:87,0
DA:93,0
DA:94,0
DA:100,0
DA:101,0
DA:109,0
DA:110,0
DA:116,0
DA:122,0
DA:123,0
DA:129,0
DA:130,0
DA:138,0
DA:139,0
DA:146,0
DA:148,0
LF:35
LH:0
BRDA:1,0,0,0
BRDA:1,0,1,0
BRDA:1,1,0,0
BRDA:1,1,1,0
BRDA:1,2,0,0
BRDA:1,2,1,0
BRDA:1,3,0,0
BRDA:1,3,1,0
BRDA:1,4,0,0
BRDA:1,4,1,0
BRDA:11,5,0,0
BRDA:11,5,1,0
BRDA:11,6,0,0
BRDA:11,6,1,0
BRDA:11,7,0,0
BRDA:11,7,1,0
BRDA:12,8,0,0
BRDA:12,8,1,0
BRDA:13,9,0,0
BRDA:13,9,1,0
BRDA:14,10,0,0
BRDA:14,10,1,0
BRDA:14,10,2,0
BRDA:14,10,3,0
BRDA:14,10,4,0
BRDA:14,10,5,0
BRDA:14,10,6,0
BRDA:14,10,7,0
BRDA:14,10,8,0
BRDA:14,10,9,0
BRDA:14,10,10,0
BRDA:14,10,11,0
BRDA:14,10,12,0
BRDA:14,10,13,0
BRDA:14,10,14,0
BRDA:14,10,15,0
BRDA:14,10,16,0
BRDA:14,10,17,0
BRDA:14,10,18,0
BRF:39
BRH:0
end_of_record
TN:
SF:G:\jasonproject\react_GSD\src\modules\clockouts\attachemail\AttachEmailContainer.js
FN:8,(anonymous_0)
FN:12,(anonymous_1)
FN:13,setEmailData
FN:17,componentDidMount
FNF:4
FNH:0
FNDA:0,(anonymous_0)
FNDA:0,(anonymous_1)
FNDA:0,setEmailData
FNDA:0,componentDidMount
DA:1,0
DA:2,0
DA:3,0
DA:4,0
DA:6,0
DA:8,0
DA:12,0
DA:13,0
DA:22,0
LF:9
LH:0
BRF:0
BRH:0
end_of_record
TN:
SF:G:\jasonproject\react_GSD\src\modules\clockouts\attachemail\AttachEmailView.js
FN:21,AttachEmailView
FN:27,setEmailData
FN:27,setEmailData$
FN:41,onChangeText
FN:49,onChangeText
FN:55,onPress
FN:57,onPress
FN:62,onPress
FN:64,onPress
FN:72,onPress
FN:77,onPress
FNF:11
FNH:0
FNDA:0,AttachEmailView
FNDA:0,setEmailData
FNDA:0,setEmailData$
FNDA:0,onChangeText
FNDA:0,onChangeText
FNDA:0,onPress
FNDA:0,onPress
FNDA:0,onPress
FNDA:0,onPress
FNDA:0,onPress
FNDA:0,onPress
DA:1,0
DA:2,0
DA:3,0
DA:15,0
DA:16,0
DA:17,0
DA:18,0
DA:19,0
DA:21,0
DA:22,0
DA:23,0
DA:24,0
DA:25,0
DA:27,0
DA:28,0
DA:29,0
DA:30,0
DA:33,0
DA:41,0
DA:49,0
DA:55,0
DA:57,0
DA:62,0
DA:64,0
DA:72,0
DA:77,0
DA:87,0
LF:27
LH:0
BRDA:27,0,0,0
BRDA:27,0,1,0
BRDA:27,0,2,0
BRDA:77,1,0,0
BRDA:77,1,1,0
BRF:5
BRH:0
end_of_record
TN:
SF:G:\jasonproject\react_GSD\src\modules\clockouts\attachemailphoto\EmailPhotoListItem.js
FN:9,EmailPhotoListItem
FN:32,onChangeText
FN:40,onPress
FNF:3
FNH:0
FNDA:0,EmailPhotoListItem
FNDA:0,onChangeText
FNDA:0,onPress
DA:1,0
DA:2,0
DA:3,0
DA:4,0
DA:5,0
DA:6,0
DA:7,0
DA:9,0
DA:11,0
DA:32,0
DA:40,0
DA:51,0
DA:57,0
LF:13
LH:0
BRDA:37,0,0,0
BRDA:37,0,1,0
BRF:2
BRH:0
end_of_record
TN:
SF:G:\jasonproject\react_GSD\src\modules\clockouts\attachemailphoto\EmailPhotoUploadContainer.js
FN:9,(anonymous_0)
FN:14,(anonymous_1)
FN:15,sendEmailData
FN:19,componentWillUnmount
FNF:4
FNH:0
FNDA:0,(anonymous_0)
FNDA:0,(anonymous_1)
FNDA:0,sendEmailData
FNDA:0,componentWillUnmount
DA:1,0
DA:2,0
DA:3,0
DA:4,0
DA:5,0
DA:7,0
DA:9,0
DA:14,0
DA:15,0
DA:24,0
LF:10
LH:0
BRDA:10,0,0,0
BRDA:10,0,1,0
BRF:2
BRH:0
end_of_record
TN:
SF:G:\jasonproject\react_GSD\src\modules\clockouts\attachemailphoto\EmailPhotoUploadView.js
FN:27,ownKeys
FN:27,(anonymous_1)
FN:27,_objectSpread
FN:27,(anonymous_3)
FN:27,(anonymous_4)
FN:29,EmailPhotoUploadView
FN:41,(anonymous_6)
FN:42,(anonymous_7)
FN:48,takePhoto
FN:48,takePhoto$
FN:52,pickPhoto
FN:52,pickPhoto$
FN:54,(anonymous_12)
FN:57,updatePictures
FN:57,updatePictures$
FN:92,deletePhoto
FN:97,sendEmail
FN:97,sendEmail$
FN:113,updatePictureData
FN:132,renderItem
FN:136,onCommentChange
FN:137,onDeletePhoto
FN:140,keyExtractor
FN:149,onPress
FN:154,onPress
FN:157,onPress
FN:162,onPress
FNF:27
FNH:0
FNDA:0,ownKeys
FNDA:0,(anonymous_1)
FNDA:0,_objectSpread
FNDA:0,(anonymous_3)
FNDA:0,(anonymous_4)
FNDA:0,EmailPhotoUploadView
FNDA:0,(anonymous_6)
FNDA:0,(anonymous_7)
FNDA:0,takePhoto
FNDA:0,takePhoto$
FNDA:0,pickPhoto
FNDA:0,pickPhoto$
FNDA:0,(anonymous_12)
FNDA:0,updatePictures
FNDA:0,updatePictures$
FNDA:0,deletePhoto
FNDA:0,sendEmail
FNDA:0,sendEmail$
FNDA:0,updatePictureData
FNDA:0,renderItem
FNDA:0,onCommentChange
FNDA:0,onDeletePhoto
FNDA:0,keyExtractor
FNDA:0,onPress
FNDA:0,onPress
FNDA:0,onPress
FNDA:0,onPress
DA:1,0
DA:2,0
DA:3,0
DA:4,0
DA:5,0
DA:6,0
DA:19,0
DA:20,0
DA:21,0
DA:22,0
DA:23,0
DA:24,0
DA:25,0
DA:26,0
DA:27,0
DA:29,0
DA:30,0
DA:38,0
DA:39,0
DA:40,0
DA:41,0
DA:42,0
DA:43,0
DA:44,0
DA:45,0
DA:48,0
DA:49,0
DA:50,0
DA:52,0
DA:53,0
DA:54,0
DA:57,0
DA:58,0
DA:64,0
DA:66,0
DA:67,0
DA:68,0
DA:70,0
DA:71,0
DA:72,0
DA:74,0
DA:75,0
DA:76,0
DA:77,0
DA:78,0
DA:85,0
DA:88,0
DA:89,0
DA:92,0
DA:93,0
DA:94,0
DA:97,0
DA:98,0
DA:99,0
DA:107,0
DA:110,0
DA:113,0
DA:114,0
DA:115,0
DA:118,0
DA:132,0
DA:136,0
DA:137,0
DA:140,0
DA:149,0
DA:154,0
DA:157,0
DA:162,0
DA:177,0
LF:69
LH:0
BRDA:27,0,0,0
BRDA:27,0,1,0
BRDA:27,1,0,0
BRDA:27,1,1,0
BRDA:27,2,0,0
BRDA:27,2,1,0
BRDA:27,3,0,0
BRDA:27,3,1,0
BRDA:27,4,0,0
BRDA:27,4,1,0
BRDA:38,5,0,0
BRDA:38,5,1,0
BRDA:43,6,0,0
BRDA:43,6,1,0
BRDA:48,7,0,0
BRDA:48,7,1,0
BRDA:48,7,2,0
BRDA:48,7,3,0
BRDA:52,8,0,0
BRDA:52,8,1,0
BRDA:52,8,2,0
BRDA:52,8,3,0
BRDA:57,9,0,0
BRDA:57,9,1,0
BRDA:57,9,2,0
BRDA:57,9,3,0
BRDA:57,9,4,0
BRDA:57,9,5,0
BRDA:57,9,6,0
BRDA:57,9,7,0
BRDA:64,10,0,0
BRDA:64,10,1,0
BRDA:66,11,0,0
BRDA:66,11,1,0
BRDA:66,11,2,0
BRDA:74,12,0,0
BRDA:74,12,1,0
BRDA:74,13,0,0
BRDA:74,13,1,0
BRDA:77,14,0,0
BRDA:77,14,1,0
BRDA:97,15,0,0
BRDA:97,15,1,0
BRDA:97,15,2,0
BRDA:97,15,3,0
BRDA:107,16,0,0
BRDA:107,16,1,0
BRDA:129,17,0,0
BRDA:129,17,1,0
BRDA:146,18,0,0
BRDA:146,18,1,0
BRDA:165,19,0,0
BRDA:165,19,1,0
BRDA:166,20,0,0
BRDA:166,20,1,0
BRF:55
BRH:0
end_of_record
TN:
SF:G:\jasonproject\react_GSD\src\modules\clockouts\main\CloseOutsContainer.js
FN:9,(anonymous_0)
FN:14,(anonymous_1)
FN:15,loadData
FN:15,loadData$
FN:16,setTemplateData
FN:17,setEmailData
FN:18,setPendingEmail
FN:19,setPendingTemplate
FN:23,componentDidMount
FN:26,componentWillUnmount
FNF:10
FNH:0
FNDA:0,(anonymous_0)
FNDA:0,(anonymous_1)
FNDA:0,loadData
FNDA:0,loadData$
FNDA:0,setTemplateData
FNDA:0,setEmailData
FNDA:0,setPendingEmail
FNDA:0,setPendingTemplate
FNDA:0,componentDidMount
FNDA:0,componentWillUnmount
DA:1,0
DA:2,0
DA:3,0
DA:4,0
DA:5,0
DA:7,0
DA:9,0
DA:14,0
DA:15,0
DA:16,0
DA:17,0
DA:18,0
DA:19,0
DA:30,0
LF:14
LH:0
BRDA:15,0,0,0
BRDA:15,0,1,0
BRDA:15,0,2,0
BRDA:15,0,3,0
BRF:4
BRH:0
end_of_record
TN:
SF:G:\jasonproject\react_GSD\src\modules\clockouts\main\CloseOutsView.js
FN:15,CloseOutsView
FN:18,(anonymous_1)
FN:21,(anonymous_2)
FN:27,goToUpload
FN:32,deleteTemplate
FN:38,deleteEmail
FN:44,goToEmail
FN:53,onPress
FN:56,onPress
FN:64,renderItem
FN:65,keyExtractor
FN:79,renderItem
FN:79,deleteItem
FN:80,keyExtractor
FN:84,renderItem
FN:84,deleteItem
FN:85,keyExtractor
FNF:17
FNH:0
FNDA:0,CloseOutsView
FNDA:0,(anonymous_1)
FNDA:0,(anonymous_2)
FNDA:0,goToUpload
FNDA:0,deleteTemplate
FNDA:0,deleteEmail
FNDA:0,goToEmail
FNDA:0,onPress
FNDA:0,onPress
FNDA:0,renderItem
FNDA:0,keyExtractor
FNDA:0,renderItem
FNDA:0,deleteItem
FNDA:0,keyExtractor
FNDA:0,renderItem
FNDA:0,deleteItem
FNDA:0,keyExtractor
DA:1,0
DA:2,0
DA:3,0
DA:4,0
DA:5,0
DA:6,0
DA:7,0
DA:8,0
DA:9,0
DA:10,0
DA:11,0
DA:12,0
DA:13,0
DA:15,0
DA:16,0
DA:17,0
DA:18,0
DA:20,0
DA:21,0
DA:22,0
DA:23,0
DA:27,0
DA:28,0
DA:29,0
DA:32,0
DA:33,0
DA:34,0
DA:35,0
DA:38,0
DA:39,0
DA:40,0
DA:41,0
DA:44,0
DA:45,0
DA:46,0
DA:48,0
DA:53,0
DA:56,0
DA:64,0
DA:65,0
DA:79,0
DA:80,0
DA:84,0
DA:85,0
DA:99,0
LF:45
LH:0
BRDA:20,0,0,0
BRDA:20,0,1,0
BRDA:22,1,0,0
BRDA:22,1,1,0
BRDA:23,2,0,0
BRDA:23,2,1,0
BRDA:87,3,0,0
BRDA:87,3,1,0
BRDA:87,3,2,0
BRF:9
BRH:0
end_of_record
TN:
SF:G:\jasonproject\react_GSD\src\modules\clockouts\main\ListEmailCardItem.js
FN:9,ListEmailCardItem
FN:34,onPress
FN:69,onPress
FNF:3
FNH:0
FNDA:0,ListEmailCardItem
FNDA:0,onPress
FNDA:0,onPress
DA:1,0
DA:2,0
DA:3,0
DA:4,0
DA:5,0
DA:6,0
DA:7,0
DA:9,0
DA:34,0
DA:69,0
DA:78,0
DA:83,0
LF:12
LH:0
BRF:0
BRH:0
end_of_record
TN:
SF:G:\jasonproject\react_GSD\src\modules\clockouts\main\ListTemplateCardItem.js
FN:9,ListTemplateCardItem
FN:33,onPress
FN:69,onPress
FNF:3
FNH:0
FNDA:0,ListTemplateCardItem
FNDA:0,onPress
FNDA:0,onPress
DA:1,0
DA:2,0
DA:3,0
DA:4,0
DA:5,0
DA:6,0
DA:7,0
DA:9,0
DA:33,0
DA:69,0
DA:78,0
DA:83,0
LF:12
LH:0
BRF:0
BRH:0
end_of_record
TN:
SF:G:\jasonproject\react_GSD\src\modules\clockouts\siteupload\PictureTypeSiteUpload.js
FN:15,SUPicture
FN:21,(anonymous_1)
FN:23,(anonymous_2)
FN:39,takePhoto
FN:39,takePhoto$
FN:50,pickPhoto
FN:50,pickPhoto$
FN:54,(anonymous_7)
FN:63,updatePictures
FN:63,updatePictures$
FN:101,deletePhoto
FN:106,showModal
FN:111,closeModal
FN:116,onCommentChange
FN:123,onNASelect
FN:133,onPress
FN:135,onPress
FN:140,onPress
FN:146,onPress
FN:154,(anonymous_19)
FN:161,onPress
FN:165,onPress
FN:169,(anonymous_22)
FN:174,modalClose
FN:183,onChangeText
FNF:25
FNH:0
FNDA:0,SUPicture
FNDA:0,(anonymous_1)
FNDA:0,(anonymous_2)
FNDA:0,takePhoto
FNDA:0,takePhoto$
FNDA:0,pickPhoto
FNDA:0,pickPhoto$
FNDA:0,(anonymous_7)
FNDA:0,updatePictures
FNDA:0,updatePictures$
FNDA:0,deletePhoto
FNDA:0,showModal
FNDA:0,closeModal
FNDA:0,onCommentChange
FNDA:0,onNASelect
FNDA:0,onPress
FNDA:0,onPress
FNDA:0,onPress
FNDA:0,onPress
FNDA:0,(anonymous_19)
FNDA:0,onPress
FNDA:0,onPress
FNDA:0,(anonymous_22)
FNDA:0,modalClose
FNDA:0,onChangeText
DA:1,0
DA:2,0
DA:3,0
DA:4,0
DA:5,0
DA:6,0
DA:7,0
DA:8,0
DA:9,0
DA:10,0
DA:11,0
DA:12,0
DA:13,0
DA:15,0
DA:16,0
DA:17,0
DA:18,0
DA:19,0
DA:20,0
DA:21,0
DA:23,0
DA:24,0
DA:25,0
DA:26,0
DA:27,0
DA:29,0
DA:30,0
DA:31,0
DA:33,0
DA:34,0
DA:39,0
DA:41,0
DA:42,0
DA:44,0
DA:46,0
DA:47,0
DA:50,0
DA:52,0
DA:53,0
DA:54,0
DA:55,0
DA:57,0
DA:58,0
DA:63,0
DA:64,0
DA:74,0
DA:76,0
DA:77,0
DA:78,0
DA:80,0
DA:81,0
DA:82,0
DA:84,0
DA:85,0
DA:86,0
DA:87,0
DA:95,0
DA:97,0
DA:98,0
DA:101,0
DA:102,0
DA:103,0
DA:106,0
DA:107,0
DA:108,0
DA:111,0
DA:112,0
DA:113,0
DA:116,0
DA:117,0
DA:118,0
DA:119,0
DA:123,0
DA:124,0
DA:125,0
DA:126,0
DA:128,0
DA:133,0
DA:135,0
DA:140,0
DA:146,0
DA:154,0
DA:161,0
DA:165,0
DA:169,0
DA:174,0
DA:183,0
DA:197,0
DA:214,0
LF:89
LH:0
BRDA:17,0,0,0
BRDA:17,0,1,0
BRDA:19,1,0,0
BRDA:19,1,1,0
BRDA:24,2,0,0
BRDA:24,2,1,0
BRDA:29,3,0,0
BRDA:29,3,1,0
BRDA:29,4,0,0
BRDA:29,4,1,0
BRDA:39,5,0,0
BRDA:39,5,1,0
BRDA:39,5,2,0
BRDA:39,5,3,0
BRDA:39,5,4,0
BRDA:39,5,5,0
BRDA:50,6,0,0
BRDA:50,6,1,0
BRDA:50,6,2,0
BRDA:50,6,3,0
BRDA:50,6,4,0
BRDA:50,6,5,0
BRDA:63,7,0,0
BRDA:63,7,1,0
BRDA:63,7,2,0
BRDA:63,7,3,0
BRDA:63,7,4,0
BRDA:63,7,5,0
BRDA:63,7,6,0
BRDA:74,8,0,0
BRDA:74,8,1,0
BRDA:76,9,0,0
BRDA:76,9,1,0
BRDA:76,9,2,0
BRDA:84,10,0,0
BRDA:84,10,1,0
BRDA:84,11,0,0
BRDA:84,11,1,0
BRDA:117,12,0,0
BRDA:117,12,1,0
BRDA:141,13,0,0
BRDA:141,13,1,0
BRDA:147,14,0,0
BRDA:147,14,1,0
BRDA:153,15,0,0
BRDA:153,15,1,0
BRF:46
BRH:0
end_of_record
TN:
SF:G:\jasonproject\react_GSD\src\modules\clockouts\siteupload\SiteUploadContainer.js
FN:8,(anonymous_0)
FN:14,(anonymous_1)
FN:15,saveData
FN:16,finishData
FN:17,saveDataLocal
FN:18,clearTemplateData
FN:22,componentWillUnmount
FNF:7
FNH:0
FNDA:0,(anonymous_0)
FNDA:0,(anonymous_1)
FNDA:0,saveData
FNDA:0,finishData
FNDA:0,saveDataLocal
FNDA:0,clearTemplateData
FNDA:0,componentWillUnmount
DA:1,0
DA:2,0
DA:3,0
DA:4,0
DA:6,0
DA:8,0
DA:14,0
DA:15,0
DA:16,0
DA:17,0
DA:18,0
DA:27,0
LF:12
LH:0
BRDA:9,0,0,0
BRDA:9,0,1,0
BRF:2
BRH:0
end_of_record
TN:
SF:G:\jasonproject\react_GSD\src\modules\clockouts\siteupload\SiteUploadView.js
FN:8,ownKeys
FN:8,(anonymous_1)
FN:8,_objectSpread
FN:8,(anonymous_3)
FN:8,(anonymous_4)
FN:10,SiteUploadView
FN:18,(anonymous_6)
FN:29,onPress
FN:35,onPress
FN:48,getPromptGroup
FN:56,submitData
FN:62,(anonymous_11)
FN:75,(anonymous_12)
FN:91,onSaveToLocal
FN:96,onSaveData
FN:96,onSaveData$
FN:102,onFinishData
FN:102,onFinishData$
FN:107,setPhotoData
FN:107,setPhotoData$
FN:120,setNASelect
FN:120,setNASelect$
FN:129,updateIsLeft
FN:137,goPrevious
FN:145,onPress
FN:149,onPress
FN:155,onPress
FN:176,onGoBack
FN:180,(anonymous_28)
FN:188,onSetPhoto
FN:189,onSetNASelect
FN:190,onUpdateIsLeft
FN:200,onPress
FN:205,onPress
FN:211,onPress
FNF:35
FNH:0
FNDA:0,ownKeys
FNDA:0,(anonymous_1)
FNDA:0,_objectSpread
FNDA:0,(anonymous_3)
FNDA:0,(anonymous_4)
FNDA:0,SiteUploadView
FNDA:0,(anonymous_6)
FNDA:0,onPress
FNDA:0,onPress
FNDA:0,getPromptGroup
FNDA:0,submitData
FNDA:0,(anonymous_11)
FNDA:0,(anonymous_12)
FNDA:0,onSaveToLocal
FNDA:0,onSaveData
FNDA:0,onSaveData$
FNDA:0,onFinishData
FNDA:0,onFinishData$
FNDA:0,setPhotoData
FNDA:0,setPhotoData$
FNDA:0,setNASelect
FNDA:0,setNASelect$
FNDA:0,updateIsLeft
FNDA:0,goPrevious
FNDA:0,onPress
FNDA:0,onPress
FNDA:0,onPress
FNDA:0,onGoBack
FNDA:0,(anonymous_28)
FNDA:0,onSetPhoto
FNDA:0,onSetNASelect
FNDA:0,onUpdateIsLeft
FNDA:0,onPress
FNDA:0,onPress
FNDA:0,onPress
DA:1,0
DA:2,0
DA:3,0
DA:4,0
DA:5,0
DA:6,0
DA:7,0
DA:8,0
DA:10,0
DA:11,0
DA:12,0
DA:13,0
DA:14,0
DA:15,0
DA:16,0
DA:18,0
DA:19,0
DA:20,0
DA:22,0
DA:23,0
DA:30,0
DA:36,0
DA:43,0
DA:48,0
DA:49,0
DA:50,0
DA:51,0
DA:53,0
DA:56,0
DA:57,0
DA:58,0
DA:61,0
DA:62,0
DA:63,0
DA:64,0
DA:65,0
DA:66,0
DA:67,0
DA:69,0
DA:70,0
DA:74,0
DA:75,0
DA:76,0
DA:77,0
DA:79,0
DA:81,0
DA:82,0
DA:83,0
DA:84,0
DA:85,0
DA:86,0
DA:87,0
DA:91,0
DA:92,0
DA:93,0
DA:96,0
DA:98,0
DA:102,0
DA:104,0
DA:107,0
DA:108,0
DA:109,0
DA:110,0
DA:111,0
DA:112,0
DA:113,0
DA:114,0
DA:115,0
DA:116,0
DA:117,0
DA:120,0
DA:121,0
DA:122,0
DA:123,0
DA:124,0
DA:125,0
DA:126,0
DA:129,0
DA:130,0
DA:132,0
DA:133,0
DA:134,0
DA:137,0
DA:138,0
DA:139,0
DA:150,0
DA:156,0
DA:157,0
DA:164,0
DA:168,0
DA:176,0
DA:181,0
DA:183,0
DA:188,0
DA:189,0
DA:190,0
DA:193,0
DA:200,0
DA:205,0
DA:211,0
DA:221,0
LF:101
LH:0
BRDA:8,0,0,0
BRDA:8,0,1,0
BRDA:8,1,0,0
BRDA:8,1,1,0
BRDA:8,2,0,0
BRDA:8,2,1,0
BRDA:8,3,0,0
BRDA:8,3,1,0
BRDA:8,4,0,0
BRDA:8,4,1,0
BRDA:19,5,0,0
BRDA:19,5,1,0
BRDA:22,6,0,0
BRDA:22,6,1,0
BRDA:50,7,0,0
BRDA:50,7,1,0
BRDA:77,8,0,0
BRDA:77,8,1,0
BRDA:79,9,0,0
BRDA:79,9,1,0
BRDA:96,10,0,0
BRDA:96,10,1,0
BRDA:96,10,2,0
BRDA:96,10,3,0
BRDA:102,11,0,0
BRDA:102,11,1,0
BRDA:102,11,2,0
BRDA:102,11,3,0
BRDA:107,12,0,0
BRDA:107,12,1,0
BRDA:107,12,2,0
BRDA:120,13,0,0
BRDA:120,13,1,0
BRDA:120,13,2,0
BRDA:138,14,0,0
BRDA:138,14,1,0
BRDA:179,15,0,0
BRDA:179,15,1,0
BRDA:181,16,0,0
BRDA:181,16,1,0
BRDA:200,17,0,0
BRDA:200,17,1,0
BRDA:206,18,0,0
BRDA:206,18,1,0
BRDA:207,19,0,0
BRDA:207,19,1,0
BRDA:211,20,0,0
BRDA:211,20,1,0
BRF:48
BRH:0
end_of_record
TN:
SF:G:\jasonproject\react_GSD\src\modules\clockouts\uploadticket\UploadTicketContainer.js
FN:8,(anonymous_0)
FN:15,(anonymous_1)
FN:16,setProjectSelect
FN:17,setTemplateData
FN:18,clearTemplateData
FN:22,componentWillUnmount
FNF:6
FNH:0
FNDA:0,(anonymous_0)
FNDA:0,(anonymous_1)
FNDA:0,setProjectSelect
FNDA:0,setTemplateData
FNDA:0,clearTemplateData
FNDA:0,componentWillUnmount
DA:1,0
DA:2,0
DA:3,0
DA:4,0
DA:6,0
DA:8,0
DA:15,0
DA:16,0
DA:17,0
DA:18,0
DA:27,0
LF:11
LH:0
BRF:0
BRH:0
end_of_record
TN:
SF:G:\jasonproject\react_GSD\src\modules\clockouts\uploadticket\UploadTicketView.js
FN:13,UploadTicketView
FN:20,(anonymous_1)
FN:32,onTemplateChange
FN:37,onProjectChange
FN:57,onValueChange
FN:60,Icon
FN:61,(anonymous_6)
FN:72,onValueChange
FN:75,Icon
FN:76,(anonymous_9)
FN:88,onValueChange
FN:91,Icon
FN:92,(anonymous_12)
FN:101,onPress
FN:109,onPress
FNF:15
FNH:0
FNDA:0,UploadTicketView
FNDA:0,(anonymous_1)
FNDA:0,onTemplateChange
FNDA:0,onProjectChange
FNDA:0,onValueChange
FNDA:0,Icon
FNDA:0,(anonymous_6)
FNDA:0,onValueChange
FNDA:0,Icon
FNDA:0,(anonymous_9)
FNDA:0,onValueChange
FNDA:0,Icon
FNDA:0,(anonymous_12)
FNDA:0,onPress
FNDA:0,onPress
DA:1,0
DA:2,0
DA:3,0
DA:4,0
DA:5,0
DA:6,0
DA:7,0
DA:8,0
DA:9,0
DA:10,0
DA:11,0
DA:13,0
DA:15,0
DA:16,0
DA:17,0
DA:18,0
DA:19,0
DA:20,0
DA:21,0
DA:22,0
DA:23,0
DA:24,0
DA:25,0
DA:26,0
DA:28,0
DA:29,0
DA:32,0
DA:33,0
DA:34,0
DA:37,0
DA:38,0
DA:39,0
DA:40,0
DA:43,0
DA:57,0
DA:60,0
DA:61,0
DA:72,0
DA:75,0
DA:76,0
DA:88,0
DA:91,0
DA:92,0
DA:101,0
DA:109,0
DA:120,0
DA:148,0
LF:47
LH:0
BRDA:21,0,0,0
BRDA:21,0,1,0
BRDA:47,1,0,0
BRDA:47,1,1,0
BRDA:97,2,0,0
BRDA:97,2,1,0
BRDA:110,3,0,0
BRDA:110,3,1,0
BRDA:110,3,2,0
BRF:9
BRH:0
end_of_record
TN:
SF:G:\jasonproject\react_GSD\src\modules\home\HomeStyle.js
FNF:0
FNH:0
DA:1,0
DA:2,0
DA:4,0
DA:17,0
LF:4
LH:0
BRF:0
BRH:0
end_of_record
TN:
SF:G:\jasonproject\react_GSD\src\modules\home\HomeView.js
FN:19,HomeIconButton
FN:28,HomeScreen
FN:29,(anonymous_2)
FN:35,(anonymous_3)
FN:43,onPress
FNF:5
FNH:0
FNDA:0,HomeIconButton
FNDA:0,HomeScreen
FNDA:0,(anonymous_2)
FNDA:0,(anonymous_3)
FNDA:0,onPress
DA:1,0
DA:2,0
DA:9,0
DA:10,0
DA:12,0
DA:13,0
DA:14,0
DA:15,0
DA:16,0
DA:17,0
DA:19,0
DA:20,0
DA:29,0
DA:30,0
DA:35,0
DA:44,0
DA:45,0
DA:47,0
LF:18
LH:0
BRDA:36,0,0,0
BRDA:36,0,1,0
BRDA:44,1,0,0
BRDA:44,1,1,0
BRF:4
BRH:0
end_of_record
TN:
SF:G:\jasonproject\react_GSD\src\modules\home\HomeViewContainer.js
FN:8,(anonymous_0)
FN:11,(anonymous_1)
FN:12,loadData
FN:12,loadData$
FN:16,componentDidMount
FNF:5
FNH:0
FNDA:0,(anonymous_0)
FNDA:0,(anonymous_1)
FNDA:0,loadData
FNDA:0,loadData$
FNDA:0,componentDidMount
DA:1,0
DA:2,0
DA:3,0
DA:4,0
DA:6,0
DA:8,0
DA:11,0
DA:12,0
DA:17,0
DA:21,0
LF:10
LH:0
BRDA:12,0,0,0
BRDA:12,0,1,0
BRDA:12,0,2,0
BRDA:12,0,3,0
BRF:4
BRH:0
end_of_record
TN:
SF:G:\jasonproject\react_GSD\src\modules\main\StartupView.js
FN:10,StartupScreen
FN:12,(anonymous_1)
FN:13,(anonymous_2)
FN:36,(anonymous_3)
FNF:4
FNH:0
FNDA:0,StartupScreen
FNDA:0,(anonymous_1)
FNDA:0,(anonymous_2)
FNDA:0,(anonymous_3)
DA:1,0
DA:2,0
DA:3,0
DA:4,0
DA:5,0
DA:6,0
DA:7,0
DA:8,0
DA:10,0
DA:11,0
DA:12,0
DA:13,0
DA:14,0
DA:16,0
DA:17,0
DA:19,0
DA:20,0
DA:21,0
DA:22,0
DA:24,0
DA:27,0
DA:28,0
DA:29,0
DA:33,0
DA:34,0
DA:35,0
DA:36,0
DA:37,0
DA:38,0
DA:40,0
DA:41,0
DA:43,0
DA:45,0
DA:48,0
DA:50,0
LF:35
LH:0
BRDA:16,0,0,0
BRDA:16,0,1,0
BRDA:16,1,0,0
BRDA:16,1,1,0
BRDA:19,2,0,0
BRDA:19,2,1,0
BRDA:19,3,0,0
BRDA:19,3,1,0
BRDA:19,3,2,0
BRDA:28,4,0,0
BRDA:28,4,1,0
BRDA:33,5,0,0
BRDA:33,5,1,0
BRDA:40,6,0,0
BRDA:40,6,1,0
BRF:15
BRH:0
end_of_record
TN:
SF:G:\jasonproject\react_GSD\src\modules\main\actions.js
FN:14,getDigest
FN:14,_callee
FN:14,_callee$
FN:16,_do
FN:17,success
FN:18,failed
FN:29,getSyncData
FN:29,_callee2
FN:29,_callee2$
FN:31,_do
FN:32,success
FN:33,failed
FN:45,updateTemplateData
FN:45,(anonymous_13)
FN:47,setData
FN:48,clearData
FNF:16
FNH:0
FNDA:0,getDigest
FNDA:0,_callee
FNDA:0,_callee$
FNDA:0,_do
FNDA:0,success
FNDA:0,failed
FNDA:0,getSyncData
FNDA:0,_callee2
FNDA:0,_callee2$
FNDA:0,_do
FNDA:0,success
FNDA:0,failed
FNDA:0,updateTemplateData
FNDA:0,(anonymous_13)
FNDA:0,setData
FNDA:0,clearData
DA:1,0
DA:8,0
DA:10,0
DA:11,0
DA:12,0
DA:14,0
DA:15,0
DA:16,0
DA:17,0
DA:18,0
DA:21,0
DA:22,0
DA:23,0
DA:25,0
DA:29,0
DA:30,0
DA:31,0
DA:32,0
DA:33,0
DA:36,0
DA:37,0
DA:38,0
DA:40,0
DA:41,0
DA:45,0
DA:46,0
DA:47,0
DA:48,0
DA:50,0
DA:51,0
DA:53,0
DA:55,0
LF:32
LH:0
BRDA:14,0,0,0
BRDA:14,0,1,0
BRDA:14,0,2,0
BRDA:14,0,3,0
BRDA:14,0,4,0
BRDA:29,1,0,0
BRDA:29,1,1,0
BRDA:29,1,2,0
BRDA:29,1,3,0
BRDA:29,1,4,0
BRF:10
BRH:0
end_of_record
TN:
SF:G:\jasonproject\react_GSD\src\modules\main\reducer.js
FN:2,ownKeys
FN:2,(anonymous_1)
FN:2,_objectSpread
FN:2,(anonymous_3)
FN:2,(anonymous_4)
FN:4,_default
FN:36,(anonymous_6)
FN:47,(anonymous_7)
FN:51,(anonymous_8)
FNF:9
FNH:0
FNDA:0,ownKeys
FNDA:0,(anonymous_1)
FNDA:0,_objectSpread
FNDA:0,(anonymous_3)
FNDA:0,(anonymous_4)
FNDA:0,_default
FNDA:0,(anonymous_6)
FNDA:0,(anonymous_7)
FNDA:0,(anonymous_8)
DA:1,0
DA:2,0
DA:4,0
DA:5,0
DA:7,0
DA:11,0
DA:12,0
DA:13,0
DA:19,0
DA:24,0
DA:29,0
DA:34,0
DA:35,0
DA:36,0
DA:43,0
DA:45,0
DA:46,0
DA:47,0
DA:51,0
DA:56,0
DA:59,0
DA:64,0
DA:68,0
DA:72,0
DA:77,0
DA:81,0
DA:86,0
DA:92,0
DA:98,0
DA:100,0
LF:30
LH:0
BRDA:2,0,0,0
BRDA:2,0,1,0
BRDA:2,1,0,0
BRDA:2,1,1,0
BRDA:2,2,0,0
BRDA:2,2,1,0
BRDA:2,3,0,0
BRDA:2,3,1,0
BRDA:2,4,0,0
BRDA:2,4,1,0
BRDA:4,5,0,0
BRDA:4,5,1,0
BRDA:4,6,0,0
BRDA:4,6,1,0
BRDA:4,7,0,0
BRDA:4,7,1,0
BRDA:5,8,0,0
BRDA:5,8,1,0
BRDA:5,8,2,0
BRDA:5,8,3,0
BRDA:5,8,4,0
BRDA:5,8,5,0
BRDA:5,8,6,0
BRDA:5,8,7,0
BRDA:11,9,0,0
BRDA:11,9,1,0
BRDA:14,10,0,0
BRDA:14,10,1,0
BRDA:20,11,0,0
BRDA:20,11,1,0
BRDA:25,12,0,0
BRDA:25,12,1,0
BRDA:30,13,0,0
BRDA:30,13,1,0
BRDA:34,14,0,0
BRDA:34,14,1,0
BRDA:45,15,0,0
BRDA:45,15,1,0
BRDA:60,16,0,0
BRDA:60,16,1,0
BRF:40
BRH:0
end_of_record
TN:
SF:G:\jasonproject\react_GSD\src\modules\navigation\Menu.js
FNF:0
FNH:0
DA:1,0
DA:2,0
DA:3,0
DA:4,0
DA:5,0
DA:6,0
DA:7,0
DA:8,0
DA:10,0
DA:13,0
DA:16,0
DA:27,0
LF:12
LH:0
BRF:0
BRH:0
end_of_record
TN:
SF:G:\jasonproject\react_GSD\src\modules\navigation\Navigator.js
FN:7,NavigatorView
FN:13,onNavigationStateChange
FNF:2
FNH:0
FNDA:0,NavigatorView
FNDA:0,onNavigationStateChange
DA:1,0
DA:4,0
DA:13,0
LF:3
LH:0
BRF:0
BRH:0
end_of_record
TN:
SF:G:\jasonproject\react_GSD\src\modules\navigation\RootNavigation.js
FN:47,transitionConfig
FN:53,screenInterpolator
FNF:2
FNH:0
FNDA:0,transitionConfig
FNDA:0,screenInterpolator
DA:1,0
DA:2,0
DA:3,0
DA:4,0
DA:5,0
DA:6,0
DA:7,0
DA:8,0
DA:9,0
DA:10,0
DA:11,0
DA:13,0
DA:47,0
DA:54,0
DA:55,0
DA:57,0
DA:58,0
DA:63,0
DA:68,0
DA:74,0
DA:85,0
DA:95,0
LF:22
LH:0
BRF:0
BRH:0
end_of_record
TN:
SF:G:\jasonproject\react_GSD\src\modules\profile\ProfileView.js
FN:13,ProfileScreen
FN:15,(anonymous_1)
FN:19,logoutHandler
FN:21,(anonymous_3)
FNF:4
FNH:0
FNDA:0,ProfileScreen
FNDA:0,(anonymous_1)
FNDA:0,logoutHandler
FNDA:0,(anonymous_3)
DA:1,0
DA:2,0
DA:3,0
DA:4,0
DA:5,0
DA:6,0
DA:7,0
DA:9,0
DA:10,0
DA:11,0
DA:13,0
DA:14,0
DA:15,0
DA:16,0
DA:17,0
DA:19,0
DA:20,0
DA:21,0
DA:22,0
DA:25,0
DA:51,0
DA:53,0
LF:22
LH:0
BRDA:16,0,0,0
BRDA:16,0,1,0
BRDA:16,1,0,0
BRDA:16,1,1,0
BRF:4
BRH:0
end_of_record
TN:
SF:G:\jasonproject\react_GSD\src\redux\reducer.js
FNF:0
FNH:0
DA:1,0
DA:4,0
DA:5,0
DA:6,0
DA:7,0
DA:9,0
DA:17,0
LF:7
LH:0
BRF:0
BRH:0
end_of_record
TN:
SF:G:\jasonproject\react_GSD\src\redux\store.js
FN:19,predicate
FNF:1
FNH:0
FNDA:0,predicate
DA:1,0
DA:2,0
DA:4,0
DA:5,0
DA:6,0
DA:7,0
DA:8,0
DA:9,0
DA:11,0
DA:19,0
DA:26,0
DA:32,0
DA:34,0
DA:41,0
DA:43,0
DA:44,0
LF:16
LH:0
BRDA:26,0,0,0
BRDA:26,0,1,0
BRDA:26,0,2,0
BRDA:26,0,3,0
BRF:4
BRH:0
end_of_record
TN:
SF:G:\jasonproject\react_GSD\src\styles\colors.js
FNF:0
FNH:0
DA:1,0
DA:28,0
LF:2
LH:0
BRF:0
BRH:0
end_of_record
TN:
SF:G:\jasonproject\react_GSD\src\styles\common.js
FNF:0
FNH:0
DA:1,0
DA:3,0
DA:5,0
DA:9,0
LF:4
LH:0
BRF:0
BRH:0
end_of_record
TN:
SF:G:\jasonproject\react_GSD\src\styles\fonts.js
FNF:0
FNH:0
DA:1,0
DA:5,0
LF:2
LH:0
BRF:0
BRH:0
end_of_record
TN:
SF:G:\jasonproject\react_GSD\src\styles\index.js
FN:1,get
FN:1,get
FN:1,get
FN:9,ownKeys
FN:9,(anonymous_4)
FN:9,_objectSpread
FN:9,(anonymous_6)
FN:9,(anonymous_7)
FN:125,scale
FNF:9
FNH:0
FNDA:0,get
FNDA:0,get
FNDA:0,get
FNDA:0,ownKeys
FNDA:0,(anonymous_4)
FNDA:0,_objectSpread
FNDA:0,(anonymous_6)
FNDA:0,(anonymous_7)
FNDA:0,scale
DA:1,0
DA:4,0
DA:5,0
DA:7,0
DA:8,0
DA:9,0
DA:11,0
DA:14,0
DA:16,0
DA:18,0
DA:121,0
DA:123,0
DA:125,0
LF:13
LH:0
BRDA:9,0,0,0
BRDA:9,0,1,0
BRDA:9,1,0,0
BRDA:9,1,1,0
BRDA:9,2,0,0
BRDA:9,2,1,0
BRDA:9,3,0,0
BRDA:9,3,1,0
BRDA:9,4,0,0
BRDA:9,4,1,0
BRF:10
BRH:0
end_of_record
TN:
SF:G:\jasonproject\react_GSD\src\themes\blue\colors.js
FNF:0
FNH:0
DA:1,0
DA:27,0
LF:2
LH:0
BRF:0
BRH:0
end_of_record
TN:
SF:G:\jasonproject\react_GSD\src\themes\classic\AuthView.js
FN:22,(anonymous_0)
FN:22,AuthScreen
FN:28,componentWillMount
FN:40,componentDidMount
FN:44,componentWillUnmount
FN:49,_keyboardDidShow
FN:54,_keyboardDidHide
FN:59,fadeIn
FN:79,render
FN:142,onPress
FN:153,onPress
FN:161,onPress
FN:169,onPress
FN:176,onPress
FNF:14
FNH:0
FNDA:0,(anonymous_0)
FNDA:0,AuthScreen
FNDA:0,componentWillMount
FNDA:0,componentDidMount
FNDA:0,componentWillUnmount
FNDA:0,_keyboardDidShow
FNDA:0,_keyboardDidHide
FNDA:0,fadeIn
FNDA:0,render
FNDA:0,onPress
FNDA:0,onPress
FNDA:0,onPress
FNDA:0,onPress
FNDA:0,onPress
DA:1,0
DA:2,0
DA:14,0
DA:15,0
DA:17,0
DA:22,0
DA:28,0
DA:32,0
DA:36,0
DA:43,0
DA:47,0
DA:48,0
DA:52,0
DA:53,0
DA:57,0
DA:58,0
DA:61,0
DA:62,0
DA:63,0
DA:81,0
DA:82,0
DA:84,0
DA:142,0
DA:153,0
DA:161,0
DA:169,0
DA:177,0
DA:178,0
DA:212,0
DA:215,0
LF:30
LH:0
BRDA:61,0,0,0
BRDA:61,0,1,0
BRDA:61,1,0,0
BRDA:61,1,1,0
BRDA:96,2,0,0
BRDA:96,2,1,0
BRDA:113,3,0,0
BRDA:113,3,1,0
BRDA:138,4,0,0
BRDA:138,4,1,0
BRDA:145,5,0,0
BRDA:145,5,1,0
BRDA:174,6,0,0
BRDA:174,6,1,0
BRDA:179,7,0,0
BRDA:179,7,1,0
BRDA:192,8,0,0
BRDA:192,8,1,0
BRDA:203,9,0,0
BRDA:203,9,1,0
BRDA:239,10,0,0
BRDA:239,10,1,0
BRF:22
BRH:0
end_of_record
TN:
SF:G:\jasonproject\react_GSD\src\themes\classic\GridsView.js
FN:15,ownKeys
FN:15,(anonymous_1)
FN:15,_objectSpread
FN:15,(anonymous_3)
FN:15,(anonymous_4)
FN:17,(anonymous_5)
FN:17,GridsScreen
FN:18,(anonymous_7)
FN:23,(anonymous_8)
FN:30,(anonymous_9)
FN:31,(anonymous_10)
FN:32,onPress
FN:62,(anonymous_12)
FN:66,onPress
FN:83,(anonymous_14)
FN:87,onPress
FN:115,render
FN:139,keyExtractor
FNF:18
FNH:0
FNDA:0,ownKeys
FNDA:0,(anonymous_1)
FNDA:0,_objectSpread
FNDA:0,(anonymous_3)
FNDA:0,(anonymous_4)
FNDA:0,(anonymous_5)
FNDA:0,GridsScreen
FNDA:0,(anonymous_7)
FNDA:0,(anonymous_8)
FNDA:0,(anonymous_9)
FNDA:0,(anonymous_10)
FNDA:0,onPress
FNDA:0,(anonymous_12)
FNDA:0,onPress
FNDA:0,(anonymous_14)
FNDA:0,onPress
FNDA:0,render
FNDA:0,keyExtractor
DA:1,0
DA:2,0
DA:12,0
DA:13,0
DA:15,0
DA:17,0
DA:18,0
DA:20,0
DA:24,0
DA:28,0
DA:31,0
DA:32,0
DA:55,0
DA:60,0
DA:62,0
DA:66,0
DA:78,0
DA:83,0
DA:87,0
DA:115,0
DA:122,0
DA:124,0
DA:128,0
DA:139,0
DA:153,0
DA:156,0
LF:26
LH:0
BRDA:15,0,0,0
BRDA:15,0,1,0
BRDA:15,1,0,0
BRDA:15,1,1,0
BRDA:15,2,0,0
BRDA:15,2,1,0
BRDA:15,3,0,0
BRDA:15,3,1,0
BRDA:15,4,0,0
BRDA:15,4,1,0
BRDA:100,5,0,0
BRDA:100,5,1,0
BRDA:104,6,0,0
BRDA:104,6,1,0
BRDA:124,7,0,0
BRDA:124,7,1,0
BRDA:140,8,0,0
BRDA:140,8,1,0
BRDA:142,9,0,0
BRDA:142,9,1,0
BRDA:220,10,0,0
BRDA:220,10,1,0
BRF:22
BRH:0
end_of_record
TN:
SF:G:\jasonproject\react_GSD\src\themes\classic\HomeView.js
FN:12,HomeScreen
FN:54,onPress
FNF:2
FNH:0
FNDA:0,HomeScreen
FNDA:0,onPress
DA:1,0
DA:2,0
DA:9,0
DA:10,0
DA:12,0
DA:15,0
DA:54,0
DA:71,0
LF:8
LH:0
BRDA:49,0,0,0
BRDA:49,0,1,0
BRDA:55,1,0,0
BRDA:55,1,1,0
BRDA:59,2,0,0
BRDA:59,2,1,0
BRF:6
BRH:0
end_of_record
TN:
SF:G:\jasonproject\react_GSD\src\themes\classic\colors.js
FNF:0
FNH:0
DA:1,0
DA:30,0
LF:2
LH:0
BRF:0
BRH:0
end_of_record
TN:
SF:G:\jasonproject\react_GSD\src\themes\dark\AuthView.js
FN:22,(anonymous_0)
FN:22,AuthScreen
FN:28,componentWillMount
FN:40,componentDidMount
FN:44,componentWillUnmount
FN:49,_keyboardDidShow
FN:54,_keyboardDidHide
FN:59,fadeIn
FN:79,render
FN:142,onPress
FN:154,onPress
FN:163,onPress
FN:172,onPress
FN:179,onPress
FNF:14
FNH:0
FNDA:0,(anonymous_0)
FNDA:0,AuthScreen
FNDA:0,componentWillMount
FNDA:0,componentDidMount
FNDA:0,componentWillUnmount
FNDA:0,_keyboardDidShow
FNDA:0,_keyboardDidHide
FNDA:0,fadeIn
FNDA:0,render
FNDA:0,onPress
FNDA:0,onPress
FNDA:0,onPress
FNDA:0,onPress
FNDA:0,onPress
DA:1,0
DA:2,0
DA:14,0
DA:15,0
DA:17,0
DA:22,0
DA:28,0
DA:32,0
DA:36,0
DA:43,0
DA:47,0
DA:48,0
DA:52,0
DA:53,0
DA:57,0
DA:58,0
DA:61,0
DA:62,0
DA:63,0
DA:81,0
DA:82,0
DA:84,0
DA:142,0
DA:154,0
DA:163,0
DA:172,0
DA:180,0
DA:181,0
DA:215,0
DA:218,0
LF:30
LH:0
BRDA:61,0,0,0
BRDA:61,0,1,0
BRDA:61,1,0,0
BRDA:61,1,1,0
BRDA:96,2,0,0
BRDA:96,2,1,0
BRDA:113,3,0,0
BRDA:113,3,1,0
BRDA:138,4,0,0
BRDA:138,4,1,0
BRDA:145,5,0,0
BRDA:145,5,1,0
BRDA:177,6,0,0
BRDA:177,6,1,0
BRDA:182,7,0,0
BRDA:182,7,1,0
BRDA:195,8,0,0
BRDA:195,8,1,0
BRDA:206,9,0,0
BRDA:206,9,1,0
BRDA:241,10,0,0
BRDA:241,10,1,0
BRF:22
BRH:0
end_of_record
TN:
SF:G:\jasonproject\react_GSD\src\themes\dark\CalendarView.js
FN:8,(anonymous_0)
FN:8,CalendarScreen
FN:8,rowHasChanged
FN:11,renderEmptyDate
FN:19,renderItem
FN:24,(anonymous_5)
FN:60,render
FNF:7
FNH:0
FNDA:0,(anonymous_0)
FNDA:0,CalendarScreen
FNDA:0,rowHasChanged
FNDA:0,renderEmptyDate
FNDA:0,renderItem
FNDA:0,(anonymous_5)
FNDA:0,render
DA:1,0
DA:2,0
DA:3,0
DA:4,0
DA:6,0
DA:8,0
DA:10,0
DA:14,0
DA:23,0
DA:24,0
DA:38,0
DA:63,0
DA:65,0
DA:84,0
DA:87,0
DA:110,0
LF:16
LH:0
BRDA:23,0,0,0
BRDA:23,0,1,0
BRDA:30,1,0,0
BRDA:30,1,1,0
BRF:4
BRH:0
end_of_record
TN:
SF:G:\jasonproject\react_GSD\src\themes\dark\ComponentsView.js
FN:7,ownKeys
FN:7,(anonymous_1)
FN:7,_objectSpread
FN:7,(anonymous_3)
FN:7,(anonymous_4)
FN:9,ComponentsScreen
FN:22,onChange
FN:40,onChange
FN:54,onPress
FN:60,onPress
FN:67,onPress
FN:74,onPress
FN:81,onPress
FN:88,onPress
FN:96,onPress
FN:104,onPress
FN:117,onPress
FN:127,onPress
FN:137,onPress
FN:147,onPress
FN:157,onPress
FN:167,onPress
FN:340,onSelect
FNF:23
FNH:0
FNDA:0,ownKeys
FNDA:0,(anonymous_1)
FNDA:0,_objectSpread
FNDA:0,(anonymous_3)
FNDA:0,(anonymous_4)
FNDA:0,ComponentsScreen
FNDA:0,onChange
FNDA:0,onChange
FNDA:0,onPress
FNDA:0,onPress
FNDA:0,onPress
FNDA:0,onPress
FNDA:0,onPress
FNDA:0,onPress
FNDA:0,onPress
FNDA:0,onPress
FNDA:0,onPress
FNDA:0,onPress
FNDA:0,onPress
FNDA:0,onPress
FNDA:0,onPress
FNDA:0,onPress
FNDA:0,onSelect
DA:1,0
DA:2,0
DA:4,0
DA:5,0
DA:7,0
DA:10,0
DA:22,0
DA:40,0
DA:348,0
LF:9
LH:0
BRDA:7,0,0,0
BRDA:7,0,1,0
BRDA:7,1,0,0
BRDA:7,1,1,0
BRDA:7,2,0,0
BRDA:7,2,1,0
BRDA:7,3,0,0
BRDA:7,3,1,0
BRDA:7,4,0,0
BRDA:7,4,1,0
BRF:10
BRH:0
end_of_record
TN:
SF:G:\jasonproject\react_GSD\src\themes\dark\GridsView.js
FN:15,ownKeys
FN:15,(anonymous_1)
FN:15,_objectSpread
FN:15,(anonymous_3)
FN:15,(anonymous_4)
FN:17,(anonymous_5)
FN:17,GridsScreen
FN:18,(anonymous_7)
FN:23,(anonymous_8)
FN:30,(anonymous_9)
FN:31,(anonymous_10)
FN:32,onPress
FN:62,(anonymous_12)
FN:66,onPress
FN:83,(anonymous_14)
FN:87,onPress
FN:115,render
FN:140,keyExtractor
FNF:18
FNH:0
FNDA:0,ownKeys
FNDA:0,(anonymous_1)
FNDA:0,_objectSpread
FNDA:0,(anonymous_3)
FNDA:0,(anonymous_4)
FNDA:0,(anonymous_5)
FNDA:0,GridsScreen
FNDA:0,(anonymous_7)
FNDA:0,(anonymous_8)
FNDA:0,(anonymous_9)
FNDA:0,(anonymous_10)
FNDA:0,onPress
FNDA:0,(anonymous_12)
FNDA:0,onPress
FNDA:0,(anonymous_14)
FNDA:0,onPress
FNDA:0,render
FNDA:0,keyExtractor
DA:1,0
DA:2,0
DA:12,0
DA:13,0
DA:15,0
DA:17,0
DA:18,0
DA:20,0
DA:24,0
DA:28,0
DA:31,0
DA:32,0
DA:55,0
DA:60,0
DA:62,0
DA:66,0
DA:78,0
DA:83,0
DA:87,0
DA:115,0
DA:122,0
DA:124,0
DA:128,0
DA:140,0
DA:154,0
DA:157,0
LF:26
LH:0
BRDA:15,0,0,0
BRDA:15,0,1,0
BRDA:15,1,0,0
BRDA:15,1,1,0
BRDA:15,2,0,0
BRDA:15,2,1,0
BRDA:15,3,0,0
BRDA:15,3,1,0
BRDA:15,4,0,0
BRDA:15,4,1,0
BRDA:100,5,0,0
BRDA:100,5,1,0
BRDA:104,6,0,0
BRDA:104,6,1,0
BRDA:124,7,0,0
BRDA:124,7,1,0
BRDA:141,8,0,0
BRDA:141,8,1,0
BRDA:143,9,0,0
BRDA:143,9,1,0
BRDA:223,10,0,0
BRDA:223,10,1,0
BRF:22
BRH:0
end_of_record
TN:
SF:G:\jasonproject\react_GSD\src\themes\dark\HomeView.js
FN:12,HomeScreen
FN:53,onPress
FNF:2
FNH:0
FNDA:0,HomeScreen
FNDA:0,onPress
DA:1,0
DA:2,0
DA:9,0
DA:10,0
DA:12,0
DA:14,0
DA:53,0
DA:70,0
LF:8
LH:0
BRDA:48,0,0,0
BRDA:48,0,1,0
BRDA:54,1,0,0
BRDA:54,1,1,0
BRDA:58,2,0,0
BRDA:58,2,1,0
BRF:6
BRH:0
end_of_record
TN:
SF:G:\jasonproject\react_GSD\src\themes\dark\MainTabNavigator.js
FN:111,defaultNavigationOptions
FN:113,tabBarIcon
FNF:2
FNH:0
FNDA:0,defaultNavigationOptions
FNDA:0,tabBarIcon
DA:1,0
DA:2,0
DA:3,0
DA:4,0
DA:6,0
DA:8,0
DA:9,0
DA:10,0
DA:11,0
DA:12,0
DA:22,0
DA:57,0
DA:111,0
DA:113,0
DA:114,0
DA:116,0
DA:118,0
DA:119,0
DA:121,0
DA:122,0
DA:124,0
DA:125,0
DA:127,0
DA:128,0
DA:130,0
DA:131,0
DA:133,0
DA:135,0
DA:155,0
LF:29
LH:0
BRDA:116,0,0,0
BRDA:116,0,1,0
BRDA:116,0,2,0
BRDA:116,0,3,0
BRDA:116,0,4,0
BRDA:116,0,5,0
BRDA:140,1,0,0
BRDA:140,1,1,0
BRF:8
BRH:0
end_of_record
TN:
SF:G:\jasonproject\react_GSD\src\themes\dark\PagesView.js
FN:12,PagesScreen
FN:17,onPress
FN:29,onPress
FN:41,onPress
FN:55,onPress
FN:67,onPress
FN:79,onPress
FNF:7
FNH:0
FNDA:0,PagesScreen
FNDA:0,onPress
FNDA:0,onPress
FNDA:0,onPress
FNDA:0,onPress
FNDA:0,onPress
FNDA:0,onPress
DA:1,0
DA:2,0
DA:4,0
DA:13,0
DA:17,0
DA:29,0
DA:41,0
DA:55,0
DA:67,0
DA:79,0
DA:95,0
LF:11
LH:0
BRF:0
BRH:0
end_of_record
TN:
SF:G:\jasonproject\react_GSD\src\themes\dark\colors.js
FNF:0
FNH:0
DA:1,0
DA:34,0
LF:2
LH:0
BRF:0
BRH:0
end_of_record
TN:
SF:G:\jasonproject\react_GSD\src\themes\fancy\colors.js
FNF:0
FNH:0
DA:1,0
DA:29,0
LF:2
LH:0
BRF:0
BRH:0
end_of_record
TN:
SF:G:\jasonproject\react_GSD\src\themes\material\AuthView.js
FN:22,(anonymous_0)
FN:22,AuthScreen
FN:28,componentWillMount
FN:40,componentDidMount
FN:44,componentWillUnmount
FN:49,_keyboardDidShow
FN:54,_keyboardDidHide
FN:59,fadeIn
FN:79,render
FN:142,onPress
FN:152,onPress
FN:159,onPress
FN:166,onPress
FN:173,onPress
FNF:14
FNH:0
FNDA:0,(anonymous_0)
FNDA:0,AuthScreen
FNDA:0,componentWillMount
FNDA:0,componentDidMount
FNDA:0,componentWillUnmount
FNDA:0,_keyboardDidShow
FNDA:0,_keyboardDidHide
FNDA:0,fadeIn
FNDA:0,render
FNDA:0,onPress
FNDA:0,onPress
FNDA:0,onPress
FNDA:0,onPress
FNDA:0,onPress
DA:1,0
DA:2,0
DA:14,0
DA:15,0
DA:17,0
DA:22,0
DA:28,0
DA:32,0
DA:36,0
DA:43,0
DA:47,0
DA:48,0
DA:52,0
DA:53,0
DA:57,0
DA:58,0
DA:61,0
DA:62,0
DA:63,0
DA:81,0
DA:82,0
DA:84,0
DA:142,0
DA:152,0
DA:159,0
DA:166,0
DA:174,0
DA:175,0
DA:209,0
DA:212,0
LF:30
LH:0
BRDA:61,0,0,0
BRDA:61,0,1,0
BRDA:61,1,0,0
BRDA:61,1,1,0
BRDA:96,2,0,0
BRDA:96,2,1,0
BRDA:113,3,0,0
BRDA:113,3,1,0
BRDA:138,4,0,0
BRDA:138,4,1,0
BRDA:145,5,0,0
BRDA:145,5,1,0
BRDA:171,6,0,0
BRDA:171,6,1,0
BRDA:176,7,0,0
BRDA:176,7,1,0
BRDA:189,8,0,0
BRDA:189,8,1,0
BRDA:200,9,0,0
BRDA:200,9,1,0
BRDA:235,10,0,0
BRDA:235,10,1,0
BRF:22
BRH:0
end_of_record
TN:
SF:G:\jasonproject\react_GSD\src\themes\material\GridsView.js
FN:15,ownKeys
FN:15,(anonymous_1)
FN:15,_objectSpread
FN:15,(anonymous_3)
FN:15,(anonymous_4)
FN:17,(anonymous_5)
FN:17,GridsScreen
FN:18,(anonymous_7)
FN:23,(anonymous_8)
FN:30,(anonymous_9)
FN:31,(anonymous_10)
FN:32,onPress
FN:62,(anonymous_12)
FN:66,onPress
FN:83,(anonymous_14)
FN:87,onPress
FN:115,render
FN:139,keyExtractor
FNF:18
FNH:0
FNDA:0,ownKeys
FNDA:0,(anonymous_1)
FNDA:0,_objectSpread
FNDA:0,(anonymous_3)
FNDA:0,(anonymous_4)
FNDA:0,(anonymous_5)
FNDA:0,GridsScreen
FNDA:0,(anonymous_7)
FNDA:0,(anonymous_8)
FNDA:0,(anonymous_9)
FNDA:0,(anonymous_10)
FNDA:0,onPress
FNDA:0,(anonymous_12)
FNDA:0,onPress
FNDA:0,(anonymous_14)
FNDA:0,onPress
FNDA:0,render
FNDA:0,keyExtractor
DA:1,0
DA:2,0
DA:12,0
DA:13,0
DA:15,0
DA:17,0
DA:18,0
DA:20,0
DA:24,0
DA:28,0
DA:31,0
DA:32,0
DA:55,0
DA:60,0
DA:62,0
DA:66,0
DA:78,0
DA:83,0
DA:87,0
DA:115,0
DA:122,0
DA:124,0
DA:128,0
DA:139,0
DA:153,0
DA:156,0
LF:26
LH:0
BRDA:15,0,0,0
BRDA:15,0,1,0
BRDA:15,1,0,0
BRDA:15,1,1,0
BRDA:15,2,0,0
BRDA:15,2,1,0
BRDA:15,3,0,0
BRDA:15,3,1,0
BRDA:15,4,0,0
BRDA:15,4,1,0
BRDA:100,5,0,0
BRDA:100,5,1,0
BRDA:104,6,0,0
BRDA:104,6,1,0
BRDA:124,7,0,0
BRDA:124,7,1,0
BRDA:140,8,0,0
BRDA:140,8,1,0
BRDA:142,9,0,0
BRDA:142,9,1,0
BRDA:220,10,0,0
BRDA:220,10,1,0
BRF:22
BRH:0
end_of_record
TN:
SF:G:\jasonproject\react_GSD\src\themes\material\HomeView.js
FN:12,HomeScreen
FN:54,onPress
FNF:2
FNH:0
FNDA:0,HomeScreen
FNDA:0,onPress
DA:1,0
DA:2,0
DA:9,0
DA:10,0
DA:12,0
DA:15,0
DA:54,0
DA:71,0
LF:8
LH:0
BRDA:49,0,0,0
BRDA:49,0,1,0
BRDA:55,1,0,0
BRDA:55,1,1,0
BRDA:59,2,0,0
BRDA:59,2,1,0
BRF:6
BRH:0
end_of_record
TN:
SF:G:\jasonproject\react_GSD\src\themes\material\colors.js
FNF:0
FNH:0
DA:1,0
DA:30,0
LF:2
LH:0
BRF:0
BRH:0
end_of_record
TN:
SF:G:\jasonproject\react_GSD\src\themes\red\colors.js
FNF:0
FNH:0
DA:1,0
DA:27,0
LF:2
LH:0
BRF:0
BRH:0
end_of_record
TN:
SF:G:\jasonproject\react_GSD\src\translations\index.js
FNF:0
FNH:0
DA:1,0
DA:2,0
DA:4,0
DA:5,0
DA:7,0
DA:9,0
DA:11,0
DA:13,0
DA:14,0
DA:15,0
DA:17,0
LF:11
LH:0
BRDA:9,0,0,0
BRDA:9,0,1,0
BRF:2
BRH:0
end_of_record
TN:
SF:G:\jasonproject\react_GSD\src\types\endpoints.js
FN:88,transformEndpoints
FNF:1
FNH:0
FNDA:0,transformEndpoints
DA:1,0
DA:2,0
DA:4,0
DA:85,0
DA:88,0
DA:90,0
DA:92,0
LF:7
LH:0
BRF:0
BRH:0
end_of_record
TN:
SF:G:\jasonproject\react_GSD\src\utils\actions.js
FN:1,ownKeys
FN:1,(anonymous_1)
FN:1,_objectSpread
FN:1,(anonymous_3)
FN:1,(anonymous_4)
FN:2,createTypes
FN:8,createSetTypes
FN:13,createAction
FN:18,transformNetworkError
FNF:9
FNH:0
FNDA:0,ownKeys
FNDA:0,(anonymous_1)
FNDA:0,_objectSpread
FNDA:0,(anonymous_3)
FNDA:0,(anonymous_4)
FNDA:0,createTypes
FNDA:0,createSetTypes
FNDA:0,createAction
FNDA:0,transformNetworkError
DA:1,0
DA:2,0
DA:6,0
DA:8,0
DA:10,0
DA:13,0
DA:15,0
DA:18,0
DA:19,0
DA:20,0
DA:26,0
DA:30,0
LF:12
LH:0
BRDA:1,0,0,0
BRDA:1,0,1,0
BRDA:1,1,0,0
BRDA:1,1,1,0
BRDA:1,2,0,0
BRDA:1,2,1,0
BRDA:1,3,0,0
BRDA:1,3,1,0
BRDA:1,4,0,0
BRDA:1,4,1,0
BRDA:19,5,0,0
BRDA:19,5,1,0
BRDA:28,6,0,0
BRDA:28,6,1,0
BRF:14
BRH:0
end_of_record
TN:
SF:G:\jasonproject\react_GSD\src\utils\analyse.js
FN:12,offlineDataCheck
FNF:1
FNH:0
FNDA:0,offlineDataCheck
DA:1,0
DA:2,0
DA:3,0
DA:12,0
LF:4
LH:0
BRF:0
BRH:0
end_of_record
TN:
SF:G:\jasonproject\react_GSD\src\utils\geolocation.js
FN:3,getCurrentLocation
FNF:1
FNH:0
FNDA:0,getCurrentLocation
DA:1,0
LF:1
LH:0
BRF:0
BRH:0
end_of_record
TN:
SF:G:\jasonproject\react_GSD\src\utils\helper.js
FN:2,isEmpty
FNF:1
FNH:0
FNDA:0,isEmpty
DA:1,0
DA:2,0
DA:3,0
DA:4,0
LF:4
LH:0
BRF:0
BRH:0
end_of_record
TN:
SF:G:\jasonproject\react_GSD\src\utils\misc.js
FN:5,permisionsCheck
FN:11,(anonymous_1)
FN:20,geolocationPermisionsCheck
FN:32,(anonymous_3)
FN:44,evaluate
FN:48,markBackgroundHeader
FN:48,markBackgroundHeader$
FN:65,markBackgroundFooter
FN:65,markBackgroundFooter$
FN:82,markTextImage
FN:82,markTextImage$
FN:95,markIconImage
FN:95,markIconImage$
FN:107,waterMarkPicture
FN:107,waterMarkPicture$
FN:132,getCurrentLocation
FN:133,(anonymous_16)
FN:134,(anonymous_17)
FN:136,(anonymous_18)
FN:146,ConvertDMSToDD
FN:154,ParseLatLong
FN:159,cameraPermisionsCheck
FN:173,(anonymous_22)
FNF:23
FNH:0
FNDA:0,permisionsCheck
FNDA:0,(anonymous_1)
FNDA:0,geolocationPermisionsCheck
FNDA:0,(anonymous_3)
FNDA:0,evaluate
FNDA:0,markBackgroundHeader
FNDA:0,markBackgroundHeader$
FNDA:0,markBackgroundFooter
FNDA:0,markBackgroundFooter$
FNDA:0,markTextImage
FNDA:0,markTextImage$
FNDA:0,markIconImage
FNDA:0,markIconImage$
FNDA:0,waterMarkPicture
FNDA:0,waterMarkPicture$
FNDA:0,getCurrentLocation
FNDA:0,(anonymous_16)
FNDA:0,(anonymous_17)
FNDA:0,(anonymous_18)
FNDA:0,ConvertDMSToDD
FNDA:0,ParseLatLong
FNDA:0,cameraPermisionsCheck
FNDA:0,(anonymous_22)
DA:1,0
DA:2,0
DA:3,0
DA:5,0
DA:6,0
DA:7,0
DA:8,0
DA:16,0
DA:18,0
DA:20,0
DA:21,0
DA:22,0
DA:23,0
DA:33,0
DA:35,0
DA:40,0
DA:42,0
DA:44,0
DA:45,0
DA:48,0
DA:61,0
DA:65,0
DA:78,0
DA:82,0
DA:91,0
DA:95,0
DA:103,0
DA:107,0
DA:108,0
DA:109,0
DA:110,0
DA:111,0
DA:112,0
DA:113,0
DA:114,0
DA:115,0
DA:116,0
DA:117,0
DA:118,0
DA:119,0
DA:120,0
DA:121,0
DA:122,0
DA:123,0
DA:124,0
DA:125,0
DA:126,0
DA:127,0
DA:128,0
DA:129,0
DA:132,0
DA:133,0
DA:134,0
DA:135,0
DA:137,0
DA:144,0
DA:146,0
DA:147,0
DA:148,0
DA:149,0
DA:151,0
DA:154,0
DA:155,0
DA:156,0
DA:157,0
DA:159,0
DA:160,0
DA:161,0
DA:162,0
DA:174,0
DA:176,0
DA:181,0
DA:183,0
LF:73
LH:0
BRDA:7,0,0,0
BRDA:7,0,1,0
BRDA:22,1,0,0
BRDA:22,1,1,0
BRDA:33,2,0,0
BRDA:33,2,1,0
BRDA:48,3,0,0
BRDA:48,3,1,0
BRDA:48,3,2,0
BRDA:48,3,3,0
BRDA:65,4,0,0
BRDA:65,4,1,0
BRDA:65,4,2,0
BRDA:65,4,3,0
BRDA:82,5,0,0
BRDA:82,5,1,0
BRDA:82,5,2,0
BRDA:82,5,3,0
BRDA:88,6,0,0
BRDA:88,6,1,0
BRDA:95,7,0,0
BRDA:95,7,1,0
BRDA:95,7,2,0
BRDA:95,7,3,0
BRDA:100,8,0,0
BRDA:100,8,1,0
BRDA:107,9,0,0
BRDA:107,9,1,0
BRDA:107,9,2,0
BRDA:107,9,3,0
BRDA:107,9,4,0
BRDA:107,9,5,0
BRDA:107,9,6,0
BRDA:107,9,7,0
BRDA:107,9,8,0
BRDA:107,9,9,0
BRDA:107,9,10,0
BRDA:107,9,11,0
BRDA:107,9,12,0
BRDA:107,9,13,0
BRDA:107,9,14,0
BRDA:107,9,15,0
BRDA:107,9,16,0
BRDA:107,9,17,0
BRDA:107,9,18,0
BRDA:107,9,19,0
BRDA:107,9,20,0
BRDA:107,9,21,0
BRDA:107,9,22,0
BRDA:107,9,23,0
BRDA:107,9,24,0
BRDA:107,9,25,0
BRDA:107,9,26,0
BRDA:107,9,27,0
BRDA:107,9,28,0
BRDA:107,9,29,0
BRDA:107,9,30,0
BRDA:107,10,0,0
BRDA:107,10,1,0
BRDA:107,11,0,0
BRDA:107,11,1,0
BRDA:107,12,0,0
BRDA:107,12,1,0
BRDA:107,13,0,0
BRDA:107,13,1,0
BRDA:107,14,0,0
BRDA:107,14,1,0
BRDA:107,15,0,0
BRDA:107,15,1,0
BRDA:107,16,0,0
BRDA:107,16,1,0
BRDA:107,17,0,0
BRDA:107,17,1,0
BRDA:107,18,0,0
BRDA:107,18,1,0
BRDA:107,19,0,0
BRDA:107,19,1,0
BRDA:107,20,0,0
BRDA:107,20,1,0
BRDA:110,21,0,0
BRDA:110,21,1,0
BRDA:113,22,0,0
BRDA:113,22,1,0
BRDA:116,23,0,0
BRDA:116,23,1,0
BRDA:119,24,0,0
BRDA:119,24,1,0
BRDA:122,25,0,0
BRDA:122,25,1,0
BRDA:125,26,0,0
BRDA:125,26,1,0
BRDA:148,27,0,0
BRDA:148,27,1,0
BRDA:148,28,0,0
BRDA:148,28,1,0
BRDA:161,29,0,0
BRDA:161,29,1,0
BRDA:174,30,0,0
BRDA:174,30,1,0
BRF:99
BRH:0
end_of_record
TN:
SF:G:\jasonproject\react_GSD\src\utils\reducerUtils.js
FN:7,clearReducers
FN:7,clearReducers$
FNF:2
FNH:0
FNDA:0,clearReducers
FNDA:0,clearReducers$
DA:1,0
DA:3,0
DA:7,0
DA:8,0
DA:14,0
LF:5
LH:0
BRDA:7,0,0,0
BRDA:7,0,1,0
BRDA:7,0,2,0
BRDA:7,1,0,0
BRDA:7,1,1,0
BRDA:7,2,0,0
BRDA:7,2,1,0
BRDA:7,3,0,0
BRDA:7,3,1,0
BRF:9
BRH:0
end_of_record
TN:
SF:G:\jasonproject\react_GSD\src\utils\request.js
FN:4,parseJSON
FN:4,parseJSON$
FN:15,checkStaus
FN:31,responseErrorCallback
FN:34,request
FN:40,get
FN:51,getWithHeader
FN:62,getWithNoHeader
FN:72,post
FN:84,upload
FN:109,(anonymous_10)
FN:114,(anonymous_11)
FN:117,(anonymous_12)
FN:121,(anonymous_13)
FNF:14
FNH:0
FNDA:0,parseJSON
FNDA:0,parseJSON$
FNDA:0,checkStaus
FNDA:0,responseErrorCallback
FNDA:0,request
FNDA:0,get
FNDA:0,getWithHeader
FNDA:0,getWithNoHeader
FNDA:0,post
FNDA:0,upload
FNDA:0,(anonymous_10)
FNDA:0,(anonymous_11)
FNDA:0,(anonymous_12)
FNDA:0,(anonymous_13)
DA:1,0
DA:2,0
DA:4,0
DA:5,0
DA:6,0
DA:9,0
DA:11,0
DA:17,0
DA:18,0
DA:19,0
DA:20,0
DA:21,0
DA:22,0
DA:23,0
DA:25,0
DA:26,0
DA:27,0
DA:29,0
DA:32,0
DA:35,0
DA:41,0
DA:52,0
DA:63,0
DA:73,0
DA:86,0
DA:87,0
DA:88,0
DA:90,0
DA:92,0
DA:93,0
DA:94,0
DA:95,0
DA:96,0
DA:97,0
DA:103,0
DA:109,0
DA:110,0
DA:111,0
DA:112,0
DA:113,0
DA:114,0
DA:115,0
DA:117,0
DA:118,0
DA:119,0
DA:121,0
DA:122,0
DA:124,0
LF:48
LH:0
BRDA:4,0,0,0
BRDA:4,0,1,0
BRDA:4,0,2,0
BRDA:4,0,3,0
BRDA:4,0,4,0
BRDA:4,0,5,0
BRDA:4,1,0,0
BRDA:4,1,1,0
BRDA:17,2,0,0
BRDA:17,2,1,0
BRDA:17,3,0,0
BRDA:17,3,1,0
BRDA:19,4,0,0
BRDA:19,4,1,0
BRDA:21,5,0,0
BRDA:21,5,1,0
BRDA:25,6,0,0
BRDA:25,6,1,0
BRDA:46,7,0,0
BRDA:46,7,1,0
BRDA:57,8,0,0
BRDA:57,8,1,0
BRDA:78,9,0,0
BRDA:78,9,1,0
BRDA:87,10,0,0
BRDA:87,10,1,0
BRDA:94,11,0,0
BRDA:94,11,1,0
BRDA:111,12,0,0
BRDA:111,12,1,0
BRDA:112,13,0,0
BRDA:112,13,1,0
BRDA:121,14,0,0
BRDA:121,14,1,0
BRF:34
BRH:0
end_of_record
TN:
SF:G:\jasonproject\react_GSD\src\utils\storage.js
FN:3,LocalStorage
FN:4,_callee
FN:4,_callee$
FN:16,_callee2
FN:16,_callee2$
FNF:5
FNH:0
FNDA:0,LocalStorage
FNDA:0,_callee
FNDA:0,_callee$
FNDA:0,_callee2
FNDA:0,_callee2$
DA:1,0
DA:3,0
DA:4,0
DA:6,0
DA:7,0
DA:8,0
DA:10,0
DA:12,0
DA:16,0
DA:18,0
LF:10
LH:0
BRDA:4,0,0,0
BRDA:4,0,1,0
BRDA:4,0,2,0
BRDA:4,0,3,0
BRDA:4,0,4,0
BRDA:4,0,5,0
BRDA:6,1,0,0
BRDA:6,1,1,0
BRDA:16,2,0,0
BRDA:16,2,1,0
BRDA:16,2,2,0
BRDA:16,2,3,0
BRDA:16,2,4,0
BRF:13
BRH:0
end_of_record
TN:
SF:G:\jasonproject\react_GSD\src\utils\forms\input.js
FN:4,input
FNF:1
FNH:0
FNDA:0,input
DA:1,0
DA:2,0
DA:4,0
DA:5,0
DA:7,0
DA:9,0
DA:16,0
DA:18,0
DA:20,0
DA:23,0
DA:34,0
LF:11
LH:0
BRDA:7,0,0,0
BRDA:7,0,1,0
BRF:2
BRH:0
end_of_record
TN:
SF:G:\jasonproject\react_GSD\src\utils\forms\validationRules.js
FN:1,validation
FN:29,validateRequired
FN:36,validateEmail
FN:41,validateMinLength
FN:48,validateMaxLength
FN:55,validateConfirmPass
FNF:6
FNH:0
FNDA:0,validation
FNDA:0,validateRequired
FNDA:0,validateEmail
FNDA:0,validateMinLength
FNDA:0,validateMaxLength
FNDA:0,validateConfirmPass
DA:1,0
DA:2,0
DA:4,0
DA:5,0
DA:7,0
DA:8,0
DA:10,0
DA:11,0
DA:13,0
DA:14,0
DA:16,0
DA:17,0
DA:19,0
DA:20,0
DA:22,0
DA:26,0
DA:29,0
DA:30,0
DA:31,0
DA:33,0
DA:36,0
DA:37,0
DA:38,0
DA:41,0
DA:42,0
DA:43,0
DA:45,0
DA:48,0
DA:49,0
DA:50,0
DA:52,0
DA:55,0
DA:56,0
DA:59,0
LF:34
LH:0
BRDA:5,0,0,0
BRDA:5,0,1,0
BRDA:5,0,2,0
BRDA:5,0,3,0
BRDA:5,0,4,0
BRDA:5,0,5,0
BRDA:7,1,0,0
BRDA:7,1,1,0
BRDA:10,2,0,0
BRDA:10,2,1,0
BRDA:13,3,0,0
BRDA:13,3,1,0
BRDA:16,4,0,0
BRDA:16,4,1,0
BRDA:19,5,0,0
BRDA:19,5,1,0
BRDA:30,6,0,0
BRDA:30,6,1,0
BRDA:42,7,0,0
BRDA:42,7,1,0
BRDA:49,8,0,0
BRDA:49,8,1,0
BRF:22
BRH:0
end_of_record
